Read Time:           28.83609
Graph has 1073741824 nodes and 17179868903 undirected edges for degree: 15
Trial Time:          5.61712
Trial Time:          2.41254
Trial Time:          2.40914
Trial Time:          2.41095
Trial Time:          2.41120
Trial Time:          2.41059
Trial Time:          2.41212
Trial Time:          2.41120
Trial Time:          2.41281
Trial Time:          2.41183
Trial Time:          2.41085
Trial Time:          2.41276
Trial Time:          2.41209
Trial Time:          2.41210
Trial Time:          2.41291
Trial Time:          2.41250
Trial Time:          2.41250
Trial Time:          2.41145
Trial Time:          2.41388
Trial Time:          2.41383
Average Time:        2.57222
execution time 87.26 (s)
