Read Time:           66.34155
Graph has 1073741824 nodes and 17179868903 undirected edges for degree: 15
Trial Time:          14.56155
Trial Time:          14.08713
Trial Time:          12.89624
Trial Time:          11.56368
Trial Time:          9.74957
Trial Time:          8.53800
Trial Time:          7.89114
Trial Time:          8.65421
Trial Time:          9.09451
Trial Time:          9.11933
Trial Time:          8.79962
Trial Time:          8.81386
Trial Time:          9.16627
Trial Time:          8.96997
Trial Time:          8.95885
Trial Time:          8.81519
Trial Time:          8.51593
Trial Time:          8.59289
Trial Time:          8.65973
Trial Time:          8.70634
Average Time:        9.70770
execution time 268.75 (s)
