Read Time:           25.15253
Graph has 50636151 nodes and 1930292948 directed edges for degree: 38
Trial Time:          1.41705
Trial Time:          1.39334
Trial Time:          1.40579
Trial Time:          1.40045
Trial Time:          1.39110
Trial Time:          0.00972
Trial Time:          1.40144
Trial Time:          1.40413
Trial Time:          1.41221
Trial Time:          1.41166
Trial Time:          1.40777
Trial Time:          1.42021
Trial Time:          1.43730
Trial Time:          1.41159
Trial Time:          0.02670
Trial Time:          1.41148
Average Time:        1.23512
pid: 6291
execution time 45.02 (s)
