Read Time:           17.66339
Graph has 61578415 nodes and 1468364884 directed edges for degree: 23
Trial Time:          50.27084
Trial Time:          11.57464
Trial Time:          9.87657
Trial Time:          9.67199
Trial Time:          9.64664
Trial Time:          9.57720
Trial Time:          9.48730
Trial Time:          9.04900
Trial Time:          8.58103
Trial Time:          8.42749
Trial Time:          8.22097
Trial Time:          7.74530
Trial Time:          7.64323
Trial Time:          7.27202
Trial Time:          7.11909
Trial Time:          7.07274
Trial Time:          7.15888
Trial Time:          7.02942
Trial Time:          7.03737
Trial Time:          7.20329
Average Time:        10.48325
execution time 228.74 (s)
