Read Time:           53.35245
Graph has 50636151 nodes and 1930292948 directed edges for degree: 38
Trial Time:          2.64684
Trial Time:          2.48724
Trial Time:          2.50167
Trial Time:          2.48210
Trial Time:          2.45495
Trial Time:          0.01180
Trial Time:          2.43393
Trial Time:          2.44736
Trial Time:          2.44898
Trial Time:          2.46662
Trial Time:          2.46852
Trial Time:          2.47608
Trial Time:          2.47534
Trial Time:          2.46812
Trial Time:          0.04082
Trial Time:          2.44938
Average Time:        2.17248
execution time 89.27 (s)
