Read Time:           18.39524
Graph has 134217728 nodes and 2147483394 undirected edges for degree: 15
Trial Time:          47.18174
Trial Time:          40.99787
Trial Time:          39.31241
Trial Time:          39.15532
Trial Time:          40.07886
Trial Time:          39.70301
Trial Time:          40.21180
Trial Time:          38.21301
Trial Time:          38.37543
Trial Time:          40.53033
Trial Time:          39.47446
Trial Time:          39.48998
Trial Time:          39.83340
Trial Time:          39.82249
Trial Time:          39.77752
Trial Time:          40.13859
Trial Time:          39.16082
Trial Time:          40.33548
Trial Time:          39.84535
Trial Time:          39.54458
Average Time:        40.05912
execution time 820.59 (s)
