Read Time:           51.14946
Graph has 1073741824 nodes and 17179868903 undirected edges for degree: 15
Trial Time:          6.72152
Trial Time:          2.40072
Trial Time:          2.40095
Trial Time:          2.40008
Trial Time:          2.40184
Trial Time:          2.39804
Trial Time:          2.39902
Trial Time:          2.40043
Trial Time:          2.40085
Trial Time:          2.40115
Trial Time:          2.41422
Trial Time:          2.40469
Trial Time:          2.41447
Trial Time:          2.41443
Trial Time:          2.40677
Trial Time:          2.41560
Trial Time:          2.40179
Trial Time:          2.44326
Trial Time:          2.48392
Trial Time:          2.46252
Average Time:        2.62931
execution time 108.14 (s)
