Read Time:           15.83103
Graph has 61578415 nodes and 1468364884 directed edges for degree: 23
Trial Time:          23.41374
Trial Time:          19.97875
Trial Time:          16.43970
Trial Time:          15.67924
Trial Time:          14.39376
Trial Time:          13.48871
Trial Time:          12.06052
Trial Time:          11.03644
Trial Time:          10.51562
Trial Time:          9.26696
Trial Time:          9.07644
Trial Time:          8.14750
Trial Time:          7.45461
Trial Time:          7.51012
Trial Time:          7.02455
Trial Time:          6.63130
Trial Time:          6.69632
Trial Time:          6.68036
Trial Time:          6.30985
Trial Time:          6.26579
Average Time:        10.90351
execution time 234.56 (s)
