Preparing benchmark start...
train: no process found
perf: no process found
Date: 202401021002
---------Collaction 5559------------
Total threads used: 20
iter   1  #CD cycles 1
iter   2  #CD cycles 1
iter   3  #CD cycles 1
iter   4  #CD cycles 1
iter   5  #CD cycles 3
iter   6  #CD cycles 1
iter   7  #CD cycles 5
iter   8  #CD cycles 1
iter   9  #CD cycles 29
=========================
optimization finished, #iter = 9
Objective value = 23437745.398756
#nonzeros/#features = 439519/54686452
execution time 3233.03 (s)
[ perf record: Woken up 5 times to write data ]
Warning:
30 out of order events recorded.
BFD: warning: /home/cityu/.vscode-server/extensions/ms-vscode.cpptools-1.18.5-linux-x64/bin/cpptools: unsupported GNU_PROPERTY_TYPE (5) type: 0xc0010001
BFD: warning: /home/cityu/.vscode-server/extensions/ms-vscode.cpptools-1.18.5-linux-x64/bin/cpptools: unsupported GNU_PROPERTY_TYPE (5) type: 0xc0010002
[ perf record: Captured and wrote 8.968 MB /home/xmu/Documents/yi/results/liblinear0/stab1/perf.data (52737 samples) ]
perf: no process found
Preparing benchmark start...
train: no process found
perf: no process found
Date: 202401021058
---------Collaction 9575------------
Total threads used: 20
iter   1  #CD cycles 1
iter   2  #CD cycles 1
iter   3  #CD cycles 1
iter   4  #CD cycles 1
iter   5  #CD cycles 3
iter   6  #CD cycles 1
iter   7  #CD cycles 5
iter   8  #CD cycles 1
iter   9  #CD cycles 26
=========================
optimization finished, #iter = 9
Objective value = 23438752.375910
#nonzeros/#features = 440989/54686452
execution time 3128.92 (s)
[ perf record: Woken up 3 times to write data ]
Warning:
6 out of order events recorded.
BFD: warning: /home/cityu/.vscode-server/extensions/ms-vscode.cpptools-1.18.5-linux-x64/bin/cpptools: unsupported GNU_PROPERTY_TYPE (5) type: 0xc0010001
BFD: warning: /home/cityu/.vscode-server/extensions/ms-vscode.cpptools-1.18.5-linux-x64/bin/cpptools: unsupported GNU_PROPERTY_TYPE (5) type: 0xc0010002
[ perf record: Captured and wrote 7.851 MB /home/xmu/Documents/yi/results/liblinear0/stab2/perf.data (50473 samples) ]
perf: no process found
Preparing benchmark start...
train: no process found
perf: no process found
Date: 202401021152
---------Collaction 12787------------
Total threads used: 20
iter   1  #CD cycles 1
iter   2  #CD cycles 1
iter   3  #CD cycles 1
iter   4  #CD cycles 1
iter   5  #CD cycles 3
iter   6  #CD cycles 1
iter   7  #CD cycles 6
iter   8  #CD cycles 1
iter   9  #CD cycles 38
=========================
optimization finished, #iter = 9
Objective value = 23441668.922359
#nonzeros/#features = 438875/54686452
execution time 3662.11 (s)
[ perf record: Woken up 5 times to write data ]
BFD: warning: /home/cityu/.vscode-server/extensions/ms-vscode.cpptools-1.18.5-linux-x64/bin/cpptools: unsupported GNU_PROPERTY_TYPE (5) type: 0xc0010001
BFD: warning: /home/cityu/.vscode-server/extensions/ms-vscode.cpptools-1.18.5-linux-x64/bin/cpptools: unsupported GNU_PROPERTY_TYPE (5) type: 0xc0010002
BFD: warning: /home/cityu/.vscode-server/extensions/ms-vscode.cpptools-1.18.5-linux-x64/bin/cpptools-srv: unsupported GNU_PROPERTY_TYPE (5) type: 0xc0010001
BFD: warning: /home/cityu/.vscode-server/extensions/ms-vscode.cpptools-1.18.5-linux-x64/bin/cpptools-srv: unsupported GNU_PROPERTY_TYPE (5) type: 0xc0010002
[ perf record: Captured and wrote 9.871 MB /home/xmu/Documents/yi/results/liblinear0/stab3/perf.data (61906 samples) ]
perf: no process found
