Read Time:           47.41851
Graph has 50636151 nodes and 1930292948 directed edges for degree: 38
Trial Time:          5.60499
Trial Time:          4.55614
Trial Time:          4.27741
Trial Time:          4.09375
Trial Time:          3.98554
Trial Time:          0.01308
Trial Time:          3.95689
Trial Time:          3.89458
Trial Time:          3.86929
Trial Time:          3.79756
Trial Time:          3.76327
Trial Time:          3.80686
Trial Time:          3.72824
Trial Time:          3.70406
Trial Time:          0.08764
Trial Time:          3.69412
Average Time:        3.55209
execution time 106.06 (s)
