Read Time:           12.39130
Graph has 61578415 nodes and 1468364884 directed edges for degree: 23
Trial Time:          8.97442
Trial Time:          26.23346
Trial Time:          27.26465
Trial Time:          13.42430
Trial Time:          58.57697
Trial Time:          9.38191
Trial Time:          8.24452
Trial Time:          8.22352
Trial Time:          8.22098
Trial Time:          8.23557
Trial Time:          8.22698
Trial Time:          8.26325
Trial Time:          8.32376
Trial Time:          8.29825
Trial Time:          8.34207
Trial Time:          46.44451
Trial Time:          9.11474
Trial Time:          47.56567
Trial Time:          22.95331
Trial Time:          63.48038
Average Time:        20.38966
pid: 97234
execution time 420.25 (s)
