Read Time:           9.99763
Graph has 134217728 nodes and 2147483394 undirected edges for degree: 15
Trial Time:          0.86853
Trial Time:          0.91067
Trial Time:          0.84872
Trial Time:          0.86196
Trial Time:          0.87482
Trial Time:          0.87554
Trial Time:          0.85226
Trial Time:          0.85556
Trial Time:          0.84737
Trial Time:          0.85976
Trial Time:          0.84438
Trial Time:          0.83952
Trial Time:          0.84560
Trial Time:          0.84461
Trial Time:          0.84335
Trial Time:          0.84490
Trial Time:          0.86351
Trial Time:          0.84403
Trial Time:          0.84222
Trial Time:          0.85526
Average Time:        0.85613
execution time 28.95 (s)
