Read Time:           17.30736
Graph has 61578415 nodes and 1468364884 directed edges for degree: 23
Trial Time:          9.33197
Trial Time:          9.29697
Trial Time:          9.32194
Trial Time:          9.35529
Trial Time:          9.35046
Trial Time:          9.34476
Trial Time:          9.36244
Trial Time:          9.36527
Trial Time:          9.32917
Trial Time:          9.33691
Trial Time:          9.35747
Trial Time:          9.34335
Trial Time:          9.34531
Trial Time:          9.35565
Trial Time:          9.35624
Trial Time:          9.35029
Trial Time:          9.35200
Trial Time:          9.33984
Trial Time:          9.33966
Trial Time:          9.33400
Average Time:        9.34345
execution time 204.73 (s)
