Read Time:           17.15839
Graph has 134217728 nodes and 2147483394 undirected edges for degree: 15
Trial Time:          159.51929
Trial Time:          41.36295
Trial Time:          53.76472
Trial Time:          128.49517
Trial Time:          206.35913
Trial Time:          231.24004
Trial Time:          330.77798
Trial Time:          326.72125
Trial Time:          252.68119
Trial Time:          321.78655
Trial Time:          393.20090
Trial Time:          391.54147
Trial Time:          292.26045
Trial Time:          392.61686
Trial Time:          396.20068
Trial Time:          332.28570
Trial Time:          262.03754
Trial Time:          296.06902
Trial Time:          331.54820
Trial Time:          339.33965
Average Time:        273.99044
pid: 47501
execution time 5497.08 (s)
