Read Time:           14.29811
Graph has 61578415 nodes and 1468364884 directed edges for degree: 23
Trial Time:          8.15100
Trial Time:          8.20155
Trial Time:          18.63003
Trial Time:          56.52935
Trial Time:          37.19381
Trial Time:          26.92894
Trial Time:          8.16596
Trial Time:          8.06391
Trial Time:          8.08023
Trial Time:          8.03893
Trial Time:          8.06927
Trial Time:          8.06141
Trial Time:          8.07447
Trial Time:          8.06106
Trial Time:          8.08297
Trial Time:          8.10589
Trial Time:          8.06230
Trial Time:          8.07090
Trial Time:          8.08563
Trial Time:          8.08142
Average Time:        13.43695
pid: 104917
execution time 283.10 (s)
