Read Time:           79.17689
Graph has 1073741824 nodes and 17179868903 undirected edges for degree: 15
Trial Time:          7.37146
Trial Time:          3.16766
Trial Time:          3.17179
Trial Time:          3.16813
Trial Time:          3.16548
Trial Time:          3.16759
Trial Time:          3.16536
Trial Time:          3.16541
Trial Time:          3.16443
Trial Time:          3.17481
Trial Time:          3.20885
Trial Time:          3.30091
Trial Time:          3.13593
Trial Time:          3.13487
Trial Time:          3.09172
Trial Time:          3.12934
Trial Time:          3.12768
Trial Time:          3.13982
Trial Time:          3.14130
Trial Time:          3.12011
Average Time:        3.37063
execution time 150.67 (s)
