Read Time:           70.20237
Graph has 1073741824 nodes and 17179868903 undirected edges for degree: 15
Trial Time:          14.91715
Trial Time:          14.69419
Trial Time:          14.49482
Trial Time:          13.25869
Trial Time:          12.22445
Trial Time:          12.11935
Trial Time:          11.85601
Trial Time:          11.82275
Trial Time:          11.69976
Trial Time:          11.73061
Trial Time:          11.47012
Trial Time:          11.72783
Trial Time:          11.79422
Trial Time:          11.79597
Trial Time:          11.36452
Trial Time:          11.58835
Trial Time:          11.63353
Trial Time:          11.75461
Trial Time:          11.38257
Trial Time:          11.35645
Average Time:        12.23430
execution time 322.33 (s)
