Read Time:           56.17949
Graph has 50636151 nodes and 1930292948 directed edges for degree: 38
Trial Time:          11.78614
Trial Time:          10.05253
Trial Time:          8.23615
Trial Time:          7.70680
Trial Time:          8.17911
Trial Time:          0.01536
Trial Time:          7.25923
Trial Time:          7.00912
Trial Time:          6.97213
Trial Time:          6.91047
Trial Time:          6.98514
Trial Time:          6.95645
Trial Time:          6.90307
Trial Time:          6.89699
Trial Time:          0.08521
Trial Time:          6.96027
Average Time:        6.80714
execution time 166.99 (s)
