Read Time:           127.48234
Graph has 536870911 nodes and 8493563827 undirected edges for degree: 15
Trial Time:          3.32143
Trial Time:          2.15184
Trial Time:          0.31695
Trial Time:          1.45299
Trial Time:          1.49664
Trial Time:          1.54201
Trial Time:          1.46480
Trial Time:          1.56494
Trial Time:          1.27179
Trial Time:          1.23321
Trial Time:          0.32026
Trial Time:          2.09830
Trial Time:          2.12802
Trial Time:          0.31762
Trial Time:          0.31862
Trial Time:          0.31707
Average Time:        1.33228
pid: 10781
execution time 149.86 (s)
