Read Time:           42.95343
Graph has 50636151 nodes and 1930292948 directed edges for degree: 38
Trial Time:          22.96145
Trial Time:          13.34668
Trial Time:          8.58128
Trial Time:          7.56783
Trial Time:          6.38757
Trial Time:          0.00832
Trial Time:          6.92587
Trial Time:          6.49374
Trial Time:          6.20310
Trial Time:          6.34737
Trial Time:          6.68314
Trial Time:          7.09219
Trial Time:          5.27169
Trial Time:          5.06988
Trial Time:          0.09144
Trial Time:          4.80709
Average Time:        7.11492
execution time 158.65 (s)
