Read Time:           17.93846
Graph has 61578415 nodes and 1468364884 directed edges for degree: 23
Trial Time:          8.63138
Trial Time:          8.62070
Trial Time:          8.61330
Trial Time:          8.62507
Trial Time:          8.61759
Trial Time:          8.62618
Trial Time:          8.61416
Trial Time:          8.62034
Trial Time:          8.61115
Trial Time:          8.60949
Trial Time:          8.63687
Trial Time:          8.61887
Trial Time:          8.61757
Trial Time:          8.61266
Trial Time:          8.62178
Trial Time:          8.61020
Trial Time:          8.60936
Trial Time:          8.62458
Trial Time:          8.61722
Trial Time:          8.61734
Average Time:        8.61879
execution time 191.23 (s)
