Read Time:           30.61634
Graph has 1073741824 nodes and 17179868903 undirected edges for degree: 15
Trial Time:          8.15675
Trial Time:          5.31187
Trial Time:          5.20040
Trial Time:          5.04982
Trial Time:          5.03717
Trial Time:          5.09858
Trial Time:          6.57981
Trial Time:          7.69076
Trial Time:          8.70273
Trial Time:          8.32888
Trial Time:          9.05980
Trial Time:          8.95026
Trial Time:          10.67126
Trial Time:          11.49176
Trial Time:          11.33553
Trial Time:          13.27042
Trial Time:          8.87653
Trial Time:          6.57350
Trial Time:          5.33338
Trial Time:          4.93924
Average Time:        7.78292
execution time 195.46 (s)
