Read Time:           11.35691
Graph has 134217728 nodes and 2147483394 undirected edges for degree: 15
Trial Time:          53.10595
Trial Time:          54.33066
Trial Time:          52.53804
Trial Time:          52.10744
Trial Time:          53.43291
Trial Time:          53.21172
Trial Time:          54.72495
Trial Time:          51.08208
Trial Time:          51.28447
Trial Time:          53.83268
Trial Time:          52.68483
Trial Time:          53.05793
Trial Time:          54.34083
Trial Time:          53.06699
Trial Time:          53.01392
Trial Time:          53.52596
Trial Time:          52.70902
Trial Time:          55.13419
Trial Time:          53.16487
Trial Time:          52.70202
Average Time:        53.15257
pid: 50150
execution time 1076.01 (s)
