Read Time:           20.68854
Graph has 50636151 nodes and 1930292948 directed edges for degree: 38
Trial Time:          0.96201
Trial Time:          0.95080
Trial Time:          0.95615
Trial Time:          0.95081
Trial Time:          0.94680
Trial Time:          0.00639
Trial Time:          0.94705
Trial Time:          0.94735
Trial Time:          0.95102
Trial Time:          0.95072
Trial Time:          0.95044
Trial Time:          0.95447
Trial Time:          0.95358
Trial Time:          0.95259
Trial Time:          0.02402
Trial Time:          0.95905
Average Time:        0.83520
pid: 24226
execution time 34.49 (s)
