Read Time:           13.82046
Graph has 61578415 nodes and 1468364884 directed edges for degree: 23
Trial Time:          8.14721
Trial Time:          38.96900
Trial Time:          8.18411
Trial Time:          8.14928
Trial Time:          8.17880
Trial Time:          8.15937
Trial Time:          8.12070
Trial Time:          8.11844
Trial Time:          8.09599
Trial Time:          8.10096
Trial Time:          8.10601
Trial Time:          8.15170
Trial Time:          8.15173
Trial Time:          8.11705
Trial Time:          8.14351
Trial Time:          8.10401
Trial Time:          8.09198
Trial Time:          8.10239
Trial Time:          8.11946
Trial Time:          8.10049
Average Time:        9.67061
pid: 11257
execution time 207.28 (s)
