Read Time:           5.96048
Graph has 61578415 nodes and 1468364884 directed edges for degree: 23
Trial Time:          12.58039
Trial Time:          12.56030
Trial Time:          12.50124
Trial Time:          12.55821
Trial Time:          12.48006
Trial Time:          12.54010
Trial Time:          12.53981
Trial Time:          12.50894
Trial Time:          12.56643
Trial Time:          12.52293
Trial Time:          12.62960
Trial Time:          12.53502
Trial Time:          12.51190
Trial Time:          12.64225
Trial Time:          12.52687
Trial Time:          12.51377
Trial Time:          12.59457
Trial Time:          12.52826
Trial Time:          12.50602
Trial Time:          12.49731
Average Time:        12.54220
pid: 48672
execution time 257.68 (s)
