Read Time:           38.39109
Graph has 50636151 nodes and 1930292948 directed edges for degree: 38
Trial Time:          0.97524
Trial Time:          0.96364
Trial Time:          0.98714
Trial Time:          0.98332
Trial Time:          0.95220
Trial Time:          0.00939
Trial Time:          0.92741
Trial Time:          0.92971
Trial Time:          0.93085
Trial Time:          0.92976
Trial Time:          0.92581
Trial Time:          0.93256
Trial Time:          0.93137
Trial Time:          0.93186
Trial Time:          0.03585
Trial Time:          0.94601
Average Time:        0.83076
execution time 52.72 (s)
