Read Time:           21.34890
Graph has 61578415 nodes and 1468364884 directed edges for degree: 23
Trial Time:          8.63749
Trial Time:          8.58397
Trial Time:          8.58051
Trial Time:          9.16071
Trial Time:          9.16083
Trial Time:          9.01873
Trial Time:          9.07264
Trial Time:          8.88894
Trial Time:          8.82276
Trial Time:          8.85764
Trial Time:          8.87725
Trial Time:          8.72318
Trial Time:          8.81105
Trial Time:          8.71911
Trial Time:          8.73584
Trial Time:          9.30148
Trial Time:          8.77100
Trial Time:          8.58216
Trial Time:          8.57638
Trial Time:          8.58377
Average Time:        8.82327
execution time 198.42 (s)
