Preparing benchmark start...
train: no process found
perf: no process found
Date: 202401021518
---------Collaction 18933------------
Total threads used: 20
iter   1  #CD cycles 1
iter   2  #CD cycles 1
iter   3  #CD cycles 1
iter   4  #CD cycles 1
iter   5  #CD cycles 3
iter   6  #CD cycles 1
iter   7  #CD cycles 4
iter   8  #CD cycles 1
iter   9  #CD cycles 21
=========================
optimization finished, #iter = 9
Objective value = 23436676.595305
#nonzeros/#features = 441357/54686452
execution time 2840.82 (s)
[ perf record: Woken up 3 times to write data ]
[ perf record: Captured and wrote 7.065 MB /home/xmu/Documents/yi/results/liblinear62/stab1/perf.data (44539 samples) ]
perf: no process found
Preparing benchmark start...
train: no process found
perf: no process found
Date: 202401021608
---------Collaction 21889------------
Total threads used: 20
iter   1  #CD cycles 1
iter   2  #CD cycles 1
iter   3  #CD cycles 1
iter   4  #CD cycles 1
iter   5  #CD cycles 3
iter   6  #CD cycles 1
iter   7  #CD cycles 4
iter   8  #CD cycles 1
iter   9  #CD cycles 23
=========================
optimization finished, #iter = 9
Objective value = 23437837.348452
#nonzeros/#features = 441318/54686452
execution time 2955.82 (s)
[ perf record: Woken up 3 times to write data ]
Warning:
18 out of order events recorded.
[ perf record: Captured and wrote 7.263 MB /home/xmu/Documents/yi/results/liblinear62/stab2/perf.data (46581 samples) ]
perf: no process found
Preparing benchmark start...
train: no process found
perf: no process found
Date: 202401021659
---------Collaction 24912------------
Total threads used: 20
iter   1  #CD cycles 1
iter   2  #CD cycles 1
iter   3  #CD cycles 1
iter   4  #CD cycles 1
iter   5  #CD cycles 3
iter   6  #CD cycles 1
iter   7  #CD cycles 4
iter   8  #CD cycles 1
iter   9  #CD cycles 20
=========================
optimization finished, #iter = 9
Objective value = 23437372.497008
#nonzeros/#features = 441182/54686452
execution time 2810.67 (s)
[ perf record: Woken up 4 times to write data ]
Warning:
864 out of order events recorded.
[ perf record: Captured and wrote 7.683 MB /home/xmu/Documents/yi/results/liblinear62/stab3/perf.data (44128 samples) ]
perf: no process found
