Preparing benchmark start...
train: no process found
perf: no process found
Date: 202401011519
---------Collaction 14595------------
Total threads used: 20
iter   1  #CD cycles 1
iter   2  #CD cycles 1
iter   3  #CD cycles 1
iter   4  #CD cycles 1
iter   5  #CD cycles 3
iter   6  #CD cycles 1
iter   7  #CD cycles 4
iter   8  #CD cycles 1
iter   9  #CD cycles 26
=========================
optimization finished, #iter = 9
Objective value = 23438410.559070
#nonzeros/#features = 440208/54686452
execution time 1053.30 (s)
[ perf record: Woken up 1 times to write data ]
[ perf record: Captured and wrote 3.056 MB /home/xmu/Documents/yi/results/liblinear69/stab1/perf.data (12927 samples) ]
perf: no process found
Preparing benchmark start...
train: no process found
perf: no process found
Date: 202401011539
---------Collaction 15899------------
Total threads used: 20
iter   1  #CD cycles 1
iter   2  #CD cycles 1
iter   3  #CD cycles 1
iter   4  #CD cycles 1
iter   5  #CD cycles 3
iter   6  #CD cycles 1
iter   7  #CD cycles 5
iter   8  #CD cycles 1
iter   9  #CD cycles 28
=========================
optimization finished, #iter = 9
Objective value = 23438377.455511
#nonzeros/#features = 440358/54686452
execution time 1096.18 (s)
[ perf record: Woken up 1 times to write data ]
[ perf record: Captured and wrote 2.928 MB /home/xmu/Documents/yi/results/liblinear69/stab2/perf.data (13459 samples) ]
perf: no process found
Preparing benchmark start...
train: no process found
perf: no process found
Date: 202401012019
---------Collaction 26877------------
Total threads used: 20
iter   1  #CD cycles 1
iter   2  #CD cycles 1
iter   3  #CD cycles 1
iter   4  #CD cycles 1
iter   5  #CD cycles 3
iter   6  #CD cycles 1
iter   7  #CD cycles 4
iter   8  #CD cycles 1
iter   9  #CD cycles 20
=========================
optimization finished, #iter = 9
Objective value = 23437181.772371
#nonzeros/#features = 441983/54686452
execution time 1021.97 (s)
[ perf record: Woken up 1 times to write data ]
[ perf record: Captured and wrote 2.815 MB /home/xmu/Documents/yi/results/liblinear69/stab3/perf.data (12145 samples) ]
perf: no process found
Preparing benchmark start...
train: no process found
perf: no process found
Date: 202401012038
---------Collaction 27953------------
Total threads used: 20
iter   1  #CD cycles 1
iter   2  #CD cycles 1
iter   3  #CD cycles 1
iter   4  #CD cycles 1
iter   5  #CD cycles 3
iter   6  #CD cycles 1
iter   7  #CD cycles 6
iter   8  #CD cycles 1
iter   9  #CD cycles 43
=========================
optimization finished, #iter = 9
Objective value = 23441674.370013
#nonzeros/#features = 438726/54686452
execution time 1199.46 (s)
[ perf record: Woken up 1 times to write data ]
[ perf record: Captured and wrote 3.296 MB /home/xmu/Documents/yi/results/liblinear69/stab4/perf.data (15656 samples) ]
perf: no process found
Preparing benchmark start...
train: no process found
perf: no process found
Date: 202401012100
---------Collaction 29256------------
Total threads used: 20
iter   1  #CD cycles 1
iter   2  #CD cycles 1
iter   3  #CD cycles 1
iter   4  #CD cycles 1
iter   5  #CD cycles 3
iter   6  #CD cycles 1
iter   7  #CD cycles 5
iter   8  #CD cycles 1
iter   9  #CD cycles 38
=========================
optimization finished, #iter = 9
Objective value = 23441556.491635
#nonzeros/#features = 437892/54686452
execution time 1154.92 (s)
[ perf record: Woken up 1 times to write data ]
[ perf record: Captured and wrote 3.072 MB /home/xmu/Documents/yi/results/liblinear69/stab5/perf.data (14650 samples) ]
perf: no process found
