Read Time:           13.90523
Graph has 61578415 nodes and 1468364884 directed edges for degree: 23
Trial Time:          8.21834
Trial Time:          8.99435
Trial Time:          13.68721
Trial Time:          47.05978
Trial Time:          48.02866
Trial Time:          40.37855
Trial Time:          14.16396
Trial Time:          8.14496
Trial Time:          8.10742
Trial Time:          8.08010
Trial Time:          8.02659
Trial Time:          8.00514
Trial Time:          8.02001
Trial Time:          8.00344
Trial Time:          8.00435
Trial Time:          8.13117
Trial Time:          8.10742
Trial Time:          8.06013
Trial Time:          8.12769
Trial Time:          8.12666
Average Time:        14.27380
pid: 21355
execution time 299.44 (s)
