
OPENMP DISPLAY ENVIRONMENT BEGIN
  _OPENMP = '201511'
  [host] OMP_DYNAMIC = 'FALSE'
  [host] OMP_NESTED = 'FALSE'
  [host] OMP_NUM_THREADS = '20'
  [host] OMP_SCHEDULE = 'DYNAMIC'
  [host] OMP_PROC_BIND = 'FALSE'
  [host] OMP_PLACES = ''
  [host] OMP_STACKSIZE = '0'
  [host] OMP_WAIT_POLICY = 'PASSIVE'
  [host] OMP_THREAD_LIMIT = '4294967295'
  [host] OMP_MAX_ACTIVE_LEVELS = '1'
  [host] OMP_NUM_TEAMS = '0'
  [host] OMP_TEAMS_THREAD_LIMIT = '0'
  [all] OMP_CANCELLATION = 'FALSE'
  [all] OMP_DEFAULT_DEVICE = '0'
  [all] OMP_MAX_TASK_PRIORITY = '0'
  [all] OMP_DISPLAY_AFFINITY = 'TRUE'
  [host] OMP_AFFINITY_FORMAT = 'level %L thread %i affinity %A'
  [host] OMP_ALLOCATOR = 'omp_default_mem_alloc'
  [all] OMP_TARGET_OFFLOAD = 'DEFAULT'
  [host] GOMP_CPU_AFFINITY = ''
  [host] GOMP_STACKSIZE = '0'
  [host] GOMP_SPINCOUNT = '300000'
OPENMP DISPLAY ENVIRONMENT END
level 1 thread 0x7fc8c2746c00 affinity 0,2,4,6,8,10,12,14,16,18,20,22,24,26,28,30,32,34,36,38,40,42,44,46,48,50,52,54,56,58,60,62,64,66,68,70,72,74,76,78,80,82,84,86,88,90,92,94,96,98,100,102,104,106,108,110
level 1 thread 0x7fa4c10c2700 affinity 0,2,4,6,8,10,12,14,16,18,20,22,24,26,28,30,32,34,36,38,40,42,44,46,48,50,52,54,56,58,60,62,64,66,68,70,72,74,76,78,80,82,84,86,88,90,92,94,96,98,100,102,104,106,108,110
level 1 thread 0x7fa4c08c1700 affinity 0,2,4,6,8,10,12,14,16,18,20,22,24,26,28,30,32,34,36,38,40,42,44,46,48,50,52,54,56,58,60,62,64,66,68,70,72,74,76,78,80,82,84,86,88,90,92,94,96,98,100,102,104,106,108,110
level 1 thread 0x7fa4c00c0700 affinity 0,2,4,6,8,10,12,14,16,18,20,22,24,26,28,30,32,34,36,38,40,42,44,46,48,50,52,54,56,58,60,62,64,66,68,70,72,74,76,78,80,82,84,86,88,90,92,94,96,98,100,102,104,106,108,110
level 1 thread 0x7fa4bf8bf700 affinity 0,2,4,6,8,10,12,14,16,18,20,22,24,26,28,30,32,34,36,38,40,42,44,46,48,50,52,54,56,58,60,62,64,66,68,70,72,74,76,78,80,82,84,86,88,90,92,94,96,98,100,102,104,106,108,110
level 1 thread 0x7fa4bf0be700 affinity 0,2,4,6,8,10,12,14,16,18,20,22,24,26,28,30,32,34,36,38,40,42,44,46,48,50,52,54,56,58,60,62,64,66,68,70,72,74,76,78,80,82,84,86,88,90,92,94,96,98,100,102,104,106,108,110
level 1 thread 0x7fa4be8bd700 affinity 0,2,4,6,8,10,12,14,16,18,20,22,24,26,28,30,32,34,36,38,40,42,44,46,48,50,52,54,56,58,60,62,64,66,68,70,72,74,76,78,80,82,84,86,88,90,92,94,96,98,100,102,104,106,108,110
level 1 thread 0x7fa4be0bc700 affinity 0,2,4,6,8,10,12,14,16,18,20,22,24,26,28,30,32,34,36,38,40,42,44,46,48,50,52,54,56,58,60,62,64,66,68,70,72,74,76,78,80,82,84,86,88,90,92,94,96,98,100,102,104,106,108,110
level 1 thread 0x7fa4bd8bb700 affinity 0,2,4,6,8,10,12,14,16,18,20,22,24,26,28,30,32,34,36,38,40,42,44,46,48,50,52,54,56,58,60,62,64,66,68,70,72,74,76,78,80,82,84,86,88,90,92,94,96,98,100,102,104,106,108,110
level 1 thread 0x7fa4bd0ba700 affinity 0,2,4,6,8,10,12,14,16,18,20,22,24,26,28,30,32,34,36,38,40,42,44,46,48,50,52,54,56,58,60,62,64,66,68,70,72,74,76,78,80,82,84,86,88,90,92,94,96,98,100,102,104,106,108,110
level 1 thread 0x7fa4bc8b9700 affinity 0,2,4,6,8,10,12,14,16,18,20,22,24,26,28,30,32,34,36,38,40,42,44,46,48,50,52,54,56,58,60,62,64,66,68,70,72,74,76,78,80,82,84,86,88,90,92,94,96,98,100,102,104,106,108,110
level 1 thread 0x7fa4bc0b8700 affinity 0,2,4,6,8,10,12,14,16,18,20,22,24,26,28,30,32,34,36,38,40,42,44,46,48,50,52,54,56,58,60,62,64,66,68,70,72,74,76,78,80,82,84,86,88,90,92,94,96,98,100,102,104,106,108,110
level 1 thread 0x7fa4bb8b7700 affinity 0,2,4,6,8,10,12,14,16,18,20,22,24,26,28,30,32,34,36,38,40,42,44,46,48,50,52,54,56,58,60,62,64,66,68,70,72,74,76,78,80,82,84,86,88,90,92,94,96,98,100,102,104,106,108,110
level 1 thread 0x7fa4bb0b6700 affinity 0,2,4,6,8,10,12,14,16,18,20,22,24,26,28,30,32,34,36,38,40,42,44,46,48,50,52,54,56,58,60,62,64,66,68,70,72,74,76,78,80,82,84,86,88,90,92,94,96,98,100,102,104,106,108,110
level 1 thread 0x7fa4ba8b5700 affinity 0,2,4,6,8,10,12,14,16,18,20,22,24,26,28,30,32,34,36,38,40,42,44,46,48,50,52,54,56,58,60,62,64,66,68,70,72,74,76,78,80,82,84,86,88,90,92,94,96,98,100,102,104,106,108,110
level 1 thread 0x7fa4ba0b4700 affinity 0,2,4,6,8,10,12,14,16,18,20,22,24,26,28,30,32,34,36,38,40,42,44,46,48,50,52,54,56,58,60,62,64,66,68,70,72,74,76,78,80,82,84,86,88,90,92,94,96,98,100,102,104,106,108,110
level 1 thread 0x7fa4b98b3700 affinity 0,2,4,6,8,10,12,14,16,18,20,22,24,26,28,30,32,34,36,38,40,42,44,46,48,50,52,54,56,58,60,62,64,66,68,70,72,74,76,78,80,82,84,86,88,90,92,94,96,98,100,102,104,106,108,110
level 1 thread 0x7fa4b90b2700 affinity 0,2,4,6,8,10,12,14,16,18,20,22,24,26,28,30,32,34,36,38,40,42,44,46,48,50,52,54,56,58,60,62,64,66,68,70,72,74,76,78,80,82,84,86,88,90,92,94,96,98,100,102,104,106,108,110
level 1 thread 0x7fa4b88b1700 affinity 0,2,4,6,8,10,12,14,16,18,20,22,24,26,28,30,32,34,36,38,40,42,44,46,48,50,52,54,56,58,60,62,64,66,68,70,72,74,76,78,80,82,84,86,88,90,92,94,96,98,100,102,104,106,108,110
level 1 thread 0x7fa4b80b0700 affinity 0,2,4,6,8,10,12,14,16,18,20,22,24,26,28,30,32,34,36,38,40,42,44,46,48,50,52,54,56,58,60,62,64,66,68,70,72,74,76,78,80,82,84,86,88,90,92,94,96,98,100,102,104,106,108,110
Read Time:           32.46801
Graph has 1073741824 nodes and 17179868903 undirected edges for degree: 15
Trial Time:          4.92516
Trial Time:          4.88238
Trial Time:          4.87615
Trial Time:          4.88104
Trial Time:          4.87210
Trial Time:          4.87931
Trial Time:          5.02305
Trial Time:          5.06072
Trial Time:          4.71199
Trial Time:          4.59526
Trial Time:          4.60066
Trial Time:          4.60320
Trial Time:          4.61778
Trial Time:          4.62897
Trial Time:          4.60242
Trial Time:          4.59870
Trial Time:          4.59241
Trial Time:          4.59408
Trial Time:          4.59886
Trial Time:          4.60501
Average Time:        4.73746
execution_time 127.63 (s)
