Read Time:           9.08193
Graph has 134217728 nodes and 2147483394 undirected edges for degree: 15
Trial Time:          39.45413
Trial Time:          41.07014
Trial Time:          39.38310
Trial Time:          39.25585
Trial Time:          40.21448
Trial Time:          39.85230
Trial Time:          40.44641
Trial Time:          38.24761
Trial Time:          38.41736
Trial Time:          40.75968
Trial Time:          39.63680
Trial Time:          39.65181
Trial Time:          39.98024
Trial Time:          40.00308
Trial Time:          39.91162
Trial Time:          40.36568
Trial Time:          39.29087
Trial Time:          40.59296
Trial Time:          40.09134
Trial Time:          39.73370
Average Time:        39.81796
pid: 38282
execution time 805.50 (s)
