
OPENMP DISPLAY ENVIRONMENT BEGIN
  _OPENMP = '201511'
  [host] OMP_DYNAMIC = 'FALSE'
  [host] OMP_NESTED = 'FALSE'
  [host] OMP_NUM_THREADS = '20'
  [host] OMP_SCHEDULE = 'DYNAMIC'
  [host] OMP_PROC_BIND = 'FALSE'
  [host] OMP_PLACES = ''
  [host] OMP_STACKSIZE = '0'
  [host] OMP_WAIT_POLICY = 'PASSIVE'
  [host] OMP_THREAD_LIMIT = '4294967295'
  [host] OMP_MAX_ACTIVE_LEVELS = '1'
  [host] OMP_NUM_TEAMS = '0'
  [host] OMP_TEAMS_THREAD_LIMIT = '0'
  [all] OMP_CANCELLATION = 'FALSE'
  [all] OMP_DEFAULT_DEVICE = '0'
  [all] OMP_MAX_TASK_PRIORITY = '0'
  [all] OMP_DISPLAY_AFFINITY = 'TRUE'
  [host] OMP_AFFINITY_FORMAT = 'level %L thread %i affinity %A'
  [host] OMP_ALLOCATOR = 'omp_default_mem_alloc'
  [all] OMP_TARGET_OFFLOAD = 'DEFAULT'
  [host] GOMP_CPU_AFFINITY = ''
  [host] GOMP_STACKSIZE = '0'
  [host] GOMP_SPINCOUNT = '300000'
OPENMP DISPLAY ENVIRONMENT END
level 1 thread 0x7fdb080e4c00 affinity 0,2,4,6,8,10,12,14,16,18,20,22,24,26,28,30,32,34,36,38,40,42,44,46,48,50,52,54,56,58,60,62,64,66,68,70,72,74,76,78,80,82,84,86,88,90,92,94,96,98,100,102,104,106,108,110
level 1 thread 0x7fd1c7a05700 affinity 0,2,4,6,8,10,12,14,16,18,20,22,24,26,28,30,32,34,36,38,40,42,44,46,48,50,52,54,56,58,60,62,64,66,68,70,72,74,76,78,80,82,84,86,88,90,92,94,96,98,100,102,104,106,108,110
level 1 thread 0x7fd1c7204700 affinity 0,2,4,6,8,10,12,14,16,18,20,22,24,26,28,30,32,34,36,38,40,42,44,46,48,50,52,54,56,58,60,62,64,66,68,70,72,74,76,78,80,82,84,86,88,90,92,94,96,98,100,102,104,106,108,110
level 1 thread 0x7fd1c6a03700 affinity 0,2,4,6,8,10,12,14,16,18,20,22,24,26,28,30,32,34,36,38,40,42,44,46,48,50,52,54,56,58,60,62,64,66,68,70,72,74,76,78,80,82,84,86,88,90,92,94,96,98,100,102,104,106,108,110
level 1 thread 0x7fd1c6202700 affinity 0,2,4,6,8,10,12,14,16,18,20,22,24,26,28,30,32,34,36,38,40,42,44,46,48,50,52,54,56,58,60,62,64,66,68,70,72,74,76,78,80,82,84,86,88,90,92,94,96,98,100,102,104,106,108,110
level 1 thread 0x7fd1c5a01700 affinity 0,2,4,6,8,10,12,14,16,18,20,22,24,26,28,30,32,34,36,38,40,42,44,46,48,50,52,54,56,58,60,62,64,66,68,70,72,74,76,78,80,82,84,86,88,90,92,94,96,98,100,102,104,106,108,110
level 1 thread 0x7fd1c5200700 affinity 0,2,4,6,8,10,12,14,16,18,20,22,24,26,28,30,32,34,36,38,40,42,44,46,48,50,52,54,56,58,60,62,64,66,68,70,72,74,76,78,80,82,84,86,88,90,92,94,96,98,100,102,104,106,108,110
level 1 thread 0x7fd1c49ff700 affinity 0,2,4,6,8,10,12,14,16,18,20,22,24,26,28,30,32,34,36,38,40,42,44,46,48,50,52,54,56,58,60,62,64,66,68,70,72,74,76,78,80,82,84,86,88,90,92,94,96,98,100,102,104,106,108,110
level 1 thread 0x7fd1c41fe700 affinity 0,2,4,6,8,10,12,14,16,18,20,22,24,26,28,30,32,34,36,38,40,42,44,46,48,50,52,54,56,58,60,62,64,66,68,70,72,74,76,78,80,82,84,86,88,90,92,94,96,98,100,102,104,106,108,110
level 1 thread 0x7fc93208d700 affinity 0,2,4,6,8,10,12,14,16,18,20,22,24,26,28,30,32,34,36,38,40,42,44,46,48,50,52,54,56,58,60,62,64,66,68,70,72,74,76,78,80,82,84,86,88,90,92,94,96,98,100,102,104,106,108,110
level 1 thread 0x7fc93188c700 affinity 0,2,4,6,8,10,12,14,16,18,20,22,24,26,28,30,32,34,36,38,40,42,44,46,48,50,52,54,56,58,60,62,64,66,68,70,72,74,76,78,80,82,84,86,88,90,92,94,96,98,100,102,104,106,108,110
level 1 thread 0x7fc93108b700 affinity 0,2,4,6,8,10,12,14,16,18,20,22,24,26,28,30,32,34,36,38,40,42,44,46,48,50,52,54,56,58,60,62,64,66,68,70,72,74,76,78,80,82,84,86,88,90,92,94,96,98,100,102,104,106,108,110
level 1 thread 0x7fc93088a700 affinity 0,2,4,6,8,10,12,14,16,18,20,22,24,26,28,30,32,34,36,38,40,42,44,46,48,50,52,54,56,58,60,62,64,66,68,70,72,74,76,78,80,82,84,86,88,90,92,94,96,98,100,102,104,106,108,110
level 1 thread 0x7fc930089700 affinity 0,2,4,6,8,10,12,14,16,18,20,22,24,26,28,30,32,34,36,38,40,42,44,46,48,50,52,54,56,58,60,62,64,66,68,70,72,74,76,78,80,82,84,86,88,90,92,94,96,98,100,102,104,106,108,110
level 1 thread 0x7fc92f888700 affinity 0,2,4,6,8,10,12,14,16,18,20,22,24,26,28,30,32,34,36,38,40,42,44,46,48,50,52,54,56,58,60,62,64,66,68,70,72,74,76,78,80,82,84,86,88,90,92,94,96,98,100,102,104,106,108,110
level 1 thread 0x7fc92f087700 affinity 0,2,4,6,8,10,12,14,16,18,20,22,24,26,28,30,32,34,36,38,40,42,44,46,48,50,52,54,56,58,60,62,64,66,68,70,72,74,76,78,80,82,84,86,88,90,92,94,96,98,100,102,104,106,108,110
level 1 thread 0x7fc92e886700 affinity 0,2,4,6,8,10,12,14,16,18,20,22,24,26,28,30,32,34,36,38,40,42,44,46,48,50,52,54,56,58,60,62,64,66,68,70,72,74,76,78,80,82,84,86,88,90,92,94,96,98,100,102,104,106,108,110
level 1 thread 0x7fc92e085700 affinity 0,2,4,6,8,10,12,14,16,18,20,22,24,26,28,30,32,34,36,38,40,42,44,46,48,50,52,54,56,58,60,62,64,66,68,70,72,74,76,78,80,82,84,86,88,90,92,94,96,98,100,102,104,106,108,110
level 1 thread 0x7fc92d884700 affinity 0,2,4,6,8,10,12,14,16,18,20,22,24,26,28,30,32,34,36,38,40,42,44,46,48,50,52,54,56,58,60,62,64,66,68,70,72,74,76,78,80,82,84,86,88,90,92,94,96,98,100,102,104,106,108,110
level 1 thread 0x7fc92d083700 affinity 0,2,4,6,8,10,12,14,16,18,20,22,24,26,28,30,32,34,36,38,40,42,44,46,48,50,52,54,56,58,60,62,64,66,68,70,72,74,76,78,80,82,84,86,88,90,92,94,96,98,100,102,104,106,108,110
Total threads used: 20
iter   1  #CD cycles 1
iter   2  #CD cycles 1
iter   3  #CD cycles 1
iter   4  #CD cycles 1
iter   5  #CD cycles 3
iter   6  #CD cycles 1
iter   7  #CD cycles 5
iter   8  #CD cycles 1
iter   9  #CD cycles 30
=========================
optimization finished, #iter = 9
Objective value = 23439308.719283
#nonzeros/#features = 439376/54686452
execution_time 1305.49 (s)
