Read Time:           44.03300
Graph has 1073741824 nodes and 17179868903 undirected edges for degree: 15
Trial Time:          17.68704
Trial Time:          17.69773
Trial Time:          19.35418
Trial Time:          19.77239
Trial Time:          17.85871
Trial Time:          17.68428
Trial Time:          18.80010
Trial Time:          18.94453
Trial Time:          17.86094
Trial Time:          18.43581
Trial Time:          17.61618
Trial Time:          16.18330
Trial Time:          17.74779
Trial Time:          18.42599
Trial Time:          17.63409
Trial Time:          17.61398
Trial Time:          17.58493
Trial Time:          17.59489
Trial Time:          17.60210
Trial Time:          17.62297
Average Time:        17.98610
pid: 7730
execution time 404.14 (s)
