Read Time:           13.00217
Graph has 134217728 nodes and 2147483394 undirected edges for degree: 15
Trial Time:          28.62875
Trial Time:          29.71666
Trial Time:          28.37472
Trial Time:          28.13153
Trial Time:          29.02760
Trial Time:          28.59513
Trial Time:          29.15176
Trial Time:          27.39421
Trial Time:          27.44998
Trial Time:          29.27369
Trial Time:          28.41821
Trial Time:          28.46294
Trial Time:          28.63446
Trial Time:          28.73584
Trial Time:          28.66239
Trial Time:          29.01251
Trial Time:          28.16560
Trial Time:          29.02800
Trial Time:          28.61371
Trial Time:          28.25963
Average Time:        28.58687
execution time 586.40 (s)
