Read Time:           8.56760
Graph has 134217728 nodes and 2147483394 undirected edges for degree: 15
Trial Time:          39.46736
Trial Time:          41.09626
Trial Time:          39.39450
Trial Time:          39.21452
Trial Time:          40.21641
Trial Time:          39.86655
Trial Time:          40.40887
Trial Time:          38.24566
Trial Time:          38.40930
Trial Time:          40.78792
Trial Time:          39.62752
Trial Time:          39.66487
Trial Time:          40.01505
Trial Time:          40.01513
Trial Time:          39.91422
Trial Time:          40.35133
Trial Time:          39.30119
Trial Time:          40.57945
Trial Time:          40.04289
Trial Time:          39.71776
Average Time:        39.81684
pid: 41156
execution time 804.97 (s)
