Read Time:           39.47794
Graph has 1073741824 nodes and 17179868903 undirected edges for degree: 15
Trial Time:          7.76780
Trial Time:          4.42314
Trial Time:          5.35785
Trial Time:          4.30723
Trial Time:          4.29274
Trial Time:          4.18091
Trial Time:          3.57673
Trial Time:          4.05401
Trial Time:          7.89380
Trial Time:          8.13998
Trial Time:          8.51842
Trial Time:          8.50563
Trial Time:          8.49529
Trial Time:          8.49647
Trial Time:          8.49698
Trial Time:          8.47559
Trial Time:          8.50104
Trial Time:          8.48948
Trial Time:          8.49008
Trial Time:          8.48506
Average Time:        6.94741
pid: 54950
execution time 184.93 (s)
