Read Time:           14.28605
Graph has 61578415 nodes and 1468364884 directed edges for degree: 23
Trial Time:          12.75796
Trial Time:          35.49279
Trial Time:          42.03690
Trial Time:          20.49763
Trial Time:          47.14338
Trial Time:          69.77255
Trial Time:          69.94052
Trial Time:          67.97239
Trial Time:          68.61139
Trial Time:          8.21128
Trial Time:          8.18969
Trial Time:          8.20049
Trial Time:          8.19253
Trial Time:          8.19446
Trial Time:          8.20250
Trial Time:          8.19062
Trial Time:          8.18332
Trial Time:          8.18688
Trial Time:          8.20126
Trial Time:          8.19072
Average Time:        26.21846
pid: 42104
execution time 538.71 (s)
