Read Time:           24.95784
Graph has 50636151 nodes and 1930292948 directed edges for degree: 38
Trial Time:          2.22855
Trial Time:          2.15434
Trial Time:          2.18869
Trial Time:          2.17426
Trial Time:          1.76263
Trial Time:          0.15645
Trial Time:          2.14296
Trial Time:          2.15204
Trial Time:          2.14275
Trial Time:          2.15958
Trial Time:          2.16251
Trial Time:          2.18373
Trial Time:          2.19519
Trial Time:          2.19217
Trial Time:          0.17861
Trial Time:          2.15628
Average Time:        1.89567
pid: 35827
execution time 55.37 (s)
