Read Time:           5.99866
Graph has 61578415 nodes and 1468364884 directed edges for degree: 23
Trial Time:          12.81037
Trial Time:          12.81161
Trial Time:          12.73980
Trial Time:          12.73194
Trial Time:          12.64491
Trial Time:          12.60678
Trial Time:          12.60533
Trial Time:          12.62145
Trial Time:          12.52992
Trial Time:          12.45882
Trial Time:          12.51852
Trial Time:          12.69546
Trial Time:          12.45392
Trial Time:          12.44345
Trial Time:          12.44530
Trial Time:          12.55172
Trial Time:          12.60841
Trial Time:          12.51840
Trial Time:          12.50078
Trial Time:          12.68870
Average Time:        12.59928
pid: 48363
execution time 258.79 (s)
