Read Time:           26.16111
Graph has 61578415 nodes and 1468364884 directed edges for degree: 23
Trial Time:          117.53432
Trial Time:          117.14920
Trial Time:          117.25542
Trial Time:          117.06556
Trial Time:          117.34498
Trial Time:          117.53483
Trial Time:          117.52668
Trial Time:          117.07318
Trial Time:          117.30877
Trial Time:          117.29897
Trial Time:          117.40534
Trial Time:          117.17209
Trial Time:          116.82251
Trial Time:          117.06458
Trial Time:          116.90648
Trial Time:          117.18837
Trial Time:          117.06984
Trial Time:          117.28029
Trial Time:          117.03248
Trial Time:          117.49593
Average Time:        117.22649
execution time 2371.74 (s)
