Read Time:           128.00511
Graph has 536870911 nodes and 8493563827 undirected edges for degree: 15
Trial Time:          6.42265
Trial Time:          4.03504
Trial Time:          0.47244
Trial Time:          2.59962
Trial Time:          2.71430
Trial Time:          3.88995
Trial Time:          7.07245
Trial Time:          5.38794
Trial Time:          2.50362
Trial Time:          1.78721
Trial Time:          0.33027
Trial Time:          3.71457
Trial Time:          2.34668
Trial Time:          0.31188
Trial Time:          0.31199
Trial Time:          0.31360
Trial Time:          1.91323
Trial Time:          0.31919
Trial Time:          1.62631
Trial Time:          1.88280
Average Time:        2.49779
pid: 13164
execution time 178.38 (s)
