Read Time:           14.54551
Graph has 61578415 nodes and 1468364884 directed edges for degree: 23
Trial Time:          23.69169
Trial Time:          10.46638
Trial Time:          9.87928
Trial Time:          9.84816
Trial Time:          9.80159
Trial Time:          9.78336
Trial Time:          9.86126
Trial Time:          9.87711
Trial Time:          9.87327
Trial Time:          9.93517
Trial Time:          10.00231
Trial Time:          9.74230
Trial Time:          9.67143
Trial Time:          9.98029
Trial Time:          10.11013
Trial Time:          9.76346
Trial Time:          10.08996
Trial Time:          10.06061
Trial Time:          9.98966
Trial Time:          10.03028
Average Time:        10.62288
pid: 8178
execution time 227.07 (s)
