Read Time:           8.16548
Graph has 61578415 nodes and 1468364884 directed edges for degree: 23
Trial Time:          69.38717
Trial Time:          8.12525
Trial Time:          8.19774
Trial Time:          8.16182
Trial Time:          8.22339
Trial Time:          8.19882
Trial Time:          8.20155
Trial Time:          8.21280
Trial Time:          8.32476
Trial Time:          8.14292
Trial Time:          8.14414
Trial Time:          8.23481
Trial Time:          8.18792
Trial Time:          8.18438
Trial Time:          8.20863
Trial Time:          8.24941
Trial Time:          8.18296
Trial Time:          8.24501
Trial Time:          8.20887
Trial Time:          8.15829
Average Time:        11.25903
pid: 63126
execution time 233.40 (s)
