Read Time:           29.20038
Graph has 134217728 nodes and 2147483394 undirected edges for degree: 15
Trial Time:          119.14551
Trial Time:          44.49285
Trial Time:          51.10221
Trial Time:          46.70698
Trial Time:          58.35598
Trial Time:          40.22674
Trial Time:          202.49982
Trial Time:          279.18294
Trial Time:          71.32965
Trial Time:          42.83888
Trial Time:          66.61443
Trial Time:          106.60342
Trial Time:          256.28948
Trial Time:          263.38818
Trial Time:          126.62705
Trial Time:          213.74749
Trial Time:          268.28523
Trial Time:          240.79032
Trial Time:          324.34613
Trial Time:          346.24939
Average Time:        158.44113
pid: 69222
execution time 3198.13 (s)
