Read Time:           9.98561
Graph has 134217728 nodes and 2147483394 undirected edges for degree: 15
Trial Time:          0.86986
Trial Time:          0.88533
Trial Time:          0.85827
Trial Time:          0.85378
Trial Time:          0.85927
Trial Time:          0.85634
Trial Time:          0.86611
Trial Time:          0.89285
Trial Time:          0.85512
Trial Time:          0.85717
Trial Time:          0.86322
Trial Time:          0.86804
Trial Time:          0.85415
Trial Time:          0.88060
Trial Time:          0.85250
Trial Time:          0.85403
Trial Time:          0.84660
Trial Time:          0.84595
Trial Time:          0.85429
Trial Time:          0.86497
Average Time:        0.86192
execution time 29.05 (s)
