Read Time:           12.89979
Graph has 134217728 nodes and 2147483394 undirected edges for degree: 15
Trial Time:          271.71711
Trial Time:          95.08386
Trial Time:          98.23571
Trial Time:          79.83968
Trial Time:          161.49857
Trial Time:          112.58507
Trial Time:          94.77999
Trial Time:          136.44842
Trial Time:          201.02525
Trial Time:          244.47535
Trial Time:          228.69495
Trial Time:          137.19624
Trial Time:          135.72222
Trial Time:          208.95714
Trial Time:          272.23683
Trial Time:          322.64806
Trial Time:          265.39528
Trial Time:          381.60672
Trial Time:          374.40254
Trial Time:          205.84244
Average Time:        201.41957
pid: 54085
execution time 4041.40 (s)
