Read Time:           55.03436
Graph has 50636151 nodes and 1930292948 directed edges for degree: 38
Trial Time:          3.70487
Trial Time:          1.48606
Trial Time:          1.49619
Trial Time:          1.48195
Trial Time:          1.47688
Trial Time:          0.00971
Trial Time:          1.48327
Trial Time:          1.50134
Trial Time:          1.48371
Trial Time:          1.48427
Trial Time:          1.48178
Trial Time:          1.48461
Trial Time:          1.48388
Trial Time:          1.48516
Trial Time:          0.03828
Trial Time:          1.49728
Average Time:        1.44245
execution time 79.26 (s)
