Read Time:           76.04623
Graph has 1073741824 nodes and 17179868903 undirected edges for degree: 15
Trial Time:          7.27462
Trial Time:          3.21823
Trial Time:          3.21330
Trial Time:          3.21385
Trial Time:          3.21164
Trial Time:          3.21754
Trial Time:          3.21182
Trial Time:          3.21222
Trial Time:          3.21112
Trial Time:          3.22367
Trial Time:          3.21305
Trial Time:          3.21811
Trial Time:          3.22348
Trial Time:          3.55855
Trial Time:          4.40357
Trial Time:          4.20201
Trial Time:          3.29801
Trial Time:          3.15363
Trial Time:          3.08824
Trial Time:          3.05401
Average Time:        3.53103
execution time 150.67 (s)
