Read Time:           129.03122
Graph has 536870911 nodes and 8493563827 undirected edges for degree: 15
Trial Time:          5.84095
Trial Time:          4.04369
Trial Time:          0.48758
Trial Time:          2.57194
Trial Time:          2.54282
Trial Time:          3.96319
Trial Time:          7.59224
Trial Time:          5.75402
Trial Time:          2.46992
Trial Time:          1.76508
Trial Time:          0.43447
Trial Time:          3.74432
Trial Time:          2.34785
Trial Time:          0.31723
Trial Time:          0.31686
Trial Time:          0.31623
Trial Time:          1.93129
Trial Time:          0.32389
Trial Time:          1.62494
Trial Time:          1.90007
Average Time:        2.51443
pid: 12490
execution time 179.73 (s)
