Read Time:           38.00988
Graph has 1073741824 nodes and 17179868903 undirected edges for degree: 15
Trial Time:          11.70090
Trial Time:          16.73943
Trial Time:          12.82184
Trial Time:          16.82334
Trial Time:          11.96813
Trial Time:          15.38195
Trial Time:          15.17932
Trial Time:          12.67457
Trial Time:          14.55610
Trial Time:          14.72395
Trial Time:          15.21777
Trial Time:          14.60200
Trial Time:          14.68354
Trial Time:          14.91940
Trial Time:          9.75566
Trial Time:          14.36323
Trial Time:          14.21200
Trial Time:          14.12265
Trial Time:          13.79235
Trial Time:          13.77878
Average Time:        14.10085
execution time 325.69 (s)
