Read Time:           34.43410
Graph has 1073741824 nodes and 17179868903 undirected edges for degree: 15
Trial Time:          3.03025
Trial Time:          2.97324
Trial Time:          2.98292
Trial Time:          2.98141
Trial Time:          2.98553
Trial Time:          2.98105
Trial Time:          2.98149
Trial Time:          2.97926
Trial Time:          2.98664
Trial Time:          2.99215
Trial Time:          2.99582
Trial Time:          2.98731
Trial Time:          2.98024
Trial Time:          2.97938
Trial Time:          2.98165
Trial Time:          2.98260
Trial Time:          2.99209
Trial Time:          2.97900
Trial Time:          2.98466
Trial Time:          2.97686
Average Time:        2.98568
pid: 49298
execution time 94.53 (s)
