Read Time:           19.15752
Graph has 134217728 nodes and 2147483394 undirected edges for degree: 15
Trial Time:          294.88836
Trial Time:          425.51216
Trial Time:          394.76372
Trial Time:          391.79230
Trial Time:          311.34578
Trial Time:          308.73143
Trial Time:          310.04107
Trial Time:          372.66121
Trial Time:          358.03577
Trial Time:          410.86767
Trial Time:          379.94680
Trial Time:          371.79893
Trial Time:          402.99603
Trial Time:          381.01448
Trial Time:          399.07058
Trial Time:          407.67296
Trial Time:          397.03407
Trial Time:          411.42343
Trial Time:          405.22775
Trial Time:          400.89130
Average Time:        376.78579
pid: 5832
execution time 7554.94 (s)
