Read Time:           64.10821
Graph has 50636151 nodes and 1930292948 directed edges for degree: 38
Trial Time:          2.27603
Trial Time:          2.19552
Trial Time:          2.23565
Trial Time:          2.21139
Trial Time:          2.19847
Trial Time:          0.01120
Trial Time:          2.21904
Trial Time:          2.21717
Trial Time:          2.22009
Trial Time:          2.22112
Trial Time:          2.20852
Trial Time:          2.22000
Trial Time:          2.21649
Trial Time:          2.20120
Trial Time:          0.03995
Trial Time:          2.21580
Average Time:        1.94423
execution time 96.95 (s)
