Read Time:           8.59107
Graph has 61578415 nodes and 1468364884 directed edges for degree: 23
Trial Time:          11.23214
Trial Time:          32.60565
Trial Time:          18.39297
Trial Time:          9.97850
Trial Time:          10.17052
Trial Time:          10.34623
Trial Time:          10.26219
Trial Time:          10.34268
Trial Time:          10.55937
Trial Time:          10.38542
Trial Time:          10.32105
Trial Time:          10.58669
Trial Time:          10.48084
Trial Time:          10.37539
Trial Time:          10.48709
Trial Time:          10.52206
Trial Time:          10.48092
Trial Time:          10.50631
Trial Time:          10.44351
Trial Time:          10.47900
Average Time:        11.94793
pid: 8534
execution time 247.62 (s)
