Read Time:           75.73358
Graph has 1073741824 nodes and 17179868903 undirected edges for degree: 15
Trial Time:          7.20640
Trial Time:          3.08768
Trial Time:          3.07193
Trial Time:          3.07501
Trial Time:          3.07496
Trial Time:          3.07220
Trial Time:          3.07562
Trial Time:          3.07826
Trial Time:          3.07627
Trial Time:          3.07871
Trial Time:          3.07456
Trial Time:          3.08340
Trial Time:          3.18855
Trial Time:          3.72580
Trial Time:          3.77036
Trial Time:          3.40113
Trial Time:          3.00670
Trial Time:          3.03139
Trial Time:          3.04158
Trial Time:          3.01814
Average Time:        3.36193
execution time 147.13 (s)
