Read Time:           43.87671
Graph has 50636151 nodes and 1930292948 directed edges for degree: 38
Trial Time:          5.49370
Trial Time:          4.47974
Trial Time:          4.19656
Trial Time:          3.99369
Trial Time:          3.88162
Trial Time:          0.01382
Trial Time:          3.87575
Trial Time:          3.87391
Trial Time:          3.85196
Trial Time:          3.75016
Trial Time:          3.71612
Trial Time:          3.70284
Trial Time:          3.67173
Trial Time:          3.64773
Trial Time:          0.08279
Trial Time:          3.68493
Average Time:        3.49482
execution time 101.58 (s)
