Read Time:           26.09440
Graph has 50636151 nodes and 1930292948 directed edges for degree: 38
Trial Time:          1.43720
Trial Time:          1.39677
Trial Time:          1.41093
Trial Time:          1.40479
Trial Time:          1.39328
Trial Time:          0.00944
Trial Time:          1.51414
Trial Time:          1.41362
Trial Time:          1.59241
Trial Time:          1.40646
Trial Time:          1.40140
Trial Time:          1.43188
Trial Time:          1.41166
Trial Time:          1.45068
Trial Time:          0.02575
Trial Time:          1.41644
Average Time:        1.25730
pid: 114267
execution time 46.32 (s)
