Read Time:           64.65575
Graph has 536870911 nodes and 8493563827 undirected edges for degree: 15
Trial Time:          16.24956
Trial Time:          18.07935
Trial Time:          2.73635
Trial Time:          12.45417
Trial Time:          13.59719
Trial Time:          13.94723
Trial Time:          14.62197
Trial Time:          12.51275
Trial Time:          8.75287
Trial Time:          8.49249
Trial Time:          1.05527
Trial Time:          11.73184
Trial Time:          9.44419
Trial Time:          0.84627
Trial Time:          0.35547
Trial Time:          0.35327
Trial Time:          7.90326
Trial Time:          0.79074
Trial Time:          5.03309
Trial Time:          7.49034
Average Time:        8.32238
execution time 236.51 (s)
