Read Time:           75.67415
Graph has 1073741824 nodes and 17179868903 undirected edges for degree: 15
Trial Time:          15.76560
Trial Time:          15.24222
Trial Time:          14.10139
Trial Time:          13.20045
Trial Time:          11.88744
Trial Time:          11.52957
Trial Time:          11.41871
Trial Time:          11.12805
Trial Time:          10.89034
Trial Time:          11.11049
Trial Time:          11.11973
Trial Time:          10.79531
Trial Time:          10.97726
Trial Time:          11.29786
Trial Time:          11.41058
Trial Time:          10.88270
Trial Time:          10.77458
Trial Time:          10.89571
Trial Time:          10.93100
Trial Time:          10.96694
Average Time:        11.81630
execution time 319.30 (s)
