Read Time:           40.79016
Graph has 1073741824 nodes and 17179868903 undirected edges for degree: 15
Trial Time:          3.13110
Trial Time:          3.11091
Trial Time:          3.11580
Trial Time:          3.11612
Trial Time:          3.11796
Trial Time:          3.11550
Trial Time:          3.11611
Trial Time:          3.11157
Trial Time:          3.11376
Trial Time:          3.11092
Trial Time:          3.11390
Trial Time:          3.11304
Trial Time:          3.11142
Trial Time:          3.11408
Trial Time:          3.11635
Trial Time:          3.11382
Trial Time:          3.11122
Trial Time:          3.11631
Trial Time:          3.10742
Trial Time:          3.11074
Average Time:        3.11440
pid: 56664
execution time 103.50 (s)
