Read Time:           18.36623
Graph has 50636151 nodes and 1930292948 directed edges for degree: 38
Trial Time:          0.98049
Trial Time:          0.96262
Trial Time:          0.96771
Trial Time:          0.96389
Trial Time:          0.95919
Trial Time:          0.00893
Trial Time:          0.95598
Trial Time:          0.96003
Trial Time:          0.96218
Trial Time:          0.96284
Trial Time:          0.96097
Trial Time:          0.96611
Trial Time:          0.96602
Trial Time:          0.96423
Trial Time:          0.02593
Trial Time:          0.96647
Average Time:        0.84585
pid: 36619
execution time 31.98 (s)
