Read Time:           12.77943
Graph has 61578415 nodes and 1468364884 directed edges for degree: 23
Trial Time:          46.85920
Trial Time:          8.13656
Trial Time:          8.15035
Trial Time:          8.10470
Trial Time:          8.11260
Trial Time:          8.13105
Trial Time:          8.12946
Trial Time:          8.12954
Trial Time:          8.15951
Trial Time:          8.13173
Trial Time:          8.10292
Trial Time:          8.17165
Trial Time:          8.10811
Trial Time:          8.13881
Trial Time:          8.15647
Trial Time:          8.12826
Trial Time:          8.11188
Trial Time:          8.10631
Trial Time:          8.11344
Trial Time:          8.13784
Average Time:        10.06602
pid: 29567
execution time 214.16 (s)
