pgmigrate_success 118531960
pgmigrate_fail 7455
thp_migration_success 101499
thp_migration_fail 173
thp_migration_split 0
thp_fault_alloc 263961
thp_fault_fallback 32286
thp_fault_fallback_charge 0
thp_collapse_alloc 92
thp_collapse_alloc_failed 2
thp_file_alloc 0
thp_file_fallback 0
thp_file_fallback_charge 0
thp_file_mapped 0
thp_split_page 0
thp_split_page_failed 0
thp_deferred_split_page 27
thp_split_pmd 90
thp_split_pud 0
thp_zero_page_alloc 4
thp_zero_page_alloc_failed 0
thp_swpout 0
thp_swpout_fallback 0
htmm_nr_promoted 13374320
htmm_nr_demoted 97659536
htmm_nr_sampled 0
htmm_missed_dramread 0
htmm_missed_nvmread 0
htmm_missed_write 0
htmm_alloc_dram 158187265
htmm_alloc_nvm 19318153
