Read Time:           145.03185
Graph has 536870911 nodes and 8493563827 undirected edges for degree: 15
Trial Time:          6.89236
Trial Time:          8.78802
Trial Time:          2.83450
Trial Time:          6.48604
Trial Time:          6.84760
Trial Time:          7.64035
Trial Time:          9.78603
Trial Time:          7.83142
Trial Time:          8.08108
Trial Time:          7.65335
Trial Time:          2.82669
Trial Time:          8.55401
Trial Time:          15.05674
Trial Time:          2.82330
Trial Time:          2.84017
Trial Time:          2.83980
Average Time:        6.73634
execution time 253.07 (s)
