Read Time:           41.82323
Graph has 1073741824 nodes and 17179868903 undirected edges for degree: 15
Trial Time:          16.33582
Trial Time:          16.30874
Trial Time:          16.32146
Trial Time:          16.34871
Trial Time:          16.35271
Trial Time:          16.37883
Trial Time:          16.34108
Trial Time:          16.35817
Trial Time:          16.29650
Trial Time:          16.28130
Trial Time:          16.33584
Trial Time:          16.37313
Trial Time:          16.31469
Trial Time:          16.36237
Trial Time:          16.34595
Trial Time:          16.31657
Trial Time:          16.28695
Trial Time:          16.41676
Trial Time:          16.30935
Trial Time:          16.39557
Average Time:        16.33903
pid: 9091
execution time 369.11 (s)
