Read Time:           20.89888
Graph has 61578415 nodes and 1468364884 directed edges for degree: 23
Trial Time:          88.11675
Trial Time:          97.27547
Trial Time:          96.83546
Trial Time:          76.70260
Trial Time:          70.92015
Trial Time:          50.14776
Trial Time:          44.98960
Trial Time:          38.52851
Trial Time:          39.95817
Trial Time:          52.49333
Trial Time:          36.18950
Trial Time:          35.72227
Trial Time:          32.68286
Trial Time:          30.22028
Trial Time:          24.85241
Trial Time:          25.98673
Trial Time:          30.28840
Trial Time:          30.43687
Trial Time:          45.48372
Trial Time:          37.98055
Average Time:        49.29057
execution time 1007.62 (s)
