Read Time:           37.69891
Graph has 1073741824 nodes and 17179868903 undirected edges for degree: 15
Trial Time:          10.81445
Trial Time:          8.72716
Trial Time:          8.19391
Trial Time:          7.84365
Trial Time:          7.46495
Trial Time:          7.22297
Trial Time:          6.12396
Trial Time:          5.98152
Trial Time:          5.24320
Trial Time:          5.36513
Trial Time:          5.72566
Trial Time:          5.78227
Trial Time:          5.46356
Trial Time:          5.50164
Trial Time:          5.64797
Trial Time:          5.37485
Trial Time:          5.23201
Trial Time:          5.16057
Trial Time:          5.23644
Trial Time:          5.15264
Average Time:        6.36292
execution time 173.81 (s)
