Read Time:           37.21517
Graph has 50636151 nodes and 1930292948 directed edges for degree: 38
Trial Time:          4.20390
Trial Time:          3.87795
Trial Time:          3.93767
Trial Time:          3.90477
Trial Time:          4.52385
Trial Time:          0.20650
Trial Time:          4.96902
Trial Time:          3.61814
Trial Time:          3.46796
Trial Time:          3.45304
Trial Time:          3.45062
Trial Time:          3.78350
Trial Time:          3.45117
Trial Time:          3.52355
Trial Time:          0.18616
Trial Time:          3.75140
Average Time:        3.39433
pid: 59445
execution time 91.63 (s)
