Read Time:           76.52336
Graph has 50636151 nodes and 1930292948 directed edges for degree: 38
Trial Time:          3.42560
Trial Time:          1.89870
Trial Time:          1.86780
Trial Time:          1.81115
Trial Time:          1.76601
Trial Time:          0.01017
Trial Time:          1.71039
Trial Time:          1.70464
Trial Time:          1.61887
Trial Time:          1.60015
Trial Time:          1.58613
Trial Time:          1.59375
Trial Time:          1.61118
Trial Time:          1.60182
Trial Time:          0.03902
Trial Time:          1.61240
Average Time:        1.59111
execution time 103.26 (s)
