Read Time:           13.73504
Graph has 61578415 nodes and 1468364884 directed edges for degree: 23
Trial Time:          8.14735
Trial Time:          8.22996
Trial Time:          15.18201
Trial Time:          15.99752
Trial Time:          50.86083
Trial Time:          54.85393
Trial Time:          8.05481
Trial Time:          8.16370
Trial Time:          8.11176
Trial Time:          8.08061
Trial Time:          8.05950
Trial Time:          8.05017
Trial Time:          8.08405
Trial Time:          8.11347
Trial Time:          8.08480
Trial Time:          8.05894
Trial Time:          8.10541
Trial Time:          8.10570
Trial Time:          8.06435
Trial Time:          8.07579
Average Time:        13.32423
pid: 41492
execution time 280.28 (s)
