Read Time:           29.81717
Graph has 50636151 nodes and 1930292948 directed edges for degree: 38
Trial Time:          3.12094
Trial Time:          3.06883
Trial Time:          3.07074
Trial Time:          3.07565
Trial Time:          3.03604
Trial Time:          0.16378
Trial Time:          3.03680
Trial Time:          3.04287
Trial Time:          3.02893
Trial Time:          4.51044
Trial Time:          3.05322
Trial Time:          3.08894
Trial Time:          3.07654
Trial Time:          3.16396
Trial Time:          0.19408
Trial Time:          2.75119
Average Time:        2.78019
pid: 106767
execution time 74.41 (s)
