Read Time:           24.82872
Graph has 61578415 nodes and 1468364884 directed edges for degree: 23
Trial Time:          9.00013
Trial Time:          9.34732
Trial Time:          8.94690
Trial Time:          8.69254
Trial Time:          8.58692
Trial Time:          8.29547
Trial Time:          8.61584
Trial Time:          8.32848
Trial Time:          8.21618
Trial Time:          8.03392
Trial Time:          7.92931
Trial Time:          7.92040
Trial Time:          7.99440
Trial Time:          8.06188
Trial Time:          8.29659
Trial Time:          8.55212
Trial Time:          8.77788
Trial Time:          8.99957
Trial Time:          9.32055
Trial Time:          9.57357
Average Time:        8.57450
execution time 196.92 (s)
