Read Time:           21.32100
Graph has 50636151 nodes and 1930292948 directed edges for degree: 38
Trial Time:          5.42426
Trial Time:          3.67813
Trial Time:          3.68572
Trial Time:          2.59914
Trial Time:          2.58078
Trial Time:          0.00708
Trial Time:          2.88773
Trial Time:          1.92970
Trial Time:          2.17811
Trial Time:          2.14216
Trial Time:          2.01278
Trial Time:          3.22989
Trial Time:          1.92803
Trial Time:          1.93048
Trial Time:          0.02184
Trial Time:          1.92147
Average Time:        2.38483
pid: 6165
execution time 59.60 (s)
