Read Time:           16.58353
Graph has 61578415 nodes and 1468364884 directed edges for degree: 23
Trial Time:          44.55238
Trial Time:          36.53899
Trial Time:          47.90693
Trial Time:          46.43366
Trial Time:          46.90332
Trial Time:          46.24531
Trial Time:          46.95666
Trial Time:          46.12856
Trial Time:          46.42408
Trial Time:          45.39320
Trial Time:          46.32427
Trial Time:          45.59247
Trial Time:          45.60635
Trial Time:          46.10303
Trial Time:          44.92155
Trial Time:          46.62365
Trial Time:          46.02061
Trial Time:          46.11821
Trial Time:          46.42120
Trial Time:          46.39357
Average Time:        45.68040
execution time 931.12 (s)
