Read Time:           18.37531
Graph has 61578415 nodes and 1468364884 directed edges for degree: 23
Trial Time:          66.16863
Trial Time:          57.82001
Trial Time:          37.32772
Trial Time:          15.44489
Trial Time:          14.79499
Trial Time:          14.95057
Trial Time:          24.72043
Trial Time:          21.38111
Trial Time:          15.27692
Trial Time:          15.11327
Trial Time:          15.63983
Trial Time:          15.84280
Trial Time:          15.42845
Trial Time:          14.79266
Trial Time:          14.85130
Trial Time:          15.17406
Trial Time:          14.95801
Trial Time:          15.22831
Trial Time:          16.89319
Trial Time:          14.93217
Average Time:        21.83697
execution time 455.91 (s)
