Read Time:           15.05576
Graph has 61578415 nodes and 1468364884 directed edges for degree: 23
Trial Time:          21.13383
Trial Time:          19.03264
Trial Time:          19.21822
Trial Time:          19.34112
Trial Time:          19.24764
Trial Time:          19.40588
Trial Time:          19.03037
Trial Time:          19.35160
Trial Time:          19.09452
Trial Time:          19.15412
Trial Time:          19.13169
Trial Time:          19.47276
Trial Time:          19.46267
Trial Time:          19.32137
Trial Time:          19.39940
Trial Time:          19.41801
Trial Time:          19.38195
Trial Time:          19.29226
Trial Time:          19.49795
Trial Time:          19.23623
Average Time:        19.38121
execution time 403.67 (s)
