Read Time:           28.32180
Graph has 50636151 nodes and 1930292948 directed edges for degree: 38
Trial Time:          2.27840
Trial Time:          1.99771
Trial Time:          1.98024
Trial Time:          1.97808
Trial Time:          1.96376
Trial Time:          0.00891
Trial Time:          1.95853
Trial Time:          1.96147
Trial Time:          1.97304
Trial Time:          1.98114
Trial Time:          1.97071
Trial Time:          1.99217
Trial Time:          1.99187
Trial Time:          1.98500
Trial Time:          0.02700
Trial Time:          1.97892
Average Time:        1.75168
pid: 47449
execution time 56.46 (s)
