Read Time:           74.62610
Graph has 50636151 nodes and 1930292948 directed edges for degree: 38
Trial Time:          2.44257
Trial Time:          2.12698
Trial Time:          2.12770
Trial Time:          2.11871
Trial Time:          4.87328
Trial Time:          0.00961
Trial Time:          2.11544
Trial Time:          2.11301
Trial Time:          2.11392
Trial Time:          2.11103
Trial Time:          2.11210
Trial Time:          2.49246
Trial Time:          3.78631
Trial Time:          3.17142
Trial Time:          0.04110
Trial Time:          2.58237
Average Time:        2.27112
execution time 112.22 (s)
