Read Time:           14.26770
Graph has 61578415 nodes and 1468364884 directed edges for degree: 23
Trial Time:          71.49867
Trial Time:          71.38132
Trial Time:          70.88353
Trial Time:          70.54291
Trial Time:          68.52880
Trial Time:          67.55153
Trial Time:          67.32670
Trial Time:          65.88479
Trial Time:          64.95910
Trial Time:          64.86114
Trial Time:          63.68256
Trial Time:          34.09444
Trial Time:          31.70089
Trial Time:          58.80562
Trial Time:          38.40302
Trial Time:          44.20546
Trial Time:          22.51831
Trial Time:          51.41134
Trial Time:          31.20187
Trial Time:          14.11715
Average Time:        53.67796
pid: 45484
execution time 1087.86 (s)
