Read Time:           37.02860
Graph has 50636151 nodes and 1930292948 directed edges for degree: 38
Trial Time:          5.02840
Trial Time:          2.96454
Trial Time:          3.10374
Trial Time:          3.12540
Trial Time:          3.09257
Trial Time:          0.07702
Trial Time:          3.38411
Trial Time:          3.26298
Trial Time:          2.21517
Trial Time:          2.16212
Trial Time:          1.67089
Trial Time:          1.65154
Trial Time:          1.68490
Trial Time:          1.69004
Trial Time:          0.02140
Trial Time:          1.73276
Average Time:        2.30422
pid: 5816
execution time 74.02 (s)
