Read Time:           16.28864
Graph has 61578415 nodes and 1468364884 directed edges for degree: 23
Trial Time:          58.49626
Trial Time:          42.94731
Trial Time:          32.54171
Trial Time:          33.24576
Trial Time:          19.82877
Trial Time:          27.85181
Trial Time:          22.55160
Trial Time:          24.31667
Trial Time:          22.63980
Trial Time:          14.14064
Trial Time:          12.77625
Trial Time:          22.59615
Trial Time:          13.81235
Trial Time:          12.87396
Trial Time:          23.07553
Trial Time:          12.04549
Trial Time:          10.84247
Trial Time:          9.72218
Trial Time:          11.65836
Trial Time:          12.52843
Average Time:        22.02457
execution time 457.80 (s)
