Read Time:           9.08218
Graph has 61578415 nodes and 1468364884 directed edges for degree: 23
Trial Time:          8.20503
Trial Time:          8.28203
Trial Time:          8.21824
Trial Time:          8.22599
Trial Time:          8.22146
Trial Time:          8.20763
Trial Time:          8.18441
Trial Time:          8.24956
Trial Time:          8.17881
Trial Time:          8.20807
Trial Time:          8.32121
Trial Time:          21.57901
Trial Time:          21.37534
Trial Time:          21.71244
Trial Time:          24.90353
Trial Time:          34.68393
Trial Time:          43.56198
Trial Time:          38.66083
Trial Time:          8.68270
Trial Time:          8.35356
Average Time:        15.70079
pid: 87397
execution time 323.16 (s)
