Read Time:           125.63485
Graph has 536870911 nodes and 8493563827 undirected edges for degree: 15
Trial Time:          5.36816
Trial Time:          4.35366
Trial Time:          0.63540
Trial Time:          2.53479
Trial Time:          2.37212
Trial Time:          3.66734
Trial Time:          5.82124
Trial Time:          4.28710
Trial Time:          1.92262
Trial Time:          1.80459
Trial Time:          0.45171
Trial Time:          3.02076
Trial Time:          2.72007
Trial Time:          0.32255
Trial Time:          0.32310
Trial Time:          0.32685
Average Time:        2.49575
pid: 7972
execution time 165.96 (s)
