Read Time:           47.50069
Graph has 50636151 nodes and 1930292948 directed edges for degree: 38
Trial Time:          7.19085
Trial Time:          1.54512
Trial Time:          1.39629
Trial Time:          1.32682
Trial Time:          1.29751
Trial Time:          0.00868
Trial Time:          1.28588
Trial Time:          1.27487
Trial Time:          1.27933
Trial Time:          1.33375
Trial Time:          1.52348
Trial Time:          1.27480
Trial Time:          1.25447
Trial Time:          1.26340
Trial Time:          0.07560
Trial Time:          1.29362
Average Time:        1.53903
execution time 74.26 (s)
