Read Time:           129.01034
Graph has 536870911 nodes and 8493563827 undirected edges for degree: 15
Trial Time:          6.30494
Trial Time:          3.97647
Trial Time:          0.47488
Trial Time:          2.92404
Trial Time:          3.09850
Trial Time:          2.49030
Trial Time:          4.66975
Trial Time:          3.06747
Trial Time:          4.56108
Trial Time:          2.47104
Trial Time:          0.44087
Trial Time:          3.38986
Trial Time:          2.32790
Trial Time:          0.31217
Trial Time:          0.31163
Trial Time:          0.31127
Trial Time:          1.89787
Trial Time:          0.31197
Trial Time:          1.61827
Trial Time:          1.86806
Average Time:        2.34142
pid: 13879
execution time 176.25 (s)
