Read Time:           5.87780
Graph has 61578415 nodes and 1468364884 directed edges for degree: 23
Trial Time:          9.01798
Trial Time:          8.96609
Trial Time:          9.00336
Trial Time:          9.01196
Trial Time:          8.93855
Trial Time:          8.96978
Trial Time:          9.02186
Trial Time:          8.98858
Trial Time:          11.08951
Trial Time:          8.53913
Trial Time:          8.55346
Trial Time:          8.60580
Trial Time:          8.69655
Trial Time:          8.75327
Trial Time:          8.76101
Trial Time:          8.75873
Trial Time:          8.71646
Trial Time:          8.72753
Trial Time:          8.72691
Trial Time:          8.75132
Average Time:        8.92989
pid: 3572
execution time 184.53 (s)
