Read Time:           21.74149
Graph has 61578415 nodes and 1468364884 directed edges for degree: 23
Trial Time:          68.09289
Trial Time:          64.03509
Trial Time:          64.16761
Trial Time:          74.65559
Trial Time:          73.70921
Trial Time:          73.84222
Trial Time:          74.31367
Trial Time:          74.21667
Trial Time:          75.27999
Trial Time:          73.57129
Trial Time:          74.38922
Trial Time:          74.06339
Trial Time:          74.69053
Trial Time:          74.58893
Trial Time:          74.42945
Trial Time:          74.27771
Trial Time:          74.35518
Trial Time:          74.52984
Trial Time:          74.12228
Trial Time:          75.06680
Average Time:        73.01988
execution time 1483.12 (s)
