Read Time:           81.95319
Graph has 1073741824 nodes and 17179868903 undirected edges for degree: 15
Trial Time:          30.02426
Trial Time:          26.40629
Trial Time:          24.85314
Trial Time:          23.85052
Trial Time:          23.78998
Trial Time:          24.10317
Trial Time:          24.21092
Trial Time:          23.80859
Trial Time:          23.98627
Trial Time:          23.83032
Trial Time:          23.93314
Trial Time:          23.99240
Trial Time:          23.88765
Trial Time:          24.14451
Trial Time:          24.29801
Trial Time:          24.25513
Trial Time:          24.11497
Trial Time:          24.34212
Trial Time:          24.52410
Trial Time:          24.07769
Average Time:        24.52166
execution time 580.38 (s)
