Read Time:           57.62478
Graph has 536870911 nodes and 8493563827 undirected edges for degree: 15
Trial Time:          4.07857
Trial Time:          5.12180
Trial Time:          0.97275
Trial Time:          3.86623
Trial Time:          4.41897
Trial Time:          4.50739
Trial Time:          3.69997
Trial Time:          4.44988
Trial Time:          3.53459
Trial Time:          3.39549
Trial Time:          0.84641
Trial Time:          4.01410
Trial Time:          4.19231
Trial Time:          0.79958
Trial Time:          0.35290
Trial Time:          0.35292
Trial Time:          3.95363
Trial Time:          0.87229
Trial Time:          3.06015
Trial Time:          4.38017
Average Time:        3.04350
execution time 124.33 (s)
