Read Time:           45.77141
Graph has 50636151 nodes and 1930292948 directed edges for degree: 38
Trial Time:          1.62102
Trial Time:          1.20083
Trial Time:          1.20938
Trial Time:          1.36536
Trial Time:          1.19461
Trial Time:          0.01084
Trial Time:          1.20436
Trial Time:          1.20266
Trial Time:          1.20771
Trial Time:          1.20376
Trial Time:          1.20234
Trial Time:          1.22282
Trial Time:          1.21590
Trial Time:          1.21059
Trial Time:          0.03758
Trial Time:          1.20927
Average Time:        1.09494
execution time 65.22 (s)
