Read Time:           130.64234
Graph has 536870911 nodes and 8493563827 undirected edges for degree: 15
Trial Time:          7.50392
Trial Time:          4.76028
Trial Time:          0.65607
Trial Time:          2.63859
Trial Time:          2.66610
Trial Time:          3.19742
Trial Time:          2.81908
Trial Time:          6.07637
Trial Time:          6.25874
Trial Time:          5.51082
Trial Time:          1.65060
Trial Time:          6.28476
Trial Time:          13.21377
Trial Time:          1.53708
Trial Time:          1.55961
Trial Time:          1.54247
Average Time:        4.24223
pid: 7198
execution time 198.90 (s)
