Read Time:           26.92976
Graph has 1073741824 nodes and 17179868903 undirected edges for degree: 15
Trial Time:          11.02100
Trial Time:          17.77255
Trial Time:          16.02742
Trial Time:          14.69923
Trial Time:          16.66119
Trial Time:          11.25288
Trial Time:          16.53822
Trial Time:          15.79555
Trial Time:          10.98721
Trial Time:          15.08468
Trial Time:          15.28826
Trial Time:          12.13806
Trial Time:          14.77512
Trial Time:          15.24078
Trial Time:          12.67995
Trial Time:          13.49748
Trial Time:          14.48615
Trial Time:          13.93024
Trial Time:          14.13484
Trial Time:          14.05177
Average Time:        14.30313
execution time 318.66 (s)
