Read Time:           66.04773
Graph has 50636151 nodes and 1930292948 directed edges for degree: 38
Trial Time:          7.26373
Trial Time:          2.63145
Trial Time:          2.65598
Trial Time:          2.55015
Trial Time:          2.40637
Trial Time:          0.00979
Trial Time:          1.81642
Trial Time:          1.78098
Trial Time:          1.78613
Trial Time:          1.79349
Trial Time:          1.79099
Trial Time:          1.78500
Trial Time:          1.78478
Trial Time:          1.80451
Trial Time:          0.03909
Trial Time:          1.80621
Average Time:        2.10657
execution time 101.13 (s)
