Read Time:           15.72687
Graph has 61578415 nodes and 1468364884 directed edges for degree: 23
Trial Time:          60.37803
Trial Time:          10.40758
Trial Time:          10.37802
Trial Time:          10.02107
Trial Time:          9.66373
Trial Time:          9.57509
Trial Time:          9.58250
Trial Time:          9.58530
Trial Time:          9.65873
Trial Time:          9.62513
Trial Time:          9.62363
Trial Time:          9.64279
Trial Time:          9.68278
Trial Time:          9.72058
Trial Time:          9.68348
Trial Time:          9.72096
Trial Time:          9.70134
Trial Time:          9.68955
Trial Time:          9.71262
Trial Time:          9.68630
Average Time:        12.28696
execution time 262.26 (s)
