Read Time:           42.37502
Graph has 50636151 nodes and 1930292948 directed edges for degree: 38
Trial Time:          20.23834
Trial Time:          15.35004
Trial Time:          6.98776
Trial Time:          6.20019
Trial Time:          6.23728
Trial Time:          0.01041
Trial Time:          4.38117
Trial Time:          3.91587
Trial Time:          4.05675
Trial Time:          3.76700
Trial Time:          3.85917
Trial Time:          3.77128
Trial Time:          4.85524
Trial Time:          6.14698
Trial Time:          0.13825
Trial Time:          6.92147
Average Time:        6.05233
execution time 141.17 (s)
