Read Time:           38.23773
Graph has 1073741824 nodes and 17179868903 undirected edges for degree: 15
Trial Time:          5.71734
Trial Time:          2.86567
Trial Time:          2.54434
Trial Time:          2.53675
Trial Time:          2.53546
Trial Time:          2.53300
Trial Time:          2.53531
Trial Time:          2.53423
Trial Time:          2.53524
Trial Time:          2.53577
Trial Time:          2.53510
Trial Time:          2.53466
Trial Time:          2.53727
Trial Time:          2.53430
Trial Time:          2.53391
Trial Time:          2.53512
Trial Time:          2.53881
Trial Time:          2.54881
Trial Time:          2.54501
Trial Time:          2.54471
Average Time:        2.71304
execution time 99.59 (s)
