Read Time:           59.98623
Graph has 1073741824 nodes and 17179868903 undirected edges for degree: 15
Trial Time:          9.34028
Trial Time:          7.08370
Trial Time:          7.04851
Trial Time:          7.12269
Trial Time:          7.02298
Trial Time:          6.98163
Trial Time:          7.05865
Trial Time:          6.94515
Trial Time:          6.97750
Trial Time:          6.95015
Trial Time:          7.08529
Trial Time:          6.94879
Trial Time:          6.99008
Trial Time:          6.97780
Trial Time:          6.96661
Trial Time:          6.96789
Trial Time:          7.02306
Trial Time:          6.96233
Trial Time:          6.98074
Trial Time:          7.03741
Average Time:        7.12356
execution time 210.28 (s)
