Read Time:           9.96185
Graph has 134217728 nodes and 2147483394 undirected edges for degree: 15
    a                0.02536
Source:             11861343
    b                8.11739
    p                3.08740
Trial Time:          11.44089
    a                0.02571
Source:             69962623
    b                9.14852
    p                3.74276
Trial Time:          13.12012
    a                0.02567
Source:            109528720
    b                8.67997
    p                3.44584
Trial Time:          12.35459
    a                0.02567
Source:            110022862
    b                8.46767
    p                3.32728
Trial Time:          12.02389
    a                0.02586
Source:             58815956
    b                8.65612
    p                3.42828
Trial Time:          12.31613
    a                0.02574
Source:             26472044
    b                8.89657
    p                3.58754
Trial Time:          12.71296
    a                0.02577
Source:             46138358
    b                8.74061
    p                3.48148
Trial Time:          12.45114
    a                0.02567
Source:             30518158
    b                9.30631
    p                3.82210
Trial Time:          13.35747
    a                0.02570
Source:             83490962
    b                7.98284
    p                2.97630
Trial Time:          11.18926
    a                0.02576
Source:             86923224
    b                8.77647
    p                3.50084
Trial Time:          12.50659
    a                0.02565
Source:             40723684
    b                8.43651
    p                3.29059
Trial Time:          11.95616
    a                0.02565
Source:             47706871
    b                8.92593
    p                3.57912
Trial Time:          12.73435
    a                0.02574
Source:            107289067
    b                8.79642
    p                3.50900
Trial Time:          12.53603
    a                0.02569
Source:             76756711
    b                8.65363
    p                3.41859
Trial Time:          12.30182
    a                0.02574
Source:            129667237
    b                8.37367
    p                3.24710
Trial Time:          11.84999
    a                0.02581
Source:             36928446
    b                8.12429
    p                3.07689
Trial Time:          11.43023
    a                0.02561
Source:             99032334
    b                9.57584
    p                3.96223
Trial Time:          13.76714
    a                0.02566
Source:             44931290
    b                8.60020
    p                3.37928
Trial Time:          12.20893
    a                0.02578
Source:            131819087
    b                7.96046
    p                2.95320
Trial Time:          11.14344
    a                0.02582
Source:             72994792
    b                8.57150
    p                3.35571
Trial Time:          12.15713
72994792:1
85602226:0.049106
82412141:0.0435108
92449445:0.0418204
10456262:0.0395446
Average Time:        12.27791
execution time 258.40 (s)
