Read Time:           5.85108
Graph has 61578415 nodes and 1468364884 directed edges for degree: 23
Trial Time:          8.99646
Trial Time:          8.98453
Trial Time:          8.99619
Trial Time:          9.03430
Trial Time:          8.98687
Trial Time:          9.10507
Trial Time:          8.97604
Trial Time:          9.03106
Trial Time:          8.98449
Trial Time:          9.02799
Trial Time:          9.00176
Trial Time:          8.96482
Trial Time:          8.99415
Trial Time:          8.99202
Trial Time:          8.98251
Trial Time:          8.95626
Trial Time:          9.03540
Trial Time:          9.01040
Trial Time:          8.96358
Trial Time:          9.03417
Average Time:        9.00290
pid: 24646
execution time 185.96 (s)
