Read Time:           34.91566
Graph has 1073741824 nodes and 17179868903 undirected edges for degree: 15
Trial Time:          8.63703
Trial Time:          6.84763
Trial Time:          6.73645
Trial Time:          7.03593
Trial Time:          9.40616
Trial Time:          10.46584
Trial Time:          10.36698
Trial Time:          13.73029
Trial Time:          15.15018
Trial Time:          12.93074
Trial Time:          14.43886
Trial Time:          16.23525
Trial Time:          13.22095
Trial Time:          12.16290
Trial Time:          11.45607
Trial Time:          7.06310
Trial Time:          7.29300
Trial Time:          10.00462
Trial Time:          10.23702
Trial Time:          11.91153
Average Time:        10.76653
execution time 258.67 (s)
