Read Time:           32.21480
Graph has 50636151 nodes and 1930292948 directed edges for degree: 38
Trial Time:          2.45596
Trial Time:          2.29566
Trial Time:          2.30099
Trial Time:          2.29617
Trial Time:          2.27611
Trial Time:          0.00891
Trial Time:          2.27536
Trial Time:          2.27497
Trial Time:          2.28008
Trial Time:          2.28382
Trial Time:          2.28309
Trial Time:          2.28672
Trial Time:          2.28853
Trial Time:          2.28616
Trial Time:          0.02219
Trial Time:          2.29350
Average Time:        2.01301
pid: 44950
execution time 65.85 (s)
