Read Time:           13.55286
Graph has 61578415 nodes and 1468364884 directed edges for degree: 23
Trial Time:          8.14605
Trial Time:          8.12471
Trial Time:          8.15661
Trial Time:          11.49904
Trial Time:          8.10897
Trial Time:          8.11326
Trial Time:          8.10552
Trial Time:          8.05460
Trial Time:          8.18266
Trial Time:          43.67155
Trial Time:          15.71741
Trial Time:          50.78081
Trial Time:          12.95219
Trial Time:          8.05865
Trial Time:          8.06038
Trial Time:          8.12290
Trial Time:          8.07957
Trial Time:          8.04221
Trial Time:          8.05002
Trial Time:          8.03258
Average Time:        12.80299
pid: 17364
execution time 269.68 (s)
