Read Time:           129.22185
Graph has 536870911 nodes and 8493563827 undirected edges for degree: 15
Trial Time:          3.54331
Trial Time:          2.17290
Trial Time:          0.32594
Trial Time:          1.69167
Trial Time:          1.50396
Trial Time:          1.60942
Trial Time:          1.84530
Trial Time:          1.88277
Trial Time:          3.10798
Trial Time:          1.32608
Trial Time:          0.31884
Trial Time:          2.37337
Trial Time:          3.40647
Trial Time:          1.24723
Trial Time:          0.58879
Trial Time:          0.63968
Average Time:        1.72398
pid: 9448
execution time 158.18 (s)
