Read Time:           30.81906
Graph has 1073741824 nodes and 17179868903 undirected edges for degree: 15
Trial Time:          11.58448
Trial Time:          13.77528
Trial Time:          14.97514
Trial Time:          14.79808
Trial Time:          13.21783
Trial Time:          14.45089
Trial Time:          13.32030
Trial Time:          12.51340
Trial Time:          13.91211
Trial Time:          13.10119
Trial Time:          12.78886
Trial Time:          12.96143
Trial Time:          9.90479
Trial Time:          13.49425
Trial Time:          12.66768
Trial Time:          8.88156
Trial Time:          12.46912
Trial Time:          12.36549
Trial Time:          12.48978
Trial Time:          12.29809
Average Time:        12.79849
execution time 292.79 (s)
