Read Time:           17.06849
Graph has 61578415 nodes and 1468364884 directed edges for degree: 23
Trial Time:          8.73443
Trial Time:          8.85026
Trial Time:          8.73543
Trial Time:          8.73583
Trial Time:          8.75535
Trial Time:          8.68561
Trial Time:          8.68578
Trial Time:          8.66714
Trial Time:          8.66690
Trial Time:          8.61152
Trial Time:          8.62980
Trial Time:          8.60514
Trial Time:          8.63329
Trial Time:          8.62254
Trial Time:          8.62791
Trial Time:          8.86009
Trial Time:          8.76176
Trial Time:          8.69794
Trial Time:          8.66648
Trial Time:          8.65400
Average Time:        8.69436
execution time 191.86 (s)
