Read Time:           59.43480
Graph has 1073741824 nodes and 17179868903 undirected edges for degree: 15
Trial Time:          7.04859
Trial Time:          4.36291
Trial Time:          4.37614
Trial Time:          4.37137
Trial Time:          4.37525
Trial Time:          4.36610
Trial Time:          4.37747
Trial Time:          4.35466
Trial Time:          4.35464
Trial Time:          4.33514
Trial Time:          4.26726
Trial Time:          4.37357
Trial Time:          4.35700
Trial Time:          4.34509
Trial Time:          4.35926
Trial Time:          4.36830
Trial Time:          4.33836
Trial Time:          4.36011
Trial Time:          4.33798
Trial Time:          4.36595
Average Time:        4.48976
execution time 156.37 (s)
