Read Time:           5.69534
Graph has 61578415 nodes and 1468364884 directed edges for degree: 23
Trial Time:          12.40512
Trial Time:          12.47712
Trial Time:          12.42352
Trial Time:          12.39927
Trial Time:          12.42334
Trial Time:          12.47330
Trial Time:          12.43278
Trial Time:          12.40556
Trial Time:          12.43302
Trial Time:          12.42098
Trial Time:          12.47320
Trial Time:          12.38847
Trial Time:          12.41972
Trial Time:          12.45941
Trial Time:          12.42561
Trial Time:          12.47186
Trial Time:          12.40827
Trial Time:          12.38780
Trial Time:          12.48006
Trial Time:          12.37936
Average Time:        12.42939
pid: 42903
execution time 255.09 (s)
