Read Time:           27.17216
Graph has 61578415 nodes and 1468364884 directed edges for degree: 23
Trial Time:          9.62722
Trial Time:          9.07298
Trial Time:          9.44972
Trial Time:          9.17307
Trial Time:          9.12234
Trial Time:          9.11333
Trial Time:          9.03367
Trial Time:          9.16342
Trial Time:          8.92959
Trial Time:          9.16874
Trial Time:          8.84407
Trial Time:          8.91500
Trial Time:          9.20573
Trial Time:          8.91651
Trial Time:          8.97960
Trial Time:          10.83108
Trial Time:          9.46249
Trial Time:          9.29083
Trial Time:          9.33557
Trial Time:          9.31914
Average Time:        9.24771
execution time 213.01 (s)
