Read Time:           68.15437
Graph has 50636151 nodes and 1930292948 directed edges for degree: 38
Trial Time:          2.42610
Trial Time:          2.35125
Trial Time:          2.37442
Trial Time:          2.36288
Trial Time:          2.35152
Trial Time:          0.01140
Trial Time:          2.38286
Trial Time:          2.37646
Trial Time:          2.39228
Trial Time:          2.37388
Trial Time:          2.37302
Trial Time:          2.38193
Trial Time:          2.37250
Trial Time:          2.37922
Trial Time:          0.04043
Trial Time:          2.38534
Average Time:        2.08347
execution time 103.24 (s)
