Read Time:           53.97146
Graph has 1073741824 nodes and 17179868903 undirected edges for degree: 15
Trial Time:          37.44801
Trial Time:          32.29404
Trial Time:          31.28553
Trial Time:          31.19192
Trial Time:          30.81985
Trial Time:          29.86313
Trial Time:          30.56579
Trial Time:          28.26052
Trial Time:          30.12270
Trial Time:          28.05263
Trial Time:          28.61707
Trial Time:          27.76031
Trial Time:          27.94697
Trial Time:          27.98562
Trial Time:          28.01928
Trial Time:          27.90281
Trial Time:          26.12223
Trial Time:          27.45951
Trial Time:          26.07695
Trial Time:          27.03143
Average Time:        29.24132
execution time 645.19 (s)
