Read Time:           31.09190
Graph has 50636151 nodes and 1930292948 directed edges for degree: 38
Trial Time:          2.16526
Trial Time:          2.17508
Trial Time:          3.71151
Trial Time:          3.71529
Trial Time:          1.70444
Trial Time:          0.00964
Trial Time:          1.71670
Trial Time:          1.94687
Trial Time:          1.94847
Trial Time:          2.70320
Trial Time:          3.80380
Trial Time:          1.82007
Trial Time:          1.79193
Trial Time:          1.74746
Trial Time:          0.02587
Trial Time:          1.76107
Average Time:        2.04667
pid: 49639
execution time 63.96 (s)
