Read Time:           50.93758
Graph has 1073741824 nodes and 17179868903 undirected edges for degree: 15
Trial Time:          42.61992
Trial Time:          37.78651
Trial Time:          32.27402
Trial Time:          33.59944
Trial Time:          34.97893
Trial Time:          31.97611
Trial Time:          33.65592
Trial Time:          32.40634
Trial Time:          34.01611
Trial Time:          33.42984
Trial Time:          33.71489
Trial Time:          32.35435
Trial Time:          33.58940
Trial Time:          33.77264
Trial Time:          31.39793
Trial Time:          32.96395
Trial Time:          29.98886
Trial Time:          31.29907
Trial Time:          30.58660
Trial Time:          32.11740
Average Time:        33.42641
execution time 725.75 (s)
