Read Time:           27.55808
Graph has 61578415 nodes and 1468364884 directed edges for degree: 23
Trial Time:          9.01504
Trial Time:          9.13684
Trial Time:          9.30385
Trial Time:          9.48064
Trial Time:          9.36341
Trial Time:          9.36111
Trial Time:          9.37598
Trial Time:          9.37416
Trial Time:          9.35882
Trial Time:          9.36318
Trial Time:          9.36695
Trial Time:          9.35860
Trial Time:          9.36548
Trial Time:          9.35851
Trial Time:          9.37287
Trial Time:          9.36509
Trial Time:          9.37438
Trial Time:          9.37457
Trial Time:          9.35516
Trial Time:          9.35340
Average Time:        9.33890
execution time 214.90 (s)
