Read Time:           5.69830
Graph has 61578415 nodes and 1468364884 directed edges for degree: 23
Trial Time:          8.93928
Trial Time:          8.93177
Trial Time:          9.00517
Trial Time:          8.95729
Trial Time:          8.94059
Trial Time:          8.95100
Trial Time:          8.95806
Trial Time:          8.94125
Trial Time:          8.93602
Trial Time:          8.94676
Trial Time:          8.95214
Trial Time:          8.95932
Trial Time:          8.95726
Trial Time:          8.92641
Trial Time:          8.91942
Trial Time:          8.94614
Trial Time:          8.99031
Trial Time:          8.93383
Trial Time:          8.91753
Trial Time:          8.94746
Average Time:        8.94785
pid: 51936
execution time 184.69 (s)
