Read Time:           7.57827
Graph has 61578415 nodes and 1468364884 directed edges for degree: 23
Trial Time:          12.09303
Trial Time:          12.08182
Trial Time:          12.06684
Trial Time:          12.06267
Trial Time:          12.09874
Trial Time:          12.05502
Trial Time:          12.08915
Trial Time:          12.05198
Trial Time:          12.04000
Trial Time:          12.08104
Trial Time:          12.07410
Trial Time:          12.04232
Trial Time:          12.03434
Trial Time:          12.09385
Trial Time:          12.05190
Trial Time:          12.05553
Trial Time:          12.06816
Trial Time:          12.05392
Trial Time:          12.08521
Trial Time:          12.05075
Average Time:        12.06652
pid: 40780
execution time 249.64 (s)
