Read Time:           28.35026
Graph has 50636151 nodes and 1930292948 directed edges for degree: 38
Trial Time:          4.25573
Trial Time:          1.31480
Trial Time:          1.33928
Trial Time:          1.28799
Trial Time:          1.26726
Trial Time:          0.00885
Trial Time:          1.35124
Trial Time:          1.29976
Trial Time:          1.47058
Trial Time:          1.30697
Trial Time:          1.26653
Trial Time:          1.25340
Trial Time:          1.24276
Trial Time:          1.22463
Trial Time:          0.07331
Trial Time:          1.27868
Average Time:        1.32761
execution time 51.62 (s)
