Read Time:           13.56099
Graph has 61578415 nodes and 1468364884 directed edges for degree: 23
Trial Time:          8.57778
Trial Time:          50.49878
Trial Time:          69.63804
Trial Time:          35.36171
Trial Time:          11.98475
Trial Time:          8.04216
Trial Time:          8.11377
Trial Time:          8.13893
Trial Time:          8.04470
Trial Time:          8.03918
Trial Time:          8.03207
Trial Time:          8.04341
Trial Time:          8.03066
Trial Time:          8.03228
Trial Time:          8.05220
Trial Time:          8.03523
Trial Time:          8.04841
Trial Time:          8.05823
Trial Time:          8.04661
Trial Time:          8.09202
Average Time:        14.84555
pid: 1022
execution time 310.53 (s)
