pgmigrate_success 329674
pgmigrate_fail 7943
thp_migration_success 45
thp_migration_fail 0
thp_migration_split 0
thp_fault_alloc 35915
thp_fault_fallback 0
thp_fault_fallback_charge 0
thp_collapse_alloc 39
thp_collapse_alloc_failed 0
thp_file_alloc 0
thp_file_fallback 0
thp_file_fallback_charge 0
thp_file_mapped 0
thp_split_page 0
thp_split_page_failed 0
thp_deferred_split_page 15
thp_split_pmd 48
thp_split_pud 0
thp_zero_page_alloc 1
thp_zero_page_alloc_failed 0
thp_swpout 0
thp_swpout_fallback 0
htmm_nr_promoted 0
htmm_nr_demoted 0
htmm_nr_sampled 0
htmm_missed_dramread 0
htmm_missed_nvmread 0
htmm_missed_write 0
htmm_alloc_dram 10092949
htmm_alloc_nvm 8925696
