<_io.BytesIO object at 0x7f0671808860> /home/ssd/yi/workloads/ycsb-0.15.0/bin/ycsb command database [options]
<_io.BytesIO object at 0x7f0671808860> 
Commands:
<_io.BytesIO object at 0x7f0671808860>     load           Execute the load phase
<_io.BytesIO object at 0x7f0671808860>     run            Execute the transaction phase
<_io.BytesIO object at 0x7f0671808860>     shell          Interactive mode
<_io.BytesIO object at 0x7f0671808860> 
Databases:
<_io.BytesIO object at 0x7f0671808860>     accumulo       https://github.com/brianfrankcooper/YCSB/tree/master/accumulo
<_io.BytesIO object at 0x7f0671808860>     accumulo1.6    https://github.com/brianfrankcooper/YCSB/tree/master/accumulo1.6
<_io.BytesIO object at 0x7f0671808860>     accumulo1.7    https://github.com/brianfrankcooper/YCSB/tree/master/accumulo1.7
<_io.BytesIO object at 0x7f0671808860>     accumulo1.8    https://github.com/brianfrankcooper/YCSB/tree/master/accumulo1.8
<_io.BytesIO object at 0x7f0671808860>     aerospike      https://github.com/brianfrankcooper/YCSB/tree/master/aerospike
<_io.BytesIO object at 0x7f0671808860>     arangodb       https://github.com/brianfrankcooper/YCSB/tree/master/arangodb
<_io.BytesIO object at 0x7f0671808860>     arangodb3      https://github.com/brianfrankcooper/YCSB/tree/master/arangodb3
<_io.BytesIO object at 0x7f0671808860>     asynchbase     https://github.com/brianfrankcooper/YCSB/tree/master/asynchbase
<_io.BytesIO object at 0x7f0671808860>     azuredocumentdb https://github.com/brianfrankcooper/YCSB/tree/master/azuredocumentdb
<_io.BytesIO object at 0x7f0671808860>     azuretablestorage https://github.com/brianfrankcooper/YCSB/tree/master/azuretablestorage
<_io.BytesIO object at 0x7f0671808860>     basic          https://github.com/brianfrankcooper/YCSB/tree/master/basic
<_io.BytesIO object at 0x7f0671808860>     basicts        https://github.com/brianfrankcooper/YCSB/tree/master/basicts
<_io.BytesIO object at 0x7f0671808860>     cassandra-cql  https://github.com/brianfrankcooper/YCSB/tree/master/cassandra
<_io.BytesIO object at 0x7f0671808860>     cassandra2-cql https://github.com/brianfrankcooper/YCSB/tree/master/cassandra2
<_io.BytesIO object at 0x7f0671808860>     cloudspanner   https://github.com/brianfrankcooper/YCSB/tree/master/cloudspanner
<_io.BytesIO object at 0x7f0671808860>     couchbase      https://github.com/brianfrankcooper/YCSB/tree/master/couchbase
<_io.BytesIO object at 0x7f0671808860>     couchbase2     https://github.com/brianfrankcooper/YCSB/tree/master/couchbase2
<_io.BytesIO object at 0x7f0671808860>     dynamodb       https://github.com/brianfrankcooper/YCSB/tree/master/dynamodb
<_io.BytesIO object at 0x7f0671808860>     elasticsearch  https://github.com/brianfrankcooper/YCSB/tree/master/elasticsearch
<_io.BytesIO object at 0x7f0671808860>     elasticsearch5 https://github.com/brianfrankcooper/YCSB/tree/master/elasticsearch5
<_io.BytesIO object at 0x7f0671808860>     foundationdb   https://github.com/brianfrankcooper/YCSB/tree/master/foundationdb
<_io.BytesIO object at 0x7f0671808860>     geode          https://github.com/brianfrankcooper/YCSB/tree/master/geode
<_io.BytesIO object at 0x7f0671808860>     googlebigtable https://github.com/brianfrankcooper/YCSB/tree/master/googlebigtable
<_io.BytesIO object at 0x7f0671808860>     googledatastore https://github.com/brianfrankcooper/YCSB/tree/master/googledatastore
<_io.BytesIO object at 0x7f0671808860>     hbase098       https://github.com/brianfrankcooper/YCSB/tree/master/hbase098
<_io.BytesIO object at 0x7f0671808860>     hbase10        https://github.com/brianfrankcooper/YCSB/tree/master/hbase10
<_io.BytesIO object at 0x7f0671808860>     hbase12        https://github.com/brianfrankcooper/YCSB/tree/master/hbase12
<_io.BytesIO object at 0x7f0671808860>     hbase14        https://github.com/brianfrankcooper/YCSB/tree/master/hbase14
<_io.BytesIO object at 0x7f0671808860>     hbase20        https://github.com/brianfrankcooper/YCSB/tree/master/hbase20
<_io.BytesIO object at 0x7f0671808860>     hypertable     https://github.com/brianfrankcooper/YCSB/tree/master/hypertable
<_io.BytesIO object at 0x7f0671808860>     ignite         https://github.com/brianfrankcooper/YCSB/tree/master/ignite
<_io.BytesIO object at 0x7f0671808860>     ignite-sql     https://github.com/brianfrankcooper/YCSB/tree/master/ignite
<_io.BytesIO object at 0x7f0671808860>     infinispan     https://github.com/brianfrankcooper/YCSB/tree/master/infinispan
<_io.BytesIO object at 0x7f0671808860>     infinispan-cs  https://github.com/brianfrankcooper/YCSB/tree/master/infinispan
<_io.BytesIO object at 0x7f0671808860>     jdbc           https://github.com/brianfrankcooper/YCSB/tree/master/jdbc
<_io.BytesIO object at 0x7f0671808860>     kudu           https://github.com/brianfrankcooper/YCSB/tree/master/kudu
<_io.BytesIO object at 0x7f0671808860>     maprdb         https://github.com/brianfrankcooper/YCSB/tree/master/maprdb
<_io.BytesIO object at 0x7f0671808860>     maprjsondb     https://github.com/brianfrankcooper/YCSB/tree/master/maprjsondb
<_io.BytesIO object at 0x7f0671808860>     memcached      https://github.com/brianfrankcooper/YCSB/tree/master/memcached
<_io.BytesIO object at 0x7f0671808860>     mongodb        https://github.com/brianfrankcooper/YCSB/tree/master/mongodb
<_io.BytesIO object at 0x7f0671808860>     mongodb-async  https://github.com/brianfrankcooper/YCSB/tree/master/mongodb
<_io.BytesIO object at 0x7f0671808860>     nosqldb        https://github.com/brianfrankcooper/YCSB/tree/master/nosqldb
<_io.BytesIO object at 0x7f0671808860>     orientdb       https://github.com/brianfrankcooper/YCSB/tree/master/orientdb
<_io.BytesIO object at 0x7f0671808860>     rados          https://github.com/brianfrankcooper/YCSB/tree/master/rados
<_io.BytesIO object at 0x7f0671808860>     redis          https://github.com/brianfrankcooper/YCSB/tree/master/redis
<_io.BytesIO object at 0x7f0671808860>     rest           https://github.com/brianfrankcooper/YCSB/tree/master/rest
<_io.BytesIO object at 0x7f0671808860>     riak           https://github.com/brianfrankcooper/YCSB/tree/master/riak
<_io.BytesIO object at 0x7f0671808860>     rocksdb        https://github.com/brianfrankcooper/YCSB/tree/master/rocksdb
<_io.BytesIO object at 0x7f0671808860>     s3             https://github.com/brianfrankcooper/YCSB/tree/master/s3
<_io.BytesIO object at 0x7f0671808860>     solr           https://github.com/brianfrankcooper/YCSB/tree/master/solr
<_io.BytesIO object at 0x7f0671808860>     solr6          https://github.com/brianfrankcooper/YCSB/tree/master/solr6
<_io.BytesIO object at 0x7f0671808860>     tarantool      https://github.com/brianfrankcooper/YCSB/tree/master/tarantool
<_io.BytesIO object at 0x7f0671808860> 
Options:
<_io.BytesIO object at 0x7f0671808860>     -P file        Specify workload file
<_io.BytesIO object at 0x7f0671808860>     -cp path       Additional Java classpath entries
<_io.BytesIO object at 0x7f0671808860>     -jvm-args args Additional arguments to the JVM
<_io.BytesIO object at 0x7f0671808860>     -p key=value   Override workload property
<_io.BytesIO object at 0x7f0671808860>     -s             Print status to stderr
<_io.BytesIO object at 0x7f0671808860>     -target n      Target ops/sec (default: unthrottled)
<_io.BytesIO object at 0x7f0671808860>     -threads n     Number of client threads (default: 1)
<_io.BytesIO object at 0x7f0671808860> 
Workload Files:
    There are various predefined workloads under workloads/ directory.
    See https://github.com/brianfrankcooper/YCSB/wiki/Core-Properties
    for the list of workload properties.
<_io.TextIOWrapper name='<stderr>' mode='w' encoding='utf-8'> ERROR: java.lang.ArrayIndexOutOfBoundsException - ignoring and continuing
ERROR: java.lang.ArrayIndexOutOfBoundsException - ignoring and continuing
java.lang.ArrayIndexOutOfBoundsException: Histogram recorded value cannot be negative.
	at org.HdrHistogram.AbstractHistogram.countsArrayIndex(AbstractHistogram.java:1944)
	at org.HdrHistogram.AbstractHistogram.recordSingleValue(AbstractHistogram.java:414)
	at org.HdrHistogram.AbstractHistogram.recordValue(AbstractHistogram.java:333)
	at org.HdrHistogram.Recorder.recordValue(Recorder.java:100)
	at com.yahoo.ycsb.measurements.OneMeasurementHdrHistogram.measure(OneMeasurementHdrHistogram.java:101)
	at com.yahoo.ycsb.measurements.Measurements.measure(Measurements.java:189)
	at com.yahoo.ycsb.DBWrapper.measure(DBWrapper.java:178)
	at com.yahoo.ycsb.DBWrapper.read(DBWrapper.java:137)
	at com.yahoo.ycsb.workloads.CoreWorkload.doTransactionReadModifyWrite(CoreWorkload.java:749)
	at com.yahoo.ycsb.workloads.CoreWorkload.doTransaction(CoreWorkload.java:643)
	at com.yahoo.ycsb.ClientThread.run(Client.java:455)
	at java.lang.Thread.run(Thread.java:750)
java.lang.ArrayIndexOutOfBoundsException: Histogram recorded value cannot be negative.
	at org.HdrHistogram.AbstractHistogram.countsArrayIndex(AbstractHistogram.java:1944)
	at org.HdrHistogram.AbstractHistogram.recordSingleValue(AbstractHistogram.java:414)
	at org.HdrHistogram.AbstractHistogram.recordValue(AbstractHistogram.java:333)
	at org.HdrHistogram.Recorder.recordValue(Recorder.java:100)
	at com.yahoo.ycsb.measurements.OneMeasurementHdrHistogram.measure(OneMeasurementHdrHistogram.java:101)
	at com.yahoo.ycsb.measurements.Measurements.measure(Measurements.java:189)
	at com.yahoo.ycsb.DBWrapper.measure(DBWrapper.java:178)
	at com.yahoo.ycsb.DBWrapper.read(DBWrapper.java:137)
	at com.yahoo.ycsb.workloads.CoreWorkload.doTransactionReadModifyWrite(CoreWorkload.java:749)
	at com.yahoo.ycsb.workloads.CoreWorkload.doTransaction(CoreWorkload.java:643)
	at com.yahoo.ycsb.ClientThread.run(Client.java:455)
	at java.lang.Thread.run(Thread.java:750)
ERROR: java.lang.ArrayIndexOutOfBoundsException - ignoring and continuing
java.lang.ArrayIndexOutOfBoundsException: Histogram recorded value cannot be negative.
	at org.HdrHistogram.AbstractHistogram.countsArrayIndex(AbstractHistogram.java:1944)
	at org.HdrHistogram.AbstractHistogram.recordSingleValue(AbstractHistogram.java:414)
	at org.HdrHistogram.AbstractHistogram.recordValue(AbstractHistogram.java:333)
	at org.HdrHistogram.Recorder.recordValue(Recorder.java:100)
	at com.yahoo.ycsb.measurements.OneMeasurementHdrHistogram.measure(OneMeasurementHdrHistogram.java:101)
	at com.yahoo.ycsb.measurements.Measurements.measure(Measurements.java:189)
	at com.yahoo.ycsb.DBWrapper.measure(DBWrapper.java:178)
	at com.yahoo.ycsb.DBWrapper.read(DBWrapper.java:137)
	at com.yahoo.ycsb.workloads.CoreWorkload.doTransactionRead(CoreWorkload.java:709)
	at com.yahoo.ycsb.workloads.CoreWorkload.doTransaction(CoreWorkload.java:631)
	at com.yahoo.ycsb.ClientThread.run(Client.java:455)
	at java.lang.Thread.run(Thread.java:750)
ERROR: java.lang.ArrayIndexOutOfBoundsException - ignoring and continuing
java.lang.ArrayIndexOutOfBoundsException: Histogram recorded value cannot be negative.
	at org.HdrHistogram.AbstractHistogram.countsArrayIndex(AbstractHistogram.java:1944)
	at org.HdrHistogram.AbstractHistogram.recordSingleValue(AbstractHistogram.java:414)
	at org.HdrHistogram.AbstractHistogram.recordValue(AbstractHistogram.java:333)
	at org.HdrHistogram.Recorder.recordValue(Recorder.java:100)
	at com.yahoo.ycsb.measurements.OneMeasurementHdrHistogram.measure(OneMeasurementHdrHistogram.java:101)
	at com.yahoo.ycsb.measurements.Measurements.measure(Measurements.java:189)
	at com.yahoo.ycsb.DBWrapper.measure(DBWrapper.java:178)
	at com.yahoo.ycsb.DBWrapper.read(DBWrapper.java:137)
	at com.yahoo.ycsb.workloads.CoreWorkload.doTransactionRead(CoreWorkload.java:709)
	at com.yahoo.ycsb.workloads.CoreWorkload.doTransaction(CoreWorkload.java:631)
	at com.yahoo.ycsb.ClientThread.run(Client.java:455)
	at java.lang.Thread.run(Thread.java:750)
ERROR: java.lang.ArrayIndexOutOfBoundsException - ignoring and continuing
ERROR: java.lang.ArrayIndexOutOfBoundsException - ignoring and continuing
java.lang.ArrayIndexOutOfBoundsException: Histogram recorded value cannot be negative.
	at org.HdrHistogram.AbstractHistogram.countsArrayIndex(AbstractHistogram.java:1944)
	at org.HdrHistogram.AbstractHistogram.recordSingleValue(AbstractHistogram.java:414)
	at org.HdrHistogram.AbstractHistogram.recordValue(AbstractHistogram.java:333)
	at org.HdrHistogram.Recorder.recordValue(Recorder.java:100)
	at com.yahoo.ycsb.measurements.OneMeasurementHdrHistogram.measure(OneMeasurementHdrHistogram.java:101)
	at com.yahoo.ycsb.measurements.Measurements.measure(Measurements.java:189)
	at com.yahoo.ycsb.workloads.CoreWorkload.doTransactionReadModifyWrite(CoreWorkload.java:759)
	at com.yahoo.ycsb.workloads.CoreWorkload.doTransaction(CoreWorkload.java:643)
	at com.yahoo.ycsb.ClientThread.run(Client.java:455)
	at java.lang.Thread.run(Thread.java:750)
ERROR: java.lang.ArrayIndexOutOfBoundsException - ignoring and continuing
ERROR: java.lang.ArrayIndexOutOfBoundsException - ignoring and continuing
ERROR: java.lang.ArrayIndexOutOfBoundsException - ignoring and continuing
ERROR: java.lang.ArrayIndexOutOfBoundsException - ignoring and continuing
ERROR: java.lang.ArrayIndexOutOfBoundsException - ignoring and continuing
ERROR: java.lang.ArrayIndexOutOfBoundsException - ignoring and continuing
ERROR: java.lang.ArrayIndexOutOfBoundsException - ignoring and continuing
ERROR: java.lang.ArrayIndexOutOfBoundsException - ignoring and continuing
ERROR: java.lang.ArrayIndexOutOfBoundsException - ignoring and continuing
ERROR: java.lang.ArrayIndexOutOfBoundsException - ignoring and continuing
ERROR: java.lang.ArrayIndexOutOfBoundsException - ignoring and continuing
ERROR: java.lang.ArrayIndexOutOfBoundsException - ignoring and continuing
ERROR: java.lang.ArrayIndexOutOfBoundsException - ignoring and continuing
ERROR: java.lang.ArrayIndexOutOfBoundsException - ignoring and continuing
ERROR: java.lang.ArrayIndexOutOfBoundsException - ignoring and continuing
ERROR: java.lang.ArrayIndexOutOfBoundsException - ignoring and continuing
ERROR: java.lang.ArrayIndexOutOfBoundsException - ignoring and continuing
ERROR: java.lang.ArrayIndexOutOfBoundsException - ignoring and continuing
java.lang.ArrayIndexOutOfBoundsException: Histogram recorded value cannot be negative.
	at org.HdrHistogram.AbstractHistogram.countsArrayIndex(AbstractHistogram.java:1944)
	at org.HdrHistogram.AbstractHistogram.recordSingleValue(AbstractHistogram.java:414)
	at org.HdrHistogram.AbstractHistogram.recordValue(AbstractHistogram.java:333)
	at org.HdrHistogram.Recorder.recordValue(Recorder.java:100)
	at com.yahoo.ycsb.measurements.OneMeasurementHdrHistogram.measure(OneMeasurementHdrHistogram.java:101)
	at com.yahoo.ycsb.measurements.Measurements.measure(Measurements.java:189)
	at com.yahoo.ycsb.DBWrapper.measure(DBWrapper.java:178)
	at com.yahoo.ycsb.DBWrapper.read(DBWrapper.java:137)
	at com.yahoo.ycsb.workloads.CoreWorkload.doTransactionReadModifyWrite(CoreWorkload.java:749)
	at com.yahoo.ycsb.workloads.CoreWorkload.doTransaction(CoreWorkload.java:643)
	at com.yahoo.ycsb.ClientThread.run(Client.java:455)
	at java.lang.Thread.run(Thread.java:750)
java.lang.ArrayIndexOutOfBoundsException: Histogram recorded value cannot be negative.
	at org.HdrHistogram.AbstractHistogram.countsArrayIndex(AbstractHistogram.java:1944)
	at org.HdrHistogram.AbstractHistogram.recordSingleValue(AbstractHistogram.java:414)
	at org.HdrHistogram.AbstractHistogram.recordValue(AbstractHistogram.java:333)
	at org.HdrHistogram.Recorder.recordValue(Recorder.java:100)
	at com.yahoo.ycsb.measurements.OneMeasurementHdrHistogram.measure(OneMeasurementHdrHistogram.java:101)
	at com.yahoo.ycsb.measurements.Measurements.measure(Measurements.java:189)
	at com.yahoo.ycsb.DBWrapper.measure(DBWrapper.java:178)
	at com.yahoo.ycsb.DBWrapper.read(DBWrapper.java:137)
	at com.yahoo.ycsb.workloads.CoreWorkload.doTransactionReadModifyWrite(CoreWorkload.java:749)
	at com.yahoo.ycsb.workloads.CoreWorkload.doTransaction(CoreWorkload.java:643)
	at com.yahoo.ycsb.ClientThread.run(Client.java:455)
	at java.lang.Thread.run(Thread.java:750)
ERROR: java.lang.ArrayIndexOutOfBoundsException - ignoring and continuing
java.lang.ArrayIndexOutOfBoundsException: Histogram recorded value cannot be negative.
	at org.HdrHistogram.AbstractHistogram.countsArrayIndex(AbstractHistogram.java:1944)
	at org.HdrHistogram.AbstractHistogram.recordSingleValue(AbstractHistogram.java:414)
	at org.HdrHistogram.AbstractHistogram.recordValue(AbstractHistogram.java:333)
	at org.HdrHistogram.Recorder.recordValue(Recorder.java:100)
	at com.yahoo.ycsb.measurements.OneMeasurementHdrHistogram.measure(OneMeasurementHdrHistogram.java:101)
	at com.yahoo.ycsb.measurements.Measurements.measure(Measurements.java:189)
	at com.yahoo.ycsb.DBWrapper.measure(DBWrapper.java:178)
	at com.yahoo.ycsb.DBWrapper.read(DBWrapper.java:137)
	at com.yahoo.ycsb.workloads.CoreWorkload.doTransactionReadModifyWrite(CoreWorkload.java:749)
	at com.yahoo.ycsb.workloads.CoreWorkload.doTransaction(CoreWorkload.java:643)
	at com.yahoo.ycsb.ClientThread.run(Client.java:455)
	at java.lang.Thread.run(Thread.java:750)
java.lang.ArrayIndexOutOfBoundsException: Histogram recorded value cannot be negative.
	at org.HdrHistogram.AbstractHistogram.countsArrayIndex(AbstractHistogram.java:1944)
	at org.HdrHistogram.AbstractHistogram.recordSingleValue(AbstractHistogram.java:414)
	at org.HdrHistogram.AbstractHistogram.recordValue(AbstractHistogram.java:333)
	at org.HdrHistogram.Recorder.recordValue(Recorder.java:100)
	at com.yahoo.ycsb.measurements.OneMeasurementHdrHistogram.measure(OneMeasurementHdrHistogram.java:101)
	at com.yahoo.ycsb.measurements.Measurements.measure(Measurements.java:189)
	at com.yahoo.ycsb.DBWrapper.measure(DBWrapper.java:178)
	at com.yahoo.ycsb.DBWrapper.read(DBWrapper.java:137)
	at com.yahoo.ycsb.workloads.CoreWorkload.doTransactionReadModifyWrite(CoreWorkload.java:749)
	at com.yahoo.ycsb.workloads.CoreWorkload.doTransaction(CoreWorkload.java:643)
	at com.yahoo.ycsb.ClientThread.run(Client.java:455)
	at java.lang.Thread.run(Thread.java:750)
java.lang.ArrayIndexOutOfBoundsException: Histogram recorded value cannot be negative.
	at org.HdrHistogram.AbstractHistogram.countsArrayIndex(AbstractHistogram.java:1944)
	at org.HdrHistogram.AbstractHistogram.recordSingleValue(AbstractHistogram.java:414)
	at org.HdrHistogram.AbstractHistogram.recordValue(AbstractHistogram.java:333)
	at org.HdrHistogram.Recorder.recordValue(Recorder.java:100)
	at com.yahoo.ycsb.measurements.OneMeasurementHdrHistogram.measure(OneMeasurementHdrHistogram.java:101)
	at com.yahoo.ycsb.measurements.Measurements.measure(Measurements.java:189)
	at com.yahoo.ycsb.DBWrapper.measure(DBWrapper.java:178)
	at com.yahoo.ycsb.DBWrapper.read(DBWrapper.java:137)
	at com.yahoo.ycsb.workloads.CoreWorkload.doTransactionReadModifyWrite(CoreWorkload.java:749)
	at com.yahoo.ycsb.workloads.CoreWorkload.doTransaction(CoreWorkload.java:643)
	at com.yahoo.ycsb.ClientThread.run(Client.java:455)
	at java.lang.Thread.run(Thread.java:750)
ERROR: java.lang.ArrayIndexOutOfBoundsException - ignoring and continuing
ERROR: java.lang.ArrayIndexOutOfBoundsException - ignoring and continuing
java.lang.ArrayIndexOutOfBoundsException: Histogram recorded value cannot be negative.
	at org.HdrHistogram.AbstractHistogram.countsArrayIndex(AbstractHistogram.java:1944)
	at org.HdrHistogram.AbstractHistogram.recordSingleValue(AbstractHistogram.java:414)
	at org.HdrHistogram.AbstractHistogram.recordValue(AbstractHistogram.java:333)
	at org.HdrHistogram.Recorder.recordValue(Recorder.java:100)
	at com.yahoo.ycsb.measurements.OneMeasurementHdrHistogram.measure(OneMeasurementHdrHistogram.java:101)
	at com.yahoo.ycsb.measurements.Measurements.measure(Measurements.java:189)
	at com.yahoo.ycsb.DBWrapper.measure(DBWrapper.java:178)
	at com.yahoo.ycsb.DBWrapper.read(DBWrapper.java:137)
	at com.yahoo.ycsb.workloads.CoreWorkload.doTransactionReadModifyWrite(CoreWorkload.java:749)
	at com.yahoo.ycsb.workloads.CoreWorkload.doTransaction(CoreWorkload.java:643)
	at com.yahoo.ycsb.ClientThread.run(Client.java:455)
	at java.lang.Thread.run(Thread.java:750)
java.lang.ArrayIndexOutOfBoundsException: Histogram recorded value cannot be negative.
	at org.HdrHistogram.AbstractHistogram.countsArrayIndex(AbstractHistogram.java:1944)
	at org.HdrHistogram.AbstractHistogram.recordSingleValue(AbstractHistogram.java:414)
	at org.HdrHistogram.AbstractHistogram.recordValue(AbstractHistogram.java:333)
	at org.HdrHistogram.Recorder.recordValue(Recorder.java:100)
	at com.yahoo.ycsb.measurements.OneMeasurementHdrHistogram.measure(OneMeasurementHdrHistogram.java:101)
	at com.yahoo.ycsb.measurements.Measurements.measure(Measurements.java:189)
	at com.yahoo.ycsb.DBWrapper.measure(DBWrapper.java:178)
	at com.yahoo.ycsb.DBWrapper.read(DBWrapper.java:137)
	at com.yahoo.ycsb.workloads.CoreWorkload.doTransactionRead(CoreWorkload.java:709)
	at com.yahoo.ycsb.workloads.CoreWorkload.doTransaction(CoreWorkload.java:631)
	at com.yahoo.ycsb.ClientThread.run(Client.java:455)
	at java.lang.Thread.run(Thread.java:750)
java.lang.ArrayIndexOutOfBoundsException: Histogram recorded value cannot be negative.
	at org.HdrHistogram.AbstractHistogram.countsArrayIndex(AbstractHistogram.java:1944)
	at org.HdrHistogram.AbstractHistogram.recordSingleValue(AbstractHistogram.java:414)
	at org.HdrHistogram.AbstractHistogram.recordValue(AbstractHistogram.java:333)
	at org.HdrHistogram.Recorder.recordValue(Recorder.java:100)
	at com.yahoo.ycsb.measurements.OneMeasurementHdrHistogram.measure(OneMeasurementHdrHistogram.java:101)
	at com.yahoo.ycsb.measurements.Measurements.measure(Measurements.java:189)
	at com.yahoo.ycsb.DBWrapper.measure(DBWrapper.java:178)
	at com.yahoo.ycsb.DBWrapper.read(DBWrapper.java:137)
	at com.yahoo.ycsb.workloads.CoreWorkload.doTransactionRead(CoreWorkload.java:709)
	at com.yahoo.ycsb.workloads.CoreWorkload.doTransaction(CoreWorkload.java:631)
	at com.yahoo.ycsb.ClientThread.run(Client.java:455)
	at java.lang.Thread.run(Thread.java:750)
java.lang.ArrayIndexOutOfBoundsException: Histogram recorded value cannot be negative.
	at org.HdrHistogram.AbstractHistogram.countsArrayIndex(AbstractHistogram.java:1944)
	at org.HdrHistogram.AbstractHistogram.recordSingleValue(AbstractHistogram.java:414)
	at org.HdrHistogram.AbstractHistogram.recordValue(AbstractHistogram.java:333)
	at org.HdrHistogram.Recorder.recordValue(Recorder.java:100)
	at com.yahoo.ycsb.measurements.OneMeasurementHdrHistogram.measure(OneMeasurementHdrHistogram.java:101)
	at com.yahoo.ycsb.measurements.Measurements.measure(Measurements.java:189)
	at com.yahoo.ycsb.DBWrapper.measure(DBWrapper.java:178)
	at com.yahoo.ycsb.DBWrapper.read(DBWrapper.java:137)
	at com.yahoo.ycsb.workloads.CoreWorkload.doTransactionRead(CoreWorkload.java:709)
	at com.yahoo.ycsb.workloads.CoreWorkload.doTransaction(CoreWorkload.java:631)
	at com.yahoo.ycsb.ClientThread.run(Client.java:455)
	at java.lang.Thread.run(Thread.java:750)
java.lang.ArrayIndexOutOfBoundsException: Histogram recorded value cannot be negative.
	at org.HdrHistogram.AbstractHistogram.countsArrayIndex(AbstractHistogram.java:1944)
	at org.HdrHistogram.AbstractHistogram.recordSingleValue(AbstractHistogram.java:414)
	at org.HdrHistogram.AbstractHistogram.recordValue(AbstractHistogram.java:333)
	at org.HdrHistogram.Recorder.recordValue(Recorder.java:100)
	at com.yahoo.ycsb.measurements.OneMeasurementHdrHistogram.measure(OneMeasurementHdrHistogram.java:101)
	at com.yahoo.ycsb.measurements.Measurements.measure(Measurements.java:189)
	at com.yahoo.ycsb.DBWrapper.measure(DBWrapper.java:178)
	at com.yahoo.ycsb.DBWrapper.read(DBWrapper.java:137)
	at com.yahoo.ycsb.workloads.CoreWorkload.doTransactionReadModifyWrite(CoreWorkload.java:749)
	at com.yahoo.ycsb.workloads.CoreWorkload.doTransaction(CoreWorkload.java:643)
	at com.yahoo.ycsb.ClientThread.run(Client.java:455)
	at java.lang.Thread.run(Thread.java:750)
java.lang.ArrayIndexOutOfBoundsException: Histogram recorded value cannot be negative.
	at org.HdrHistogram.AbstractHistogram.countsArrayIndex(AbstractHistogram.java:1944)
	at org.HdrHistogram.AbstractHistogram.recordSingleValue(AbstractHistogram.java:414)
	at org.HdrHistogram.AbstractHistogram.recordValue(AbstractHistogram.java:333)
	at org.HdrHistogram.Recorder.recordValue(Recorder.java:100)
	at com.yahoo.ycsb.measurements.OneMeasurementHdrHistogram.measure(OneMeasurementHdrHistogram.java:101)
	at com.yahoo.ycsb.measurements.Measurements.measure(Measurements.java:189)
	at com.yahoo.ycsb.DBWrapper.measure(DBWrapper.java:178)
	at com.yahoo.ycsb.DBWrapper.read(DBWrapper.java:137)
	at com.yahoo.ycsb.workloads.CoreWorkload.doTransactionRead(CoreWorkload.java:709)
	at com.yahoo.ycsb.workloads.CoreWorkload.doTransaction(CoreWorkload.java:631)
	at com.yahoo.ycsb.ClientThread.run(Client.java:455)
	at java.lang.Thread.run(Thread.java:750)
java.lang.ArrayIndexOutOfBoundsException: Histogram recorded value cannot be negative.
	at org.HdrHistogram.AbstractHistogram.countsArrayIndex(AbstractHistogram.java:1944)
	at org.HdrHistogram.AbstractHistogram.recordSingleValue(AbstractHistogram.java:414)
	at org.HdrHistogram.AbstractHistogram.recordValue(AbstractHistogram.java:333)
	at org.HdrHistogram.Recorder.recordValue(Recorder.java:100)
	at com.yahoo.ycsb.measurements.OneMeasurementHdrHistogram.measure(OneMeasurementHdrHistogram.java:101)
	at com.yahoo.ycsb.measurements.Measurements.measure(Measurements.java:189)
	at com.yahoo.ycsb.DBWrapper.measure(DBWrapper.java:178)
	at com.yahoo.ycsb.DBWrapper.read(DBWrapper.java:137)
	at com.yahoo.ycsb.workloads.CoreWorkload.doTransactionReadModifyWrite(CoreWorkload.java:749)
	at com.yahoo.ycsb.workloads.CoreWorkload.doTransaction(CoreWorkload.java:643)
	at com.yahoo.ycsb.ClientThread.run(Client.java:455)
	at java.lang.Thread.run(Thread.java:750)
java.lang.ArrayIndexOutOfBoundsException: Histogram recorded value cannot be negative.
	at org.HdrHistogram.AbstractHistogram.countsArrayIndex(AbstractHistogram.java:1944)
	at org.HdrHistogram.AbstractHistogram.recordSingleValue(AbstractHistogram.java:414)
	at org.HdrHistogram.AbstractHistogram.recordValue(AbstractHistogram.java:333)
	at org.HdrHistogram.Recorder.recordValue(Recorder.java:100)
	at com.yahoo.ycsb.measurements.OneMeasurementHdrHistogram.measure(OneMeasurementHdrHistogram.java:101)
	at com.yahoo.ycsb.measurements.Measurements.measure(Measurements.java:189)
	at com.yahoo.ycsb.DBWrapper.measure(DBWrapper.java:178)
	at com.yahoo.ycsb.DBWrapper.read(DBWrapper.java:137)
	at com.yahoo.ycsb.workloads.CoreWorkload.doTransactionReadModifyWrite(CoreWorkload.java:749)
	at com.yahoo.ycsb.workloads.CoreWorkload.doTransaction(CoreWorkload.java:643)
	at com.yahoo.ycsb.ClientThread.run(Client.java:455)
	at java.lang.Thread.run(Thread.java:750)
java.lang.ArrayIndexOutOfBoundsException: Histogram recorded value cannot be negative.
	at org.HdrHistogram.AbstractHistogram.countsArrayIndex(AbstractHistogram.java:1944)
	at org.HdrHistogram.AbstractHistogram.recordSingleValue(AbstractHistogram.java:414)
	at org.HdrHistogram.AbstractHistogram.recordValue(AbstractHistogram.java:333)
	at org.HdrHistogram.Recorder.recordValue(Recorder.java:100)
	at com.yahoo.ycsb.measurements.OneMeasurementHdrHistogram.measure(OneMeasurementHdrHistogram.java:101)
	at com.yahoo.ycsb.measurements.Measurements.measure(Measurements.java:189)
	at com.yahoo.ycsb.DBWrapper.measure(DBWrapper.java:178)
	at com.yahoo.ycsb.DBWrapper.read(DBWrapper.java:137)
	at com.yahoo.ycsb.workloads.CoreWorkload.doTransactionRead(CoreWorkload.java:709)
	at com.yahoo.ycsb.workloads.CoreWorkload.doTransaction(CoreWorkload.java:631)
	at com.yahoo.ycsb.ClientThread.run(Client.java:455)
	at java.lang.Thread.run(Thread.java:750)
java.lang.ArrayIndexOutOfBoundsException: Histogram recorded value cannot be negative.
	at org.HdrHistogram.AbstractHistogram.countsArrayIndex(AbstractHistogram.java:1944)
	at org.HdrHistogram.AbstractHistogram.recordSingleValue(AbstractHistogram.java:414)
	at org.HdrHistogram.AbstractHistogram.recordValue(AbstractHistogram.java:333)
	at org.HdrHistogram.Recorder.recordValue(Recorder.java:100)
	at com.yahoo.ycsb.measurements.OneMeasurementHdrHistogram.measure(OneMeasurementHdrHistogram.java:101)
	at com.yahoo.ycsb.measurements.Measurements.measure(Measurements.java:189)
	at com.yahoo.ycsb.DBWrapper.measure(DBWrapper.java:178)
	at com.yahoo.ycsb.DBWrapper.read(DBWrapper.java:137)
	at com.yahoo.ycsb.workloads.CoreWorkload.doTransactionRead(CoreWorkload.java:709)
	at com.yahoo.ycsb.workloads.CoreWorkload.doTransaction(CoreWorkload.java:631)
	at com.yahoo.ycsb.ClientThread.run(Client.java:455)
	at java.lang.Thread.run(Thread.java:750)
java.lang.ArrayIndexOutOfBoundsException: Histogram recorded value cannot be negative.
	at org.HdrHistogram.AbstractHistogram.countsArrayIndex(AbstractHistogram.java:1944)
	at org.HdrHistogram.AbstractHistogram.recordSingleValue(AbstractHistogram.java:414)
	at org.HdrHistogram.AbstractHistogram.recordValue(AbstractHistogram.java:333)
	at org.HdrHistogram.Recorder.recordValue(Recorder.java:100)
	at com.yahoo.ycsb.measurements.OneMeasurementHdrHistogram.measure(OneMeasurementHdrHistogram.java:101)
	at com.yahoo.ycsb.measurements.Measurements.measure(Measurements.java:189)
	at com.yahoo.ycsb.DBWrapper.measure(DBWrapper.java:178)
	at com.yahoo.ycsb.DBWrapper.read(DBWrapper.java:137)
	at com.yahoo.ycsb.workloads.CoreWorkload.doTransactionReadModifyWrite(CoreWorkload.java:749)
	at com.yahoo.ycsb.workloads.CoreWorkload.doTransaction(CoreWorkload.java:643)
	at com.yahoo.ycsb.ClientThread.run(Client.java:455)
	at java.lang.Thread.run(Thread.java:750)
java.lang.ArrayIndexOutOfBoundsException: Histogram recorded value cannot be negative.
	at org.HdrHistogram.AbstractHistogram.countsArrayIndex(AbstractHistogram.java:1944)
	at org.HdrHistogram.AbstractHistogram.recordSingleValue(AbstractHistogram.java:414)
	at org.HdrHistogram.AbstractHistogram.recordValue(AbstractHistogram.java:333)
	at org.HdrHistogram.Recorder.recordValue(Recorder.java:100)
	at com.yahoo.ycsb.measurements.OneMeasurementHdrHistogram.measure(OneMeasurementHdrHistogram.java:101)
	at com.yahoo.ycsb.measurements.Measurements.measure(Measurements.java:189)
	at com.yahoo.ycsb.DBWrapper.measure(DBWrapper.java:178)
	at com.yahoo.ycsb.DBWrapper.read(DBWrapper.java:137)
	at com.yahoo.ycsb.workloads.CoreWorkload.doTransactionReadModifyWrite(CoreWorkload.java:749)
	at com.yahoo.ycsb.workloads.CoreWorkload.doTransaction(CoreWorkload.java:643)
	at com.yahoo.ycsb.ClientThread.run(Client.java:455)
	at java.lang.Thread.run(Thread.java:750)
java.lang.ArrayIndexOutOfBoundsException: Histogram recorded value cannot be negative.
	at org.HdrHistogram.AbstractHistogram.countsArrayIndex(AbstractHistogram.java:1944)
	at org.HdrHistogram.AbstractHistogram.recordSingleValue(AbstractHistogram.java:414)
	at org.HdrHistogram.AbstractHistogram.recordValue(AbstractHistogram.java:333)
	at org.HdrHistogram.Recorder.recordValue(Recorder.java:100)
	at com.yahoo.ycsb.measurements.OneMeasurementHdrHistogram.measure(OneMeasurementHdrHistogram.java:101)
	at com.yahoo.ycsb.measurements.Measurements.measure(Measurements.java:189)
	at com.yahoo.ycsb.DBWrapper.measure(DBWrapper.java:178)
	at com.yahoo.ycsb.DBWrapper.read(DBWrapper.java:137)
	at com.yahoo.ycsb.workloads.CoreWorkload.doTransactionRead(CoreWorkload.java:709)
	at com.yahoo.ycsb.workloads.CoreWorkload.doTransaction(CoreWorkload.java:631)
	at com.yahoo.ycsb.ClientThread.run(Client.java:455)
	at java.lang.Thread.run(Thread.java:750)
java.lang.ArrayIndexOutOfBoundsException: Histogram recorded value cannot be negative.
	at org.HdrHistogram.AbstractHistogram.countsArrayIndex(AbstractHistogram.java:1944)
	at org.HdrHistogram.AbstractHistogram.recordSingleValue(AbstractHistogram.java:414)
	at org.HdrHistogram.AbstractHistogram.recordValue(AbstractHistogram.java:333)
	at org.HdrHistogram.Recorder.recordValue(Recorder.java:100)
	at com.yahoo.ycsb.measurements.OneMeasurementHdrHistogram.measure(OneMeasurementHdrHistogram.java:101)
	at com.yahoo.ycsb.measurements.Measurements.measure(Measurements.java:189)
	at com.yahoo.ycsb.workloads.CoreWorkload.doTransactionReadModifyWrite(CoreWorkload.java:759)
	at com.yahoo.ycsb.workloads.CoreWorkload.doTransaction(CoreWorkload.java:643)
	at com.yahoo.ycsb.ClientThread.run(Client.java:455)
	at java.lang.Thread.run(Thread.java:750)
java.lang.ArrayIndexOutOfBoundsException: Histogram recorded value cannot be negative.
	at org.HdrHistogram.AbstractHistogram.countsArrayIndex(AbstractHistogram.java:1944)
	at org.HdrHistogram.AbstractHistogram.recordSingleValue(AbstractHistogram.java:414)
	at org.HdrHistogram.AbstractHistogram.recordValue(AbstractHistogram.java:333)
	at org.HdrHistogram.Recorder.recordValue(Recorder.java:100)
	at com.yahoo.ycsb.measurements.OneMeasurementHdrHistogram.measure(OneMeasurementHdrHistogram.java:101)
	at com.yahoo.ycsb.measurements.Measurements.measure(Measurements.java:189)
	at com.yahoo.ycsb.DBWrapper.measure(DBWrapper.java:178)
	at com.yahoo.ycsb.DBWrapper.read(DBWrapper.java:137)
	at com.yahoo.ycsb.workloads.CoreWorkload.doTransactionReadModifyWrite(CoreWorkload.java:749)
	at com.yahoo.ycsb.workloads.CoreWorkload.doTransaction(CoreWorkload.java:643)
	at com.yahoo.ycsb.ClientThread.run(Client.java:455)
	at java.lang.Thread.run(Thread.java:750)
java.lang.ArrayIndexOutOfBoundsException: Histogram recorded value cannot be negative.
	at org.HdrHistogram.AbstractHistogram.countsArrayIndex(AbstractHistogram.java:1944)
	at org.HdrHistogram.AbstractHistogram.recordSingleValue(AbstractHistogram.java:414)
	at org.HdrHistogram.AbstractHistogram.recordValue(AbstractHistogram.java:333)
	at org.HdrHistogram.Recorder.recordValue(Recorder.java:100)
	at com.yahoo.ycsb.measurements.OneMeasurementHdrHistogram.measure(OneMeasurementHdrHistogram.java:101)
	at com.yahoo.ycsb.measurements.Measurements.measure(Measurements.java:189)
	at com.yahoo.ycsb.DBWrapper.measure(DBWrapper.java:178)
	at com.yahoo.ycsb.DBWrapper.read(DBWrapper.java:137)
	at com.yahoo.ycsb.workloads.CoreWorkload.doTransactionRead(CoreWorkload.java:709)
	at com.yahoo.ycsb.workloads.CoreWorkload.doTransaction(CoreWorkload.java:631)
	at com.yahoo.ycsb.ClientThread.run(Client.java:455)
	at java.lang.Thread.run(Thread.java:750)
java.lang.ArrayIndexOutOfBoundsException: Histogram recorded value cannot be negative.
	at org.HdrHistogram.AbstractHistogram.countsArrayIndex(AbstractHistogram.java:1944)
	at org.HdrHistogram.AbstractHistogram.recordSingleValue(AbstractHistogram.java:414)
	at org.HdrHistogram.AbstractHistogram.recordValue(AbstractHistogram.java:333)
	at org.HdrHistogram.Recorder.recordValue(Recorder.java:100)
	at com.yahoo.ycsb.measurements.OneMeasurementHdrHistogram.measure(OneMeasurementHdrHistogram.java:101)
	at com.yahoo.ycsb.measurements.Measurements.measure(Measurements.java:189)
	at com.yahoo.ycsb.DBWrapper.measure(DBWrapper.java:178)
	at com.yahoo.ycsb.DBWrapper.read(DBWrapper.java:137)
	at com.yahoo.ycsb.workloads.CoreWorkload.doTransactionRead(CoreWorkload.java:709)
	at com.yahoo.ycsb.workloads.CoreWorkload.doTransaction(CoreWorkload.java:631)
	at com.yahoo.ycsb.ClientThread.run(Client.java:455)
	at java.lang.Thread.run(Thread.java:750)
ERROR: java.lang.ArrayIndexOutOfBoundsException - ignoring and continuing
ERROR: java.lang.ArrayIndexOutOfBoundsException - ignoring and continuing
ERROR: java.lang.ArrayIndexOutOfBoundsException - ignoring and continuing
ERROR: java.lang.ArrayIndexOutOfBoundsException - ignoring and continuing
ERROR: java.lang.ArrayIndexOutOfBoundsException - ignoring and continuing
ERROR: java.lang.ArrayIndexOutOfBoundsException - ignoring and continuing
ERROR: java.lang.ArrayIndexOutOfBoundsException - ignoring and continuing
java.lang.ArrayIndexOutOfBoundsException: Histogram recorded value cannot be negative.
	at org.HdrHistogram.AbstractHistogram.countsArrayIndex(AbstractHistogram.java:1944)
	at org.HdrHistogram.AbstractHistogram.recordSingleValue(AbstractHistogram.java:414)
	at org.HdrHistogram.AbstractHistogram.recordValue(AbstractHistogram.java:333)
	at org.HdrHistogram.Recorder.recordValue(Recorder.java:100)
	at com.yahoo.ycsb.measurements.OneMeasurementHdrHistogram.measure(OneMeasurementHdrHistogram.java:101)
	at com.yahoo.ycsb.measurements.Measurements.measure(Measurements.java:189)
	at com.yahoo.ycsb.workloads.CoreWorkload.doTransactionReadModifyWrite(CoreWorkload.java:759)
	at com.yahoo.ycsb.workloads.CoreWorkload.doTransaction(CoreWorkload.java:643)
	at com.yahoo.ycsb.ClientThread.run(Client.java:455)
	at java.lang.Thread.run(Thread.java:750)
java.lang.ArrayIndexOutOfBoundsException: Histogram recorded value cannot be negative.
	at org.HdrHistogram.AbstractHistogram.countsArrayIndex(AbstractHistogram.java:1944)
	at org.HdrHistogram.AbstractHistogram.recordSingleValue(AbstractHistogram.java:414)
	at org.HdrHistogram.AbstractHistogram.recordValue(AbstractHistogram.java:333)
	at org.HdrHistogram.Recorder.recordValue(Recorder.java:100)
	at com.yahoo.ycsb.measurements.OneMeasurementHdrHistogram.measure(OneMeasurementHdrHistogram.java:101)
	at com.yahoo.ycsb.measurements.Measurements.measure(Measurements.java:189)
	at com.yahoo.ycsb.workloads.CoreWorkload.doTransactionReadModifyWrite(CoreWorkload.java:759)
	at com.yahoo.ycsb.workloads.CoreWorkload.doTransaction(CoreWorkload.java:643)
	at com.yahoo.ycsb.ClientThread.run(Client.java:455)
	at java.lang.Thread.run(Thread.java:750)
ERROR: java.lang.ArrayIndexOutOfBoundsException - ignoring and continuing
ERROR: java.lang.ArrayIndexOutOfBoundsException - ignoring and continuing
java.lang.ArrayIndexOutOfBoundsException: Histogram recorded value cannot be negative.
	at org.HdrHistogram.AbstractHistogram.countsArrayIndex(AbstractHistogram.java:1944)
	at org.HdrHistogram.AbstractHistogram.recordSingleValue(AbstractHistogram.java:414)
	at org.HdrHistogram.AbstractHistogram.recordValue(AbstractHistogram.java:333)
	at org.HdrHistogram.Recorder.recordValue(Recorder.java:100)
	at com.yahoo.ycsb.measurements.OneMeasurementHdrHistogram.measure(OneMeasurementHdrHistogram.java:101)
	at com.yahoo.ycsb.measurements.Measurements.measure(Measurements.java:189)
	at com.yahoo.ycsb.workloads.CoreWorkload.doTransactionReadModifyWrite(CoreWorkload.java:759)
	at com.yahoo.ycsb.workloads.CoreWorkload.doTransaction(CoreWorkload.java:643)
	at com.yahoo.ycsb.ClientThread.run(Client.java:455)
	at java.lang.Thread.run(Thread.java:750)
ERROR: java.lang.ArrayIndexOutOfBoundsException - ignoring and continuing
java.lang.ArrayIndexOutOfBoundsException: Histogram recorded value cannot be negative.
	at org.HdrHistogram.AbstractHistogram.countsArrayIndex(AbstractHistogram.java:1944)
	at org.HdrHistogram.AbstractHistogram.recordSingleValue(AbstractHistogram.java:414)
	at org.HdrHistogram.AbstractHistogram.recordValue(AbstractHistogram.java:333)
	at org.HdrHistogram.Recorder.recordValue(Recorder.java:100)
	at com.yahoo.ycsb.measurements.OneMeasurementHdrHistogram.measure(OneMeasurementHdrHistogram.java:101)
	at com.yahoo.ycsb.measurements.Measurements.measure(Measurements.java:189)
	at com.yahoo.ycsb.workloads.CoreWorkload.doTransactionReadModifyWrite(CoreWorkload.java:759)
	at com.yahoo.ycsb.workloads.CoreWorkload.doTransaction(CoreWorkload.java:643)
	at com.yahoo.ycsb.ClientThread.run(Client.java:455)
	at java.lang.Thread.run(Thread.java:750)
ERROR: java.lang.ArrayIndexOutOfBoundsException - ignoring and continuing
java.lang.ArrayIndexOutOfBoundsException: Histogram recorded value cannot be negative.
	at org.HdrHistogram.AbstractHistogram.countsArrayIndex(AbstractHistogram.java:1944)
	at org.HdrHistogram.AbstractHistogram.recordSingleValue(AbstractHistogram.java:414)
	at org.HdrHistogram.AbstractHistogram.recordValue(AbstractHistogram.java:333)
	at org.HdrHistogram.Recorder.recordValue(Recorder.java:100)
	at com.yahoo.ycsb.measurements.OneMeasurementHdrHistogram.measure(OneMeasurementHdrHistogram.java:101)
	at com.yahoo.ycsb.measurements.Measurements.measure(Measurements.java:189)
	at com.yahoo.ycsb.workloads.CoreWorkload.doTransactionReadModifyWrite(CoreWorkload.java:759)
	at com.yahoo.ycsb.workloads.CoreWorkload.doTransaction(CoreWorkload.java:643)
	at com.yahoo.ycsb.ClientThread.run(Client.java:455)
	at java.lang.Thread.run(Thread.java:750)
ERROR: java.lang.ArrayIndexOutOfBoundsException - ignoring and continuing
java.lang.ArrayIndexOutOfBoundsException: Histogram recorded value cannot be negative.
	at org.HdrHistogram.AbstractHistogram.countsArrayIndex(AbstractHistogram.java:1944)
	at org.HdrHistogram.AbstractHistogram.recordSingleValue(AbstractHistogram.java:414)
	at org.HdrHistogram.AbstractHistogram.recordValue(AbstractHistogram.java:333)
	at org.HdrHistogram.Recorder.recordValue(Recorder.java:100)
	at com.yahoo.ycsb.measurements.OneMeasurementHdrHistogram.measure(OneMeasurementHdrHistogram.java:101)
	at com.yahoo.ycsb.measurements.Measurements.measure(Measurements.java:189)
	at com.yahoo.ycsb.workloads.CoreWorkload.doTransactionReadModifyWrite(CoreWorkload.java:759)
	at com.yahoo.ycsb.workloads.CoreWorkload.doTransaction(CoreWorkload.java:643)
	at com.yahoo.ycsb.ClientThread.run(Client.java:455)
	at java.lang.Thread.run(Thread.java:750)
java.lang.ArrayIndexOutOfBoundsException: Histogram recorded value cannot be negative.
	at org.HdrHistogram.AbstractHistogram.countsArrayIndex(AbstractHistogram.java:1944)
	at org.HdrHistogram.AbstractHistogram.recordSingleValue(AbstractHistogram.java:414)
	at org.HdrHistogram.AbstractHistogram.recordValue(AbstractHistogram.java:333)
	at org.HdrHistogram.Recorder.recordValue(Recorder.java:100)
	at com.yahoo.ycsb.measurements.OneMeasurementHdrHistogram.measure(OneMeasurementHdrHistogram.java:101)
	at com.yahoo.ycsb.measurements.Measurements.measure(Measurements.java:189)
	at com.yahoo.ycsb.workloads.CoreWorkload.doTransactionReadModifyWrite(CoreWorkload.java:759)
	at com.yahoo.ycsb.workloads.CoreWorkload.doTransaction(CoreWorkload.java:643)
	at com.yahoo.ycsb.ClientThread.run(Client.java:455)
	at java.lang.Thread.run(Thread.java:750)
java.lang.ArrayIndexOutOfBoundsException: Histogram recorded value cannot be negative.
	at org.HdrHistogram.AbstractHistogram.countsArrayIndex(AbstractHistogram.java:1944)
	at org.HdrHistogram.AbstractHistogram.recordSingleValue(AbstractHistogram.java:414)
	at org.HdrHistogram.AbstractHistogram.recordValue(AbstractHistogram.java:333)
	at org.HdrHistogram.Recorder.recordValue(Recorder.java:100)
	at com.yahoo.ycsb.measurements.OneMeasurementHdrHistogram.measure(OneMeasurementHdrHistogram.java:101)
	at com.yahoo.ycsb.measurements.Measurements.measure(Measurements.java:189)
	at com.yahoo.ycsb.workloads.CoreWorkload.doTransactionReadModifyWrite(CoreWorkload.java:759)
	at com.yahoo.ycsb.workloads.CoreWorkload.doTransaction(CoreWorkload.java:643)
	at com.yahoo.ycsb.ClientThread.run(Client.java:455)
	at java.lang.Thread.run(Thread.java:750)
java.lang.ArrayIndexOutOfBoundsException: Histogram recorded value cannot be negative.
	at org.HdrHistogram.AbstractHistogram.countsArrayIndex(AbstractHistogram.java:1944)
	at org.HdrHistogram.AbstractHistogram.recordSingleValue(AbstractHistogram.java:414)
	at org.HdrHistogram.AbstractHistogram.recordValue(AbstractHistogram.java:333)
	at org.HdrHistogram.Recorder.recordValue(Recorder.java:100)
	at com.yahoo.ycsb.measurements.OneMeasurementHdrHistogram.measure(OneMeasurementHdrHistogram.java:101)
	at com.yahoo.ycsb.measurements.Measurements.measure(Measurements.java:189)
	at com.yahoo.ycsb.workloads.CoreWorkload.doTransactionReadModifyWrite(CoreWorkload.java:759)
	at com.yahoo.ycsb.workloads.CoreWorkload.doTransaction(CoreWorkload.java:643)
	at com.yahoo.ycsb.ClientThread.run(Client.java:455)
	at java.lang.Thread.run(Thread.java:750)
java.lang.ArrayIndexOutOfBoundsException: Histogram recorded value cannot be negative.
	at org.HdrHistogram.AbstractHistogram.countsArrayIndex(AbstractHistogram.java:1944)
	at org.HdrHistogram.AbstractHistogram.recordSingleValue(AbstractHistogram.java:414)
	at org.HdrHistogram.AbstractHistogram.recordValue(AbstractHistogram.java:333)
	at org.HdrHistogram.Recorder.recordValue(Recorder.java:100)
	at com.yahoo.ycsb.measurements.OneMeasurementHdrHistogram.measure(OneMeasurementHdrHistogram.java:101)
	at com.yahoo.ycsb.measurements.Measurements.measure(Measurements.java:189)
	at com.yahoo.ycsb.workloads.CoreWorkload.doTransactionReadModifyWrite(CoreWorkload.java:759)
	at com.yahoo.ycsb.workloads.CoreWorkload.doTransaction(CoreWorkload.java:643)
	at com.yahoo.ycsb.ClientThread.run(Client.java:455)
	at java.lang.Thread.run(Thread.java:750)
java.lang.ArrayIndexOutOfBoundsException: Histogram recorded value cannot be negative.
	at org.HdrHistogram.AbstractHistogram.countsArrayIndex(AbstractHistogram.java:1944)
	at org.HdrHistogram.AbstractHistogram.recordSingleValue(AbstractHistogram.java:414)
	at org.HdrHistogram.AbstractHistogram.recordValue(AbstractHistogram.java:333)
	at org.HdrHistogram.Recorder.recordValue(Recorder.java:100)
	at com.yahoo.ycsb.measurements.OneMeasurementHdrHistogram.measure(OneMeasurementHdrHistogram.java:101)
	at com.yahoo.ycsb.measurements.Measurements.measure(Measurements.java:189)
	at com.yahoo.ycsb.workloads.CoreWorkload.doTransactionReadModifyWrite(CoreWorkload.java:759)
	at com.yahoo.ycsb.workloads.CoreWorkload.doTransaction(CoreWorkload.java:643)
	at com.yahoo.ycsb.ClientThread.run(Client.java:455)
	at java.lang.Thread.run(Thread.java:750)
java.lang.ArrayIndexOutOfBoundsException: Histogram recorded value cannot be negative.
	at org.HdrHistogram.AbstractHistogram.countsArrayIndex(AbstractHistogram.java:1944)
	at org.HdrHistogram.AbstractHistogram.recordSingleValue(AbstractHistogram.java:414)
	at org.HdrHistogram.AbstractHistogram.recordValue(AbstractHistogram.java:333)
	at org.HdrHistogram.Recorder.recordValue(Recorder.java:100)
	at com.yahoo.ycsb.measurements.OneMeasurementHdrHistogram.measure(OneMeasurementHdrHistogram.java:101)
	at com.yahoo.ycsb.measurements.Measurements.measure(Measurements.java:189)
	at com.yahoo.ycsb.workloads.CoreWorkload.doTransactionReadModifyWrite(CoreWorkload.java:759)
	at com.yahoo.ycsb.workloads.CoreWorkload.doTransaction(CoreWorkload.java:643)
	at com.yahoo.ycsb.ClientThread.run(Client.java:455)
	at java.lang.Thread.run(Thread.java:750)
java -cp /home/ssd/yi/workloads/ycsb-0.15.0/memcached-binding/conf:/home/ssd/yi/workloads/ycsb-0.15.0/conf:/home/ssd/yi/workloads/ycsb-0.15.0/lib/jackson-mapper-asl-1.9.4.jar:/home/ssd/yi/workloads/ycsb-0.15.0/lib/core-0.15.0.jar:/home/ssd/yi/workloads/ycsb-0.15.0/lib/htrace-core4-4.1.0-incubating.jar:/home/ssd/yi/workloads/ycsb-0.15.0/lib/jackson-core-asl-1.9.4.jar:/home/ssd/yi/workloads/ycsb-0.15.0/lib/HdrHistogram-2.1.4.jar:/home/ssd/yi/workloads/ycsb-0.15.0/memcached-binding/lib/core-0.15.0.jar:/home/ssd/yi/workloads/ycsb-0.15.0/memcached-binding/lib/htrace-core4-4.1.0-incubating.jar:/home/ssd/yi/workloads/ycsb-0.15.0/memcached-binding/lib/log4j-1.2.17.jar:/home/ssd/yi/workloads/ycsb-0.15.0/memcached-binding/lib/spymemcached-2.11.4.jar:/home/ssd/yi/workloads/ycsb-0.15.0/memcached-binding/lib/memcached-binding-0.15.0.jar:/home/ssd/yi/workloads/ycsb-0.15.0/memcached-binding/lib/jackson-mapper-asl-1.9.13.jar:/home/ssd/yi/workloads/ycsb-0.15.0/memcached-binding/lib/jackson-core-asl-1.9.4.jar:/home/ssd/yi/workloads/ycsb-0.15.0/memcached-binding/lib/HdrHistogram-2.1.4.jar com.yahoo.ycsb.Client -db com.yahoo.ycsb.db.MemcachedClient -s -P /home/ssd/yi/workloads/ycsb-0.15.0/workloads/workloadf -p memcached.hosts=127.0.0.1 -p memcached.port=11211 -p recordcount=1000000000 -p operationcount=125000000 -threads 112 -t
<_io.BytesIO object at 0x7f7fd8ac3560> /home/ssd/yi/workloads/ycsb-0.15.0/bin/ycsb command database [options]
<_io.BytesIO object at 0x7f7fd8ac3560> 
Commands:
<_io.BytesIO object at 0x7f7fd8ac3560>     load           Execute the load phase
<_io.BytesIO object at 0x7f7fd8ac3560>     run            Execute the transaction phase
<_io.BytesIO object at 0x7f7fd8ac3560>     shell          Interactive mode
<_io.BytesIO object at 0x7f7fd8ac3560> 
Databases:
<_io.BytesIO object at 0x7f7fd8ac3560>     accumulo       https://github.com/brianfrankcooper/YCSB/tree/master/accumulo
<_io.BytesIO object at 0x7f7fd8ac3560>     accumulo1.6    https://github.com/brianfrankcooper/YCSB/tree/master/accumulo1.6
<_io.BytesIO object at 0x7f7fd8ac3560>     accumulo1.7    https://github.com/brianfrankcooper/YCSB/tree/master/accumulo1.7
<_io.BytesIO object at 0x7f7fd8ac3560>     accumulo1.8    https://github.com/brianfrankcooper/YCSB/tree/master/accumulo1.8
<_io.BytesIO object at 0x7f7fd8ac3560>     aerospike      https://github.com/brianfrankcooper/YCSB/tree/master/aerospike
<_io.BytesIO object at 0x7f7fd8ac3560>     arangodb       https://github.com/brianfrankcooper/YCSB/tree/master/arangodb
<_io.BytesIO object at 0x7f7fd8ac3560>     arangodb3      https://github.com/brianfrankcooper/YCSB/tree/master/arangodb3
<_io.BytesIO object at 0x7f7fd8ac3560>     asynchbase     https://github.com/brianfrankcooper/YCSB/tree/master/asynchbase
<_io.BytesIO object at 0x7f7fd8ac3560>     azuredocumentdb https://github.com/brianfrankcooper/YCSB/tree/master/azuredocumentdb
<_io.BytesIO object at 0x7f7fd8ac3560>     azuretablestorage https://github.com/brianfrankcooper/YCSB/tree/master/azuretablestorage
<_io.BytesIO object at 0x7f7fd8ac3560>     basic          https://github.com/brianfrankcooper/YCSB/tree/master/basic
<_io.BytesIO object at 0x7f7fd8ac3560>     basicts        https://github.com/brianfrankcooper/YCSB/tree/master/basicts
<_io.BytesIO object at 0x7f7fd8ac3560>     cassandra-cql  https://github.com/brianfrankcooper/YCSB/tree/master/cassandra
<_io.BytesIO object at 0x7f7fd8ac3560>     cassandra2-cql https://github.com/brianfrankcooper/YCSB/tree/master/cassandra2
<_io.BytesIO object at 0x7f7fd8ac3560>     cloudspanner   https://github.com/brianfrankcooper/YCSB/tree/master/cloudspanner
<_io.BytesIO object at 0x7f7fd8ac3560>     couchbase      https://github.com/brianfrankcooper/YCSB/tree/master/couchbase
<_io.BytesIO object at 0x7f7fd8ac3560>     couchbase2     https://github.com/brianfrankcooper/YCSB/tree/master/couchbase2
<_io.BytesIO object at 0x7f7fd8ac3560>     dynamodb       https://github.com/brianfrankcooper/YCSB/tree/master/dynamodb
<_io.BytesIO object at 0x7f7fd8ac3560>     elasticsearch  https://github.com/brianfrankcooper/YCSB/tree/master/elasticsearch
<_io.BytesIO object at 0x7f7fd8ac3560>     elasticsearch5 https://github.com/brianfrankcooper/YCSB/tree/master/elasticsearch5
<_io.BytesIO object at 0x7f7fd8ac3560>     foundationdb   https://github.com/brianfrankcooper/YCSB/tree/master/foundationdb
<_io.BytesIO object at 0x7f7fd8ac3560>     geode          https://github.com/brianfrankcooper/YCSB/tree/master/geode
<_io.BytesIO object at 0x7f7fd8ac3560>     googlebigtable https://github.com/brianfrankcooper/YCSB/tree/master/googlebigtable
<_io.BytesIO object at 0x7f7fd8ac3560>     googledatastore https://github.com/brianfrankcooper/YCSB/tree/master/googledatastore
<_io.BytesIO object at 0x7f7fd8ac3560>     hbase098       https://github.com/brianfrankcooper/YCSB/tree/master/hbase098
<_io.BytesIO object at 0x7f7fd8ac3560>     hbase10        https://github.com/brianfrankcooper/YCSB/tree/master/hbase10
<_io.BytesIO object at 0x7f7fd8ac3560>     hbase12        https://github.com/brianfrankcooper/YCSB/tree/master/hbase12
<_io.BytesIO object at 0x7f7fd8ac3560>     hbase14        https://github.com/brianfrankcooper/YCSB/tree/master/hbase14
<_io.BytesIO object at 0x7f7fd8ac3560>     hbase20        https://github.com/brianfrankcooper/YCSB/tree/master/hbase20
<_io.BytesIO object at 0x7f7fd8ac3560>     hypertable     https://github.com/brianfrankcooper/YCSB/tree/master/hypertable
<_io.BytesIO object at 0x7f7fd8ac3560>     ignite         https://github.com/brianfrankcooper/YCSB/tree/master/ignite
<_io.BytesIO object at 0x7f7fd8ac3560>     ignite-sql     https://github.com/brianfrankcooper/YCSB/tree/master/ignite
<_io.BytesIO object at 0x7f7fd8ac3560>     infinispan     https://github.com/brianfrankcooper/YCSB/tree/master/infinispan
<_io.BytesIO object at 0x7f7fd8ac3560>     infinispan-cs  https://github.com/brianfrankcooper/YCSB/tree/master/infinispan
<_io.BytesIO object at 0x7f7fd8ac3560>     jdbc           https://github.com/brianfrankcooper/YCSB/tree/master/jdbc
<_io.BytesIO object at 0x7f7fd8ac3560>     kudu           https://github.com/brianfrankcooper/YCSB/tree/master/kudu
<_io.BytesIO object at 0x7f7fd8ac3560>     maprdb         https://github.com/brianfrankcooper/YCSB/tree/master/maprdb
<_io.BytesIO object at 0x7f7fd8ac3560>     maprjsondb     https://github.com/brianfrankcooper/YCSB/tree/master/maprjsondb
<_io.BytesIO object at 0x7f7fd8ac3560>     memcached      https://github.com/brianfrankcooper/YCSB/tree/master/memcached
<_io.BytesIO object at 0x7f7fd8ac3560>     mongodb        https://github.com/brianfrankcooper/YCSB/tree/master/mongodb
<_io.BytesIO object at 0x7f7fd8ac3560>     mongodb-async  https://github.com/brianfrankcooper/YCSB/tree/master/mongodb
<_io.BytesIO object at 0x7f7fd8ac3560>     nosqldb        https://github.com/brianfrankcooper/YCSB/tree/master/nosqldb
<_io.BytesIO object at 0x7f7fd8ac3560>     orientdb       https://github.com/brianfrankcooper/YCSB/tree/master/orientdb
<_io.BytesIO object at 0x7f7fd8ac3560>     rados          https://github.com/brianfrankcooper/YCSB/tree/master/rados
<_io.BytesIO object at 0x7f7fd8ac3560>     redis          https://github.com/brianfrankcooper/YCSB/tree/master/redis
<_io.BytesIO object at 0x7f7fd8ac3560>     rest           https://github.com/brianfrankcooper/YCSB/tree/master/rest
<_io.BytesIO object at 0x7f7fd8ac3560>     riak           https://github.com/brianfrankcooper/YCSB/tree/master/riak
<_io.BytesIO object at 0x7f7fd8ac3560>     rocksdb        https://github.com/brianfrankcooper/YCSB/tree/master/rocksdb
<_io.BytesIO object at 0x7f7fd8ac3560>     s3             https://github.com/brianfrankcooper/YCSB/tree/master/s3
<_io.BytesIO object at 0x7f7fd8ac3560>     solr           https://github.com/brianfrankcooper/YCSB/tree/master/solr
<_io.BytesIO object at 0x7f7fd8ac3560>     solr6          https://github.com/brianfrankcooper/YCSB/tree/master/solr6
<_io.BytesIO object at 0x7f7fd8ac3560>     tarantool      https://github.com/brianfrankcooper/YCSB/tree/master/tarantool
<_io.BytesIO object at 0x7f7fd8ac3560> 
Options:
<_io.BytesIO object at 0x7f7fd8ac3560>     -P file        Specify workload file
<_io.BytesIO object at 0x7f7fd8ac3560>     -cp path       Additional Java classpath entries
<_io.BytesIO object at 0x7f7fd8ac3560>     -jvm-args args Additional arguments to the JVM
<_io.BytesIO object at 0x7f7fd8ac3560>     -p key=value   Override workload property
<_io.BytesIO object at 0x7f7fd8ac3560>     -s             Print status to stderr
<_io.BytesIO object at 0x7f7fd8ac3560>     -target n      Target ops/sec (default: unthrottled)
<_io.BytesIO object at 0x7f7fd8ac3560>     -threads n     Number of client threads (default: 1)
<_io.BytesIO object at 0x7f7fd8ac3560> 
Workload Files:
    There are various predefined workloads under workloads/ directory.
    See https://github.com/brianfrankcooper/YCSB/wiki/Core-Properties
    for the list of workload properties.
<_io.TextIOWrapper name='<stderr>' mode='w' encoding='utf-8'> [OVERALL], RunTime(ms), 1556875
[OVERALL], Throughput(ops/sec), 80289.04054596547
[TOTAL_GCS_PS_Scavenge], Count, 2069
[TOTAL_GC_TIME_PS_Scavenge], Time(ms), 13612
[TOTAL_GC_TIME_%_PS_Scavenge], Time(%), 0.8743155359293456
[TOTAL_GCS_PS_MarkSweep], Count, 0
[TOTAL_GC_TIME_PS_MarkSweep], Time(ms), 0
[TOTAL_GC_TIME_%_PS_MarkSweep], Time(%), 0.0
[TOTAL_GCs], Count, 2069
[TOTAL_GC_TIME], Time(ms), 13612
[TOTAL_GC_TIME_%], Time(%), 0.8743155359293456
[READ], Operations, 125000000
[READ], AverageLatency(us), 834.359800648
[READ], MinLatency(us), 23
[READ], MaxLatency(us), 57727
[READ], 95thPercentileLatency(us), 2995
[READ], 99thPercentileLatency(us), 5027
[READ], Return=OK, 125000000
[UPDATE-FAILED], Operations, 62500450
[UPDATE-FAILED], AverageLatency(us), 855.6329964664254
[UPDATE-FAILED], MinLatency(us), 27
[UPDATE-FAILED], MaxLatency(us), 126335
[UPDATE-FAILED], 95thPercentileLatency(us), 3007
[UPDATE-FAILED], 99thPercentileLatency(us), 5091
[READ-MODIFY-WRITE], Operations, 62500450
[READ-MODIFY-WRITE], AverageLatency(us), 1696.266977085765
[READ-MODIFY-WRITE], MinLatency(us), 61
[READ-MODIFY-WRITE], MaxLatency(us), 147839
[READ-MODIFY-WRITE], 95thPercentileLatency(us), 5195
[READ-MODIFY-WRITE], 99thPercentileLatency(us), 6999
[CLEANUP], Operations, 112
[CLEANUP], AverageLatency(us), 1829.0535714285713
[CLEANUP], MinLatency(us), 154
[CLEANUP], MaxLatency(us), 9567
[CLEANUP], 95thPercentileLatency(us), 6763
[CLEANUP], 99thPercentileLatency(us), 8207
[UPDATE], Operations, 0
[UPDATE], AverageLatency(us), NaN
[UPDATE], MinLatency(us), 9223372036854775807
[UPDATE], MaxLatency(us), 0
[UPDATE], 95thPercentileLatency(us), 0
[UPDATE], 99thPercentileLatency(us), 0
[UPDATE], Return=ERROR, 62500450
java -cp /home/ssd/yi/workloads/ycsb-0.15.0/memcached-binding/conf:/home/ssd/yi/workloads/ycsb-0.15.0/conf:/home/ssd/yi/workloads/ycsb-0.15.0/lib/jackson-mapper-asl-1.9.4.jar:/home/ssd/yi/workloads/ycsb-0.15.0/lib/core-0.15.0.jar:/home/ssd/yi/workloads/ycsb-0.15.0/lib/htrace-core4-4.1.0-incubating.jar:/home/ssd/yi/workloads/ycsb-0.15.0/lib/jackson-core-asl-1.9.4.jar:/home/ssd/yi/workloads/ycsb-0.15.0/lib/HdrHistogram-2.1.4.jar:/home/ssd/yi/workloads/ycsb-0.15.0/memcached-binding/lib/core-0.15.0.jar:/home/ssd/yi/workloads/ycsb-0.15.0/memcached-binding/lib/htrace-core4-4.1.0-incubating.jar:/home/ssd/yi/workloads/ycsb-0.15.0/memcached-binding/lib/log4j-1.2.17.jar:/home/ssd/yi/workloads/ycsb-0.15.0/memcached-binding/lib/spymemcached-2.11.4.jar:/home/ssd/yi/workloads/ycsb-0.15.0/memcached-binding/lib/memcached-binding-0.15.0.jar:/home/ssd/yi/workloads/ycsb-0.15.0/memcached-binding/lib/jackson-mapper-asl-1.9.13.jar:/home/ssd/yi/workloads/ycsb-0.15.0/memcached-binding/lib/jackson-core-asl-1.9.4.jar:/home/ssd/yi/workloads/ycsb-0.15.0/memcached-binding/lib/HdrHistogram-2.1.4.jar com.yahoo.ycsb.Client -db com.yahoo.ycsb.db.MemcachedClient -s -P /home/ssd/yi/workloads/ycsb-0.15.0/workloads/workloadf -p memcached.hosts=127.0.0.1 -p memcached.port=11211 -p recordcount=1000000000 -p operationcount=125000000 -threads 112 -t
