Read Time:           39.85254
Graph has 536870912 nodes and 8589934333 undirected edges for degree: 15
Trial Time:          6.06361
Trial Time:          6.27348
Trial Time:          6.39382
Trial Time:          6.28168
Trial Time:          6.26895
Trial Time:          6.24457
Trial Time:          6.26166
Trial Time:          6.26893
Trial Time:          6.25683
Trial Time:          6.24459
Trial Time:          6.22763
Trial Time:          6.24766
Trial Time:          6.24388
Trial Time:          6.23332
Trial Time:          6.30124
Trial Time:          6.24463
Trial Time:          6.73815
Trial Time:          6.32741
Trial Time:          7.11967
Trial Time:          7.74553
Average Time:        6.39936
execution time 174.07 (s)
