Read Time:           10.77795
Graph has 134217728 nodes and 2147483394 undirected edges for degree: 15
Trial Time:          53.44929
Trial Time:          54.14092
Trial Time:          52.53344
Trial Time:          52.47839
Trial Time:          53.28118
Trial Time:          52.91090
Trial Time:          53.43915
Trial Time:          51.12679
Trial Time:          51.32445
Trial Time:          53.75769
Trial Time:          53.58016
Trial Time:          52.77404
Trial Time:          53.06338
Trial Time:          53.16199
Trial Time:          53.20704
Trial Time:          53.45856
Trial Time:          52.20600
Trial Time:          53.66047
Trial Time:          52.86944
Trial Time:          52.74186
Average Time:        52.95826
pid: 50402
execution time 1071.35 (s)
