Read Time:           19.71591
Graph has 1073741824 nodes and 17179868903 undirected edges for degree: 15
Trial Time:          7.41631
Trial Time:          3.16304
Trial Time:          3.16607
Trial Time:          3.16520
Trial Time:          3.16539
Trial Time:          3.16434
Trial Time:          3.16355
Trial Time:          3.16427
Trial Time:          3.16575
Trial Time:          3.16318
Trial Time:          3.16578
Trial Time:          3.16543
Trial Time:          3.16428
Trial Time:          3.16627
Trial Time:          3.16353
Trial Time:          3.16459
Trial Time:          3.16489
Trial Time:          3.16294
Trial Time:          3.16366
Trial Time:          3.16432
Average Time:        3.37714
pid: 55471
execution time 92.50 (s)
