Read Time:           26.86241
Graph has 61578415 nodes and 1468364884 directed edges for degree: 23
Trial Time:          10.04932
Trial Time:          9.88582
Trial Time:          10.06717
Trial Time:          9.79654
Trial Time:          8.59943
Trial Time:          8.61746
Trial Time:          8.61915
Trial Time:          8.62634
Trial Time:          8.65036
Trial Time:          8.61758
Trial Time:          8.60602
Trial Time:          8.62815
Trial Time:          8.61395
Trial Time:          8.61269
Trial Time:          8.60043
Trial Time:          8.61477
Trial Time:          8.59748
Trial Time:          8.60347
Trial Time:          8.60136
Trial Time:          8.59745
Average Time:        8.88025
execution time 205.37 (s)
