Read Time:           23.90272
Graph has 1073741824 nodes and 17179868903 undirected edges for degree: 15
Trial Time:          6.17019
Trial Time:          2.50743
Trial Time:          2.51386
Trial Time:          2.50039
Trial Time:          2.45134
Trial Time:          2.50459
Trial Time:          2.48539
Trial Time:          2.50290
Trial Time:          2.55380
Trial Time:          2.55862
Trial Time:          2.33248
Trial Time:          2.32074
Trial Time:          2.31968
Trial Time:          2.31259
Trial Time:          2.32023
Trial Time:          2.31468
Trial Time:          2.31679
Trial Time:          2.31070
Trial Time:          2.30988
Trial Time:          2.31301
Average Time:        2.59596
execution time 83.26 (s)
