<_io.BytesIO object at 0x7f2e2eec3560> /home/ssd/yi/workloads/ycsb-0.15.0/bin/ycsb command database [options]
<_io.BytesIO object at 0x7f2e2eec3560> 
Commands:
<_io.BytesIO object at 0x7f2e2eec3560>     load           Execute the load phase
<_io.BytesIO object at 0x7f2e2eec3560>     run            Execute the transaction phase
<_io.BytesIO object at 0x7f2e2eec3560>     shell          Interactive mode
<_io.BytesIO object at 0x7f2e2eec3560> 
Databases:
<_io.BytesIO object at 0x7f2e2eec3560>     accumulo       https://github.com/brianfrankcooper/YCSB/tree/master/accumulo
<_io.BytesIO object at 0x7f2e2eec3560>     accumulo1.6    https://github.com/brianfrankcooper/YCSB/tree/master/accumulo1.6
<_io.BytesIO object at 0x7f2e2eec3560>     accumulo1.7    https://github.com/brianfrankcooper/YCSB/tree/master/accumulo1.7
<_io.BytesIO object at 0x7f2e2eec3560>     accumulo1.8    https://github.com/brianfrankcooper/YCSB/tree/master/accumulo1.8
<_io.BytesIO object at 0x7f2e2eec3560>     aerospike      https://github.com/brianfrankcooper/YCSB/tree/master/aerospike
<_io.BytesIO object at 0x7f2e2eec3560>     arangodb       https://github.com/brianfrankcooper/YCSB/tree/master/arangodb
<_io.BytesIO object at 0x7f2e2eec3560>     arangodb3      https://github.com/brianfrankcooper/YCSB/tree/master/arangodb3
<_io.BytesIO object at 0x7f2e2eec3560>     asynchbase     https://github.com/brianfrankcooper/YCSB/tree/master/asynchbase
<_io.BytesIO object at 0x7f2e2eec3560>     azuredocumentdb https://github.com/brianfrankcooper/YCSB/tree/master/azuredocumentdb
<_io.BytesIO object at 0x7f2e2eec3560>     azuretablestorage https://github.com/brianfrankcooper/YCSB/tree/master/azuretablestorage
<_io.BytesIO object at 0x7f2e2eec3560>     basic          https://github.com/brianfrankcooper/YCSB/tree/master/basic
<_io.BytesIO object at 0x7f2e2eec3560>     basicts        https://github.com/brianfrankcooper/YCSB/tree/master/basicts
<_io.BytesIO object at 0x7f2e2eec3560>     cassandra-cql  https://github.com/brianfrankcooper/YCSB/tree/master/cassandra
<_io.BytesIO object at 0x7f2e2eec3560>     cassandra2-cql https://github.com/brianfrankcooper/YCSB/tree/master/cassandra2
<_io.BytesIO object at 0x7f2e2eec3560>     cloudspanner   https://github.com/brianfrankcooper/YCSB/tree/master/cloudspanner
<_io.BytesIO object at 0x7f2e2eec3560>     couchbase      https://github.com/brianfrankcooper/YCSB/tree/master/couchbase
<_io.BytesIO object at 0x7f2e2eec3560>     couchbase2     https://github.com/brianfrankcooper/YCSB/tree/master/couchbase2
<_io.BytesIO object at 0x7f2e2eec3560>     dynamodb       https://github.com/brianfrankcooper/YCSB/tree/master/dynamodb
<_io.BytesIO object at 0x7f2e2eec3560>     elasticsearch  https://github.com/brianfrankcooper/YCSB/tree/master/elasticsearch
<_io.BytesIO object at 0x7f2e2eec3560>     elasticsearch5 https://github.com/brianfrankcooper/YCSB/tree/master/elasticsearch5
<_io.BytesIO object at 0x7f2e2eec3560>     foundationdb   https://github.com/brianfrankcooper/YCSB/tree/master/foundationdb
<_io.BytesIO object at 0x7f2e2eec3560>     geode          https://github.com/brianfrankcooper/YCSB/tree/master/geode
<_io.BytesIO object at 0x7f2e2eec3560>     googlebigtable https://github.com/brianfrankcooper/YCSB/tree/master/googlebigtable
<_io.BytesIO object at 0x7f2e2eec3560>     googledatastore https://github.com/brianfrankcooper/YCSB/tree/master/googledatastore
<_io.BytesIO object at 0x7f2e2eec3560>     hbase098       https://github.com/brianfrankcooper/YCSB/tree/master/hbase098
<_io.BytesIO object at 0x7f2e2eec3560>     hbase10        https://github.com/brianfrankcooper/YCSB/tree/master/hbase10
<_io.BytesIO object at 0x7f2e2eec3560>     hbase12        https://github.com/brianfrankcooper/YCSB/tree/master/hbase12
<_io.BytesIO object at 0x7f2e2eec3560>     hbase14        https://github.com/brianfrankcooper/YCSB/tree/master/hbase14
<_io.BytesIO object at 0x7f2e2eec3560>     hbase20        https://github.com/brianfrankcooper/YCSB/tree/master/hbase20
<_io.BytesIO object at 0x7f2e2eec3560>     hypertable     https://github.com/brianfrankcooper/YCSB/tree/master/hypertable
<_io.BytesIO object at 0x7f2e2eec3560>     ignite         https://github.com/brianfrankcooper/YCSB/tree/master/ignite
<_io.BytesIO object at 0x7f2e2eec3560>     ignite-sql     https://github.com/brianfrankcooper/YCSB/tree/master/ignite
<_io.BytesIO object at 0x7f2e2eec3560>     infinispan     https://github.com/brianfrankcooper/YCSB/tree/master/infinispan
<_io.BytesIO object at 0x7f2e2eec3560>     infinispan-cs  https://github.com/brianfrankcooper/YCSB/tree/master/infinispan
<_io.BytesIO object at 0x7f2e2eec3560>     jdbc           https://github.com/brianfrankcooper/YCSB/tree/master/jdbc
<_io.BytesIO object at 0x7f2e2eec3560>     kudu           https://github.com/brianfrankcooper/YCSB/tree/master/kudu
<_io.BytesIO object at 0x7f2e2eec3560>     maprdb         https://github.com/brianfrankcooper/YCSB/tree/master/maprdb
<_io.BytesIO object at 0x7f2e2eec3560>     maprjsondb     https://github.com/brianfrankcooper/YCSB/tree/master/maprjsondb
<_io.BytesIO object at 0x7f2e2eec3560>     memcached      https://github.com/brianfrankcooper/YCSB/tree/master/memcached
<_io.BytesIO object at 0x7f2e2eec3560>     mongodb        https://github.com/brianfrankcooper/YCSB/tree/master/mongodb
<_io.BytesIO object at 0x7f2e2eec3560>     mongodb-async  https://github.com/brianfrankcooper/YCSB/tree/master/mongodb
<_io.BytesIO object at 0x7f2e2eec3560>     nosqldb        https://github.com/brianfrankcooper/YCSB/tree/master/nosqldb
<_io.BytesIO object at 0x7f2e2eec3560>     orientdb       https://github.com/brianfrankcooper/YCSB/tree/master/orientdb
<_io.BytesIO object at 0x7f2e2eec3560>     rados          https://github.com/brianfrankcooper/YCSB/tree/master/rados
<_io.BytesIO object at 0x7f2e2eec3560>     redis          https://github.com/brianfrankcooper/YCSB/tree/master/redis
<_io.BytesIO object at 0x7f2e2eec3560>     rest           https://github.com/brianfrankcooper/YCSB/tree/master/rest
<_io.BytesIO object at 0x7f2e2eec3560>     riak           https://github.com/brianfrankcooper/YCSB/tree/master/riak
<_io.BytesIO object at 0x7f2e2eec3560>     rocksdb        https://github.com/brianfrankcooper/YCSB/tree/master/rocksdb
<_io.BytesIO object at 0x7f2e2eec3560>     s3             https://github.com/brianfrankcooper/YCSB/tree/master/s3
<_io.BytesIO object at 0x7f2e2eec3560>     solr           https://github.com/brianfrankcooper/YCSB/tree/master/solr
<_io.BytesIO object at 0x7f2e2eec3560>     solr6          https://github.com/brianfrankcooper/YCSB/tree/master/solr6
<_io.BytesIO object at 0x7f2e2eec3560>     tarantool      https://github.com/brianfrankcooper/YCSB/tree/master/tarantool
<_io.BytesIO object at 0x7f2e2eec3560> 
Options:
<_io.BytesIO object at 0x7f2e2eec3560>     -P file        Specify workload file
<_io.BytesIO object at 0x7f2e2eec3560>     -cp path       Additional Java classpath entries
<_io.BytesIO object at 0x7f2e2eec3560>     -jvm-args args Additional arguments to the JVM
<_io.BytesIO object at 0x7f2e2eec3560>     -p key=value   Override workload property
<_io.BytesIO object at 0x7f2e2eec3560>     -s             Print status to stderr
<_io.BytesIO object at 0x7f2e2eec3560>     -target n      Target ops/sec (default: unthrottled)
<_io.BytesIO object at 0x7f2e2eec3560>     -threads n     Number of client threads (default: 1)
<_io.BytesIO object at 0x7f2e2eec3560> 
Workload Files:
    There are various predefined workloads under workloads/ directory.
    See https://github.com/brianfrankcooper/YCSB/wiki/Core-Properties
    for the list of workload properties.
<_io.TextIOWrapper name='<stderr>' mode='w' encoding='utf-8'> [OVERALL], RunTime(ms), 620875
[OVERALL], Throughput(ops/sec), 402657.53976243205
[TOTAL_GCS_PS_Scavenge], Count, 372
[TOTAL_GC_TIME_PS_Scavenge], Time(ms), 4286
[TOTAL_GC_TIME_%_PS_Scavenge], Time(%), 0.6903160861687135
[TOTAL_GCS_PS_MarkSweep], Count, 0
[TOTAL_GC_TIME_PS_MarkSweep], Time(ms), 0
[TOTAL_GC_TIME_%_PS_MarkSweep], Time(%), 0.0
[TOTAL_GCs], Count, 372
[TOTAL_GC_TIME], Time(ms), 4286
[TOTAL_GC_TIME_%], Time(%), 0.6903160861687135
[SCAN-FAILED], Operations, 237502022
[SCAN-FAILED], AverageLatency(us), 1.5790965518600932
[SCAN-FAILED], MinLatency(us), 0
[SCAN-FAILED], MaxLatency(us), 49247
[SCAN-FAILED], 95thPercentileLatency(us), 4
[SCAN-FAILED], 99thPercentileLatency(us), 40
[CLEANUP], Operations, 112
[CLEANUP], AverageLatency(us), 7676.982142857143
[CLEANUP], MinLatency(us), 248
[CLEANUP], MaxLatency(us), 33471
[CLEANUP], 95thPercentileLatency(us), 24735
[CLEANUP], 99thPercentileLatency(us), 31855
[INSERT], Operations, 12483402
[INSERT], AverageLatency(us), 3998.29883496502
[INSERT], MinLatency(us), 45
[INSERT], MaxLatency(us), 251135
[INSERT], 95thPercentileLatency(us), 12015
[INSERT], 99thPercentileLatency(us), 18559
[INSERT], Return=ERROR, 14576
[INSERT], Return=OK, 12483402
[SCAN], Operations, 0
[SCAN], AverageLatency(us), NaN
[SCAN], MinLatency(us), 9223372036854775807
[SCAN], MaxLatency(us), 0
[SCAN], 95thPercentileLatency(us), 0
[SCAN], 99thPercentileLatency(us), 0
[SCAN], Return=NOT_IMPLEMENTED, 237502022
[INSERT-FAILED], Operations, 14576
[INSERT-FAILED], AverageLatency(us), 3772.0442508232713
[INSERT-FAILED], MinLatency(us), 87
[INSERT-FAILED], MaxLatency(us), 31215
[INSERT-FAILED], 95thPercentileLatency(us), 9799
[INSERT-FAILED], 99thPercentileLatency(us), 14223
java -cp /home/ssd/yi/workloads/ycsb-0.15.0/memcached-binding/conf:/home/ssd/yi/workloads/ycsb-0.15.0/conf:/home/ssd/yi/workloads/ycsb-0.15.0/lib/jackson-mapper-asl-1.9.4.jar:/home/ssd/yi/workloads/ycsb-0.15.0/lib/core-0.15.0.jar:/home/ssd/yi/workloads/ycsb-0.15.0/lib/htrace-core4-4.1.0-incubating.jar:/home/ssd/yi/workloads/ycsb-0.15.0/lib/jackson-core-asl-1.9.4.jar:/home/ssd/yi/workloads/ycsb-0.15.0/lib/HdrHistogram-2.1.4.jar:/home/ssd/yi/workloads/ycsb-0.15.0/memcached-binding/lib/core-0.15.0.jar:/home/ssd/yi/workloads/ycsb-0.15.0/memcached-binding/lib/htrace-core4-4.1.0-incubating.jar:/home/ssd/yi/workloads/ycsb-0.15.0/memcached-binding/lib/log4j-1.2.17.jar:/home/ssd/yi/workloads/ycsb-0.15.0/memcached-binding/lib/spymemcached-2.11.4.jar:/home/ssd/yi/workloads/ycsb-0.15.0/memcached-binding/lib/memcached-binding-0.15.0.jar:/home/ssd/yi/workloads/ycsb-0.15.0/memcached-binding/lib/jackson-mapper-asl-1.9.13.jar:/home/ssd/yi/workloads/ycsb-0.15.0/memcached-binding/lib/jackson-core-asl-1.9.4.jar:/home/ssd/yi/workloads/ycsb-0.15.0/memcached-binding/lib/HdrHistogram-2.1.4.jar com.yahoo.ycsb.Client -db com.yahoo.ycsb.db.MemcachedClient -s -P /home/ssd/yi/workloads/ycsb-0.15.0/workloads/workloade -p memcached.hosts=127.0.0.1 -p memcached.port=11211 -p recordcount=1000000000 -p operationcount=250000000 -threads 112 -t
<_io.BytesIO object at 0x7f32dcfc0860> /home/ssd/yi/workloads/ycsb-0.15.0/bin/ycsb command database [options]
<_io.BytesIO object at 0x7f32dcfc0860> 
Commands:
<_io.BytesIO object at 0x7f32dcfc0860>     load           Execute the load phase
<_io.BytesIO object at 0x7f32dcfc0860>     run            Execute the transaction phase
<_io.BytesIO object at 0x7f32dcfc0860>     shell          Interactive mode
<_io.BytesIO object at 0x7f32dcfc0860> 
Databases:
<_io.BytesIO object at 0x7f32dcfc0860>     accumulo       https://github.com/brianfrankcooper/YCSB/tree/master/accumulo
<_io.BytesIO object at 0x7f32dcfc0860>     accumulo1.6    https://github.com/brianfrankcooper/YCSB/tree/master/accumulo1.6
<_io.BytesIO object at 0x7f32dcfc0860>     accumulo1.7    https://github.com/brianfrankcooper/YCSB/tree/master/accumulo1.7
<_io.BytesIO object at 0x7f32dcfc0860>     accumulo1.8    https://github.com/brianfrankcooper/YCSB/tree/master/accumulo1.8
<_io.BytesIO object at 0x7f32dcfc0860>     aerospike      https://github.com/brianfrankcooper/YCSB/tree/master/aerospike
<_io.BytesIO object at 0x7f32dcfc0860>     arangodb       https://github.com/brianfrankcooper/YCSB/tree/master/arangodb
<_io.BytesIO object at 0x7f32dcfc0860>     arangodb3      https://github.com/brianfrankcooper/YCSB/tree/master/arangodb3
<_io.BytesIO object at 0x7f32dcfc0860>     asynchbase     https://github.com/brianfrankcooper/YCSB/tree/master/asynchbase
<_io.BytesIO object at 0x7f32dcfc0860>     azuredocumentdb https://github.com/brianfrankcooper/YCSB/tree/master/azuredocumentdb
<_io.BytesIO object at 0x7f32dcfc0860>     azuretablestorage https://github.com/brianfrankcooper/YCSB/tree/master/azuretablestorage
<_io.BytesIO object at 0x7f32dcfc0860>     basic          https://github.com/brianfrankcooper/YCSB/tree/master/basic
<_io.BytesIO object at 0x7f32dcfc0860>     basicts        https://github.com/brianfrankcooper/YCSB/tree/master/basicts
<_io.BytesIO object at 0x7f32dcfc0860>     cassandra-cql  https://github.com/brianfrankcooper/YCSB/tree/master/cassandra
<_io.BytesIO object at 0x7f32dcfc0860>     cassandra2-cql https://github.com/brianfrankcooper/YCSB/tree/master/cassandra2
<_io.BytesIO object at 0x7f32dcfc0860>     cloudspanner   https://github.com/brianfrankcooper/YCSB/tree/master/cloudspanner
<_io.BytesIO object at 0x7f32dcfc0860>     couchbase      https://github.com/brianfrankcooper/YCSB/tree/master/couchbase
<_io.BytesIO object at 0x7f32dcfc0860>     couchbase2     https://github.com/brianfrankcooper/YCSB/tree/master/couchbase2
<_io.BytesIO object at 0x7f32dcfc0860>     dynamodb       https://github.com/brianfrankcooper/YCSB/tree/master/dynamodb
<_io.BytesIO object at 0x7f32dcfc0860>     elasticsearch  https://github.com/brianfrankcooper/YCSB/tree/master/elasticsearch
<_io.BytesIO object at 0x7f32dcfc0860>     elasticsearch5 https://github.com/brianfrankcooper/YCSB/tree/master/elasticsearch5
<_io.BytesIO object at 0x7f32dcfc0860>     foundationdb   https://github.com/brianfrankcooper/YCSB/tree/master/foundationdb
<_io.BytesIO object at 0x7f32dcfc0860>     geode          https://github.com/brianfrankcooper/YCSB/tree/master/geode
<_io.BytesIO object at 0x7f32dcfc0860>     googlebigtable https://github.com/brianfrankcooper/YCSB/tree/master/googlebigtable
<_io.BytesIO object at 0x7f32dcfc0860>     googledatastore https://github.com/brianfrankcooper/YCSB/tree/master/googledatastore
<_io.BytesIO object at 0x7f32dcfc0860>     hbase098       https://github.com/brianfrankcooper/YCSB/tree/master/hbase098
<_io.BytesIO object at 0x7f32dcfc0860>     hbase10        https://github.com/brianfrankcooper/YCSB/tree/master/hbase10
<_io.BytesIO object at 0x7f32dcfc0860>     hbase12        https://github.com/brianfrankcooper/YCSB/tree/master/hbase12
<_io.BytesIO object at 0x7f32dcfc0860>     hbase14        https://github.com/brianfrankcooper/YCSB/tree/master/hbase14
<_io.BytesIO object at 0x7f32dcfc0860>     hbase20        https://github.com/brianfrankcooper/YCSB/tree/master/hbase20
<_io.BytesIO object at 0x7f32dcfc0860>     hypertable     https://github.com/brianfrankcooper/YCSB/tree/master/hypertable
<_io.BytesIO object at 0x7f32dcfc0860>     ignite         https://github.com/brianfrankcooper/YCSB/tree/master/ignite
<_io.BytesIO object at 0x7f32dcfc0860>     ignite-sql     https://github.com/brianfrankcooper/YCSB/tree/master/ignite
<_io.BytesIO object at 0x7f32dcfc0860>     infinispan     https://github.com/brianfrankcooper/YCSB/tree/master/infinispan
<_io.BytesIO object at 0x7f32dcfc0860>     infinispan-cs  https://github.com/brianfrankcooper/YCSB/tree/master/infinispan
<_io.BytesIO object at 0x7f32dcfc0860>     jdbc           https://github.com/brianfrankcooper/YCSB/tree/master/jdbc
<_io.BytesIO object at 0x7f32dcfc0860>     kudu           https://github.com/brianfrankcooper/YCSB/tree/master/kudu
<_io.BytesIO object at 0x7f32dcfc0860>     maprdb         https://github.com/brianfrankcooper/YCSB/tree/master/maprdb
<_io.BytesIO object at 0x7f32dcfc0860>     maprjsondb     https://github.com/brianfrankcooper/YCSB/tree/master/maprjsondb
<_io.BytesIO object at 0x7f32dcfc0860>     memcached      https://github.com/brianfrankcooper/YCSB/tree/master/memcached
<_io.BytesIO object at 0x7f32dcfc0860>     mongodb        https://github.com/brianfrankcooper/YCSB/tree/master/mongodb
<_io.BytesIO object at 0x7f32dcfc0860>     mongodb-async  https://github.com/brianfrankcooper/YCSB/tree/master/mongodb
<_io.BytesIO object at 0x7f32dcfc0860>     nosqldb        https://github.com/brianfrankcooper/YCSB/tree/master/nosqldb
<_io.BytesIO object at 0x7f32dcfc0860>     orientdb       https://github.com/brianfrankcooper/YCSB/tree/master/orientdb
<_io.BytesIO object at 0x7f32dcfc0860>     rados          https://github.com/brianfrankcooper/YCSB/tree/master/rados
<_io.BytesIO object at 0x7f32dcfc0860>     redis          https://github.com/brianfrankcooper/YCSB/tree/master/redis
<_io.BytesIO object at 0x7f32dcfc0860>     rest           https://github.com/brianfrankcooper/YCSB/tree/master/rest
<_io.BytesIO object at 0x7f32dcfc0860>     riak           https://github.com/brianfrankcooper/YCSB/tree/master/riak
<_io.BytesIO object at 0x7f32dcfc0860>     rocksdb        https://github.com/brianfrankcooper/YCSB/tree/master/rocksdb
<_io.BytesIO object at 0x7f32dcfc0860>     s3             https://github.com/brianfrankcooper/YCSB/tree/master/s3
<_io.BytesIO object at 0x7f32dcfc0860>     solr           https://github.com/brianfrankcooper/YCSB/tree/master/solr
<_io.BytesIO object at 0x7f32dcfc0860>     solr6          https://github.com/brianfrankcooper/YCSB/tree/master/solr6
<_io.BytesIO object at 0x7f32dcfc0860>     tarantool      https://github.com/brianfrankcooper/YCSB/tree/master/tarantool
<_io.BytesIO object at 0x7f32dcfc0860> 
Options:
<_io.BytesIO object at 0x7f32dcfc0860>     -P file        Specify workload file
<_io.BytesIO object at 0x7f32dcfc0860>     -cp path       Additional Java classpath entries
<_io.BytesIO object at 0x7f32dcfc0860>     -jvm-args args Additional arguments to the JVM
<_io.BytesIO object at 0x7f32dcfc0860>     -p key=value   Override workload property
<_io.BytesIO object at 0x7f32dcfc0860>     -s             Print status to stderr
<_io.BytesIO object at 0x7f32dcfc0860>     -target n      Target ops/sec (default: unthrottled)
<_io.BytesIO object at 0x7f32dcfc0860>     -threads n     Number of client threads (default: 1)
<_io.BytesIO object at 0x7f32dcfc0860> 
Workload Files:
    There are various predefined workloads under workloads/ directory.
    See https://github.com/brianfrankcooper/YCSB/wiki/Core-Properties
    for the list of workload properties.
<_io.TextIOWrapper name='<stderr>' mode='w' encoding='utf-8'> [OVERALL], RunTime(ms), 350247
[OVERALL], Throughput(ops/sec), 713781.9881397985
[TOTAL_GCS_PS_Scavenge], Count, 233
[TOTAL_GC_TIME_PS_Scavenge], Time(ms), 2187
[TOTAL_GC_TIME_%_PS_Scavenge], Time(%), 0.6244164832246957
[TOTAL_GCS_PS_MarkSweep], Count, 0
[TOTAL_GC_TIME_PS_MarkSweep], Time(ms), 0
[TOTAL_GC_TIME_%_PS_MarkSweep], Time(%), 0.0
[TOTAL_GCs], Count, 233
[TOTAL_GC_TIME], Time(ms), 2187
[TOTAL_GC_TIME_%], Time(%), 0.6244164832246957
[SCAN-FAILED], Operations, 237500125
[SCAN-FAILED], AverageLatency(us), 1.0782480430273458
[SCAN-FAILED], MinLatency(us), 0
[SCAN-FAILED], MaxLatency(us), 49215
[SCAN-FAILED], 95thPercentileLatency(us), 1
[SCAN-FAILED], 99thPercentileLatency(us), 29
[CLEANUP], Operations, 112
[CLEANUP], AverageLatency(us), 3670.3839285714284
[CLEANUP], MinLatency(us), 163
[CLEANUP], MaxLatency(us), 39327
[CLEANUP], 95thPercentileLatency(us), 10807
[CLEANUP], 99thPercentileLatency(us), 15215
[INSERT], Operations, 12499875
[INSERT], AverageLatency(us), 1901.9220339403394
[INSERT], MinLatency(us), 42
[INSERT], MaxLatency(us), 133503
[INSERT], 95thPercentileLatency(us), 6691
[INSERT], 99thPercentileLatency(us), 9247
[INSERT], Return=OK, 12499875
[SCAN], Operations, 0
[SCAN], AverageLatency(us), NaN
[SCAN], MinLatency(us), 9223372036854775807
[SCAN], MaxLatency(us), 0
[SCAN], 95thPercentileLatency(us), 0
[SCAN], 99thPercentileLatency(us), 0
[SCAN], Return=NOT_IMPLEMENTED, 237500125
java -cp /home/ssd/yi/workloads/ycsb-0.15.0/memcached-binding/conf:/home/ssd/yi/workloads/ycsb-0.15.0/conf:/home/ssd/yi/workloads/ycsb-0.15.0/lib/jackson-mapper-asl-1.9.4.jar:/home/ssd/yi/workloads/ycsb-0.15.0/lib/core-0.15.0.jar:/home/ssd/yi/workloads/ycsb-0.15.0/lib/htrace-core4-4.1.0-incubating.jar:/home/ssd/yi/workloads/ycsb-0.15.0/lib/jackson-core-asl-1.9.4.jar:/home/ssd/yi/workloads/ycsb-0.15.0/lib/HdrHistogram-2.1.4.jar:/home/ssd/yi/workloads/ycsb-0.15.0/memcached-binding/lib/core-0.15.0.jar:/home/ssd/yi/workloads/ycsb-0.15.0/memcached-binding/lib/htrace-core4-4.1.0-incubating.jar:/home/ssd/yi/workloads/ycsb-0.15.0/memcached-binding/lib/log4j-1.2.17.jar:/home/ssd/yi/workloads/ycsb-0.15.0/memcached-binding/lib/spymemcached-2.11.4.jar:/home/ssd/yi/workloads/ycsb-0.15.0/memcached-binding/lib/memcached-binding-0.15.0.jar:/home/ssd/yi/workloads/ycsb-0.15.0/memcached-binding/lib/jackson-mapper-asl-1.9.13.jar:/home/ssd/yi/workloads/ycsb-0.15.0/memcached-binding/lib/jackson-core-asl-1.9.4.jar:/home/ssd/yi/workloads/ycsb-0.15.0/memcached-binding/lib/HdrHistogram-2.1.4.jar com.yahoo.ycsb.Client -db com.yahoo.ycsb.db.MemcachedClient -s -P /home/ssd/yi/workloads/ycsb-0.15.0/workloads/workloade -p memcached.hosts=127.0.0.1 -p memcached.port=11211 -p recordcount=1000000000 -p operationcount=250000000 -threads 112 -t
