Read Time:           9.49653
Graph has 61578415 nodes and 1468364884 directed edges for degree: 23
Trial Time:          10.25915
Trial Time:          10.30070
Trial Time:          10.23415
Trial Time:          10.30911
Trial Time:          10.24604
Trial Time:          10.34674
Trial Time:          10.29169
Trial Time:          10.26068
Trial Time:          10.21273
Trial Time:          10.28178
Trial Time:          10.24440
Trial Time:          10.24288
Trial Time:          10.26554
Trial Time:          10.26913
Trial Time:          10.26596
Trial Time:          10.26507
Trial Time:          10.26268
Trial Time:          10.25623
Trial Time:          10.25508
Trial Time:          10.24235
Average Time:        10.26561
execution time 215.82 (s)
