Read Time:           29.28497
Graph has 50636151 nodes and 1930292948 directed edges for degree: 38
Trial Time:          1.82380
Trial Time:          1.23990
Trial Time:          1.23366
Trial Time:          1.24175
Trial Time:          1.21547
Trial Time:          0.00898
Trial Time:          1.20535
Trial Time:          1.22011
Trial Time:          1.29411
Trial Time:          1.23601
Trial Time:          1.21621
Trial Time:          1.20385
Trial Time:          1.21254
Trial Time:          1.19961
Trial Time:          0.08005
Trial Time:          1.26226
Average Time:        1.11835
execution time 48.40 (s)
