
OPENMP DISPLAY ENVIRONMENT BEGIN
  _OPENMP = '201511'
  [host] OMP_DYNAMIC = 'FALSE'
  [host] OMP_NESTED = 'FALSE'
  [host] OMP_NUM_THREADS = '20'
  [host] OMP_SCHEDULE = 'DYNAMIC'
  [host] OMP_PROC_BIND = 'FALSE'
  [host] OMP_PLACES = ''
  [host] OMP_STACKSIZE = '0'
  [host] OMP_WAIT_POLICY = 'PASSIVE'
  [host] OMP_THREAD_LIMIT = '4294967295'
  [host] OMP_MAX_ACTIVE_LEVELS = '1'
  [host] OMP_NUM_TEAMS = '0'
  [host] OMP_TEAMS_THREAD_LIMIT = '0'
  [all] OMP_CANCELLATION = 'FALSE'
  [all] OMP_DEFAULT_DEVICE = '0'
  [all] OMP_MAX_TASK_PRIORITY = '0'
  [all] OMP_DISPLAY_AFFINITY = 'TRUE'
  [host] OMP_AFFINITY_FORMAT = 'level %L thread %i affinity %A'
  [host] OMP_ALLOCATOR = 'omp_default_mem_alloc'
  [all] OMP_TARGET_OFFLOAD = 'DEFAULT'
  [host] GOMP_CPU_AFFINITY = ''
  [host] GOMP_STACKSIZE = '0'
  [host] GOMP_SPINCOUNT = '300000'
OPENMP DISPLAY ENVIRONMENT END
level 1 thread 0x7fc8e3525c00 affinity 0,2,4,6,8,10,12,14,16,18,20,22,24,26,28,30,32,34,36,38,40,42,44,46,48,50,52,54,56,58,60,62,64,66,68,70,72,74,76,78,80,82,84,86,88,90,92,94,96,98,100,102,104,106,108,110
level 1 thread 0x7fc7491a6700 affinity 0,2,4,6,8,10,12,14,16,18,20,22,24,26,28,30,32,34,36,38,40,42,44,46,48,50,52,54,56,58,60,62,64,66,68,70,72,74,76,78,80,82,84,86,88,90,92,94,96,98,100,102,104,106,108,110
level 1 thread 0x7fc7489a5700 affinity 0,2,4,6,8,10,12,14,16,18,20,22,24,26,28,30,32,34,36,38,40,42,44,46,48,50,52,54,56,58,60,62,64,66,68,70,72,74,76,78,80,82,84,86,88,90,92,94,96,98,100,102,104,106,108,110
level 1 thread 0x7fc7481a4700 affinity 0,2,4,6,8,10,12,14,16,18,20,22,24,26,28,30,32,34,36,38,40,42,44,46,48,50,52,54,56,58,60,62,64,66,68,70,72,74,76,78,80,82,84,86,88,90,92,94,96,98,100,102,104,106,108,110
level 1 thread 0x7fc7479a3700 affinity 0,2,4,6,8,10,12,14,16,18,20,22,24,26,28,30,32,34,36,38,40,42,44,46,48,50,52,54,56,58,60,62,64,66,68,70,72,74,76,78,80,82,84,86,88,90,92,94,96,98,100,102,104,106,108,110
level 1 thread 0x7fc7471a2700 affinity 0,2,4,6,8,10,12,14,16,18,20,22,24,26,28,30,32,34,36,38,40,42,44,46,48,50,52,54,56,58,60,62,64,66,68,70,72,74,76,78,80,82,84,86,88,90,92,94,96,98,100,102,104,106,108,110
level 1 thread 0x7fc7469a1700 affinity 0,2,4,6,8,10,12,14,16,18,20,22,24,26,28,30,32,34,36,38,40,42,44,46,48,50,52,54,56,58,60,62,64,66,68,70,72,74,76,78,80,82,84,86,88,90,92,94,96,98,100,102,104,106,108,110
level 1 thread 0x7fc7461a0700 affinity 0,2,4,6,8,10,12,14,16,18,20,22,24,26,28,30,32,34,36,38,40,42,44,46,48,50,52,54,56,58,60,62,64,66,68,70,72,74,76,78,80,82,84,86,88,90,92,94,96,98,100,102,104,106,108,110
level 1 thread 0x7fc74599f700 affinity 0,2,4,6,8,10,12,14,16,18,20,22,24,26,28,30,32,34,36,38,40,42,44,46,48,50,52,54,56,58,60,62,64,66,68,70,72,74,76,78,80,82,84,86,88,90,92,94,96,98,100,102,104,106,108,110
level 1 thread 0x7fc74519e700 affinity 0,2,4,6,8,10,12,14,16,18,20,22,24,26,28,30,32,34,36,38,40,42,44,46,48,50,52,54,56,58,60,62,64,66,68,70,72,74,76,78,80,82,84,86,88,90,92,94,96,98,100,102,104,106,108,110
level 1 thread 0x7fc74499d700 affinity 0,2,4,6,8,10,12,14,16,18,20,22,24,26,28,30,32,34,36,38,40,42,44,46,48,50,52,54,56,58,60,62,64,66,68,70,72,74,76,78,80,82,84,86,88,90,92,94,96,98,100,102,104,106,108,110
level 1 thread 0x7fc74419c700 affinity 0,2,4,6,8,10,12,14,16,18,20,22,24,26,28,30,32,34,36,38,40,42,44,46,48,50,52,54,56,58,60,62,64,66,68,70,72,74,76,78,80,82,84,86,88,90,92,94,96,98,100,102,104,106,108,110
level 1 thread 0x7fc74399b700 affinity 0,2,4,6,8,10,12,14,16,18,20,22,24,26,28,30,32,34,36,38,40,42,44,46,48,50,52,54,56,58,60,62,64,66,68,70,72,74,76,78,80,82,84,86,88,90,92,94,96,98,100,102,104,106,108,110
level 1 thread 0x7fc74319a700 affinity 0,2,4,6,8,10,12,14,16,18,20,22,24,26,28,30,32,34,36,38,40,42,44,46,48,50,52,54,56,58,60,62,64,66,68,70,72,74,76,78,80,82,84,86,88,90,92,94,96,98,100,102,104,106,108,110
level 1 thread 0x7fc742999700 affinity 0,2,4,6,8,10,12,14,16,18,20,22,24,26,28,30,32,34,36,38,40,42,44,46,48,50,52,54,56,58,60,62,64,66,68,70,72,74,76,78,80,82,84,86,88,90,92,94,96,98,100,102,104,106,108,110
level 1 thread 0x7fc742198700 affinity 0,2,4,6,8,10,12,14,16,18,20,22,24,26,28,30,32,34,36,38,40,42,44,46,48,50,52,54,56,58,60,62,64,66,68,70,72,74,76,78,80,82,84,86,88,90,92,94,96,98,100,102,104,106,108,110
level 1 thread 0x7fc741997700 affinity 0,2,4,6,8,10,12,14,16,18,20,22,24,26,28,30,32,34,36,38,40,42,44,46,48,50,52,54,56,58,60,62,64,66,68,70,72,74,76,78,80,82,84,86,88,90,92,94,96,98,100,102,104,106,108,110
level 1 thread 0x7fc741196700 affinity 0,2,4,6,8,10,12,14,16,18,20,22,24,26,28,30,32,34,36,38,40,42,44,46,48,50,52,54,56,58,60,62,64,66,68,70,72,74,76,78,80,82,84,86,88,90,92,94,96,98,100,102,104,106,108,110
level 1 thread 0x7fc740995700 affinity 0,2,4,6,8,10,12,14,16,18,20,22,24,26,28,30,32,34,36,38,40,42,44,46,48,50,52,54,56,58,60,62,64,66,68,70,72,74,76,78,80,82,84,86,88,90,92,94,96,98,100,102,104,106,108,110
level 1 thread 0x7fc740194700 affinity 0,2,4,6,8,10,12,14,16,18,20,22,24,26,28,30,32,34,36,38,40,42,44,46,48,50,52,54,56,58,60,62,64,66,68,70,72,74,76,78,80,82,84,86,88,90,92,94,96,98,100,102,104,106,108,110
Read Time:           24.85258
Graph has 61578415 nodes and 1468364884 directed edges for degree: 23
Trial Time:          14.20663
Trial Time:          16.33576
Trial Time:          12.45214
Trial Time:          12.05722
Trial Time:          11.95619
Trial Time:          11.92274
Trial Time:          11.93114
Trial Time:          11.88587
Trial Time:          11.90696
Trial Time:          11.88885
Trial Time:          11.86766
Trial Time:          11.85649
Trial Time:          11.87391
Trial Time:          11.87187
Trial Time:          11.89402
Trial Time:          11.88158
Trial Time:          11.85988
Trial Time:          11.85877
Trial Time:          11.86674
Trial Time:          11.85901
Average Time:        12.26167
execution_time 270.15 (s)
