Read Time:           43.48698
Graph has 1073741824 nodes and 17179868903 undirected edges for degree: 15
Trial Time:          12.66580
Trial Time:          11.15857
Trial Time:          10.62880
Trial Time:          10.10841
Trial Time:          9.56884
Trial Time:          8.22291
Trial Time:          7.64047
Trial Time:          6.96971
Trial Time:          6.81803
Trial Time:          7.44736
Trial Time:          7.48768
Trial Time:          7.46624
Trial Time:          7.51041
Trial Time:          7.46282
Trial Time:          7.79184
Trial Time:          7.57025
Trial Time:          7.44010
Trial Time:          7.35890
Trial Time:          7.58756
Trial Time:          7.25163
Average Time:        8.30782
execution time 218.27 (s)
