Read Time:           52.60619
Graph has 1073741824 nodes and 17179868903 undirected edges for degree: 15
Trial Time:          17.69066
Trial Time:          17.32303
Trial Time:          17.44095
Trial Time:          18.21248
Trial Time:          17.36881
Trial Time:          17.30934
Trial Time:          18.26269
Trial Time:          18.45340
Trial Time:          17.31981
Trial Time:          17.54075
Trial Time:          17.76491
Trial Time:          18.88360
Trial Time:          17.75990
Trial Time:          18.87171
Trial Time:          17.78825
Trial Time:          20.50812
Trial Time:          17.29867
Trial Time:          17.70699
Trial Time:          17.80170
Trial Time:          17.32001
Average Time:        17.93129
pid: 51270
execution time 411.62 (s)
