Read Time:           25.74083
Graph has 134217728 nodes and 2147483394 undirected edges for degree: 15
Trial Time:          37.61549
Trial Time:          40.33891
Trial Time:          37.63922
Trial Time:          38.92706
Trial Time:          38.94982
Trial Time:          37.88207
Trial Time:          36.93347
Trial Time:          34.84047
Trial Time:          33.90026
Trial Time:          35.18119
Trial Time:          33.79192
Trial Time:          33.92720
Trial Time:          34.06043
Trial Time:          34.11307
Trial Time:          33.90624
Trial Time:          34.30310
Trial Time:          33.37240
Trial Time:          34.46398
Trial Time:          34.00557
Trial Time:          33.28426
Average Time:        35.57181
execution time 738.12 (s)
