Read Time:           35.23003
Graph has 1073741824 nodes and 17179868903 undirected edges for degree: 15
Trial Time:          16.38954
Trial Time:          16.31329
Trial Time:          16.34729
Trial Time:          16.33164
Trial Time:          16.32741
Trial Time:          16.36733
Trial Time:          16.28218
Trial Time:          16.27067
Trial Time:          16.41666
Trial Time:          16.34573
Trial Time:          16.30884
Trial Time:          16.28855
Trial Time:          16.34239
Trial Time:          16.29653
Trial Time:          16.38427
Trial Time:          16.35462
Trial Time:          16.32211
Trial Time:          16.30423
Trial Time:          16.28965
Trial Time:          16.34828
Average Time:        16.33156
pid: 11677
execution time 362.39 (s)
