Read Time:           35.71803
Graph has 1073741824 nodes and 17179868903 undirected edges for degree: 15
Trial Time:          7.73235
Trial Time:          3.69067
Trial Time:          3.68701
Trial Time:          3.68189
Trial Time:          3.68735
Trial Time:          3.68448
Trial Time:          3.68547
Trial Time:          3.68705
Trial Time:          3.68627
Trial Time:          3.68792
Trial Time:          3.68717
Trial Time:          3.68832
Trial Time:          3.68614
Trial Time:          3.68381
Trial Time:          3.68584
Trial Time:          3.68876
Trial Time:          3.68756
Trial Time:          3.68575
Trial Time:          3.68812
Trial Time:          3.68679
Average Time:        3.88894
pid: 33122
execution time 119.01 (s)
