Read Time:           60.59626
Graph has 50636151 nodes and 1930292948 directed edges for degree: 38
Trial Time:          14.13986
Trial Time:          11.92184
Trial Time:          10.77080
Trial Time:          9.24580
Trial Time:          8.92992
Trial Time:          0.01868
Trial Time:          8.94864
Trial Time:          9.22051
Trial Time:          8.54303
Trial Time:          8.88942
Trial Time:          8.46064
Trial Time:          9.82367
Trial Time:          8.69503
Trial Time:          8.23596
Trial Time:          0.10214
Trial Time:          8.51005
Average Time:        8.40350
execution time 196.93 (s)
