Read Time:           29.52201
Graph has 50636151 nodes and 1930292948 directed edges for degree: 38
Trial Time:          3.45623
Trial Time:          1.36048
Trial Time:          1.47028
Trial Time:          2.42305
Trial Time:          1.62707
Trial Time:          0.00949
Trial Time:          1.53067
Trial Time:          1.58916
Trial Time:          1.57462
Trial Time:          1.63965
Trial Time:          1.64340
Trial Time:          1.53765
Trial Time:          1.65412
Trial Time:          1.64909
Trial Time:          0.02570
Trial Time:          1.66603
Average Time:        1.55354
pid: 52231
execution time 56.25 (s)
