<_io.BytesIO object at 0x7f0eb47975b0> /home/ssd/yi/workloads/ycsb-0.15.0/bin/ycsb command database [options]
<_io.BytesIO object at 0x7f0eb47975b0> 
Commands:
<_io.BytesIO object at 0x7f0eb47975b0>     load           Execute the load phase
<_io.BytesIO object at 0x7f0eb47975b0>     run            Execute the transaction phase
<_io.BytesIO object at 0x7f0eb47975b0>     shell          Interactive mode
<_io.BytesIO object at 0x7f0eb47975b0> 
Databases:
<_io.BytesIO object at 0x7f0eb47975b0>     accumulo       https://github.com/brianfrankcooper/YCSB/tree/master/accumulo
<_io.BytesIO object at 0x7f0eb47975b0>     accumulo1.6    https://github.com/brianfrankcooper/YCSB/tree/master/accumulo1.6
<_io.BytesIO object at 0x7f0eb47975b0>     accumulo1.7    https://github.com/brianfrankcooper/YCSB/tree/master/accumulo1.7
<_io.BytesIO object at 0x7f0eb47975b0>     accumulo1.8    https://github.com/brianfrankcooper/YCSB/tree/master/accumulo1.8
<_io.BytesIO object at 0x7f0eb47975b0>     aerospike      https://github.com/brianfrankcooper/YCSB/tree/master/aerospike
<_io.BytesIO object at 0x7f0eb47975b0>     arangodb       https://github.com/brianfrankcooper/YCSB/tree/master/arangodb
<_io.BytesIO object at 0x7f0eb47975b0>     arangodb3      https://github.com/brianfrankcooper/YCSB/tree/master/arangodb3
<_io.BytesIO object at 0x7f0eb47975b0>     asynchbase     https://github.com/brianfrankcooper/YCSB/tree/master/asynchbase
<_io.BytesIO object at 0x7f0eb47975b0>     azuredocumentdb https://github.com/brianfrankcooper/YCSB/tree/master/azuredocumentdb
<_io.BytesIO object at 0x7f0eb47975b0>     azuretablestorage https://github.com/brianfrankcooper/YCSB/tree/master/azuretablestorage
<_io.BytesIO object at 0x7f0eb47975b0>     basic          https://github.com/brianfrankcooper/YCSB/tree/master/basic
<_io.BytesIO object at 0x7f0eb47975b0>     basicts        https://github.com/brianfrankcooper/YCSB/tree/master/basicts
<_io.BytesIO object at 0x7f0eb47975b0>     cassandra-cql  https://github.com/brianfrankcooper/YCSB/tree/master/cassandra
<_io.BytesIO object at 0x7f0eb47975b0>     cassandra2-cql https://github.com/brianfrankcooper/YCSB/tree/master/cassandra2
<_io.BytesIO object at 0x7f0eb47975b0>     cloudspanner   https://github.com/brianfrankcooper/YCSB/tree/master/cloudspanner
<_io.BytesIO object at 0x7f0eb47975b0>     couchbase      https://github.com/brianfrankcooper/YCSB/tree/master/couchbase
<_io.BytesIO object at 0x7f0eb47975b0>     couchbase2     https://github.com/brianfrankcooper/YCSB/tree/master/couchbase2
<_io.BytesIO object at 0x7f0eb47975b0>     dynamodb       https://github.com/brianfrankcooper/YCSB/tree/master/dynamodb
<_io.BytesIO object at 0x7f0eb47975b0>     elasticsearch  https://github.com/brianfrankcooper/YCSB/tree/master/elasticsearch
<_io.BytesIO object at 0x7f0eb47975b0>     elasticsearch5 https://github.com/brianfrankcooper/YCSB/tree/master/elasticsearch5
<_io.BytesIO object at 0x7f0eb47975b0>     foundationdb   https://github.com/brianfrankcooper/YCSB/tree/master/foundationdb
<_io.BytesIO object at 0x7f0eb47975b0>     geode          https://github.com/brianfrankcooper/YCSB/tree/master/geode
<_io.BytesIO object at 0x7f0eb47975b0>     googlebigtable https://github.com/brianfrankcooper/YCSB/tree/master/googlebigtable
<_io.BytesIO object at 0x7f0eb47975b0>     googledatastore https://github.com/brianfrankcooper/YCSB/tree/master/googledatastore
<_io.BytesIO object at 0x7f0eb47975b0>     hbase098       https://github.com/brianfrankcooper/YCSB/tree/master/hbase098
<_io.BytesIO object at 0x7f0eb47975b0>     hbase10        https://github.com/brianfrankcooper/YCSB/tree/master/hbase10
<_io.BytesIO object at 0x7f0eb47975b0>     hbase12        https://github.com/brianfrankcooper/YCSB/tree/master/hbase12
<_io.BytesIO object at 0x7f0eb47975b0>     hbase14        https://github.com/brianfrankcooper/YCSB/tree/master/hbase14
<_io.BytesIO object at 0x7f0eb47975b0>     hbase20        https://github.com/brianfrankcooper/YCSB/tree/master/hbase20
<_io.BytesIO object at 0x7f0eb47975b0>     hypertable     https://github.com/brianfrankcooper/YCSB/tree/master/hypertable
<_io.BytesIO object at 0x7f0eb47975b0>     ignite         https://github.com/brianfrankcooper/YCSB/tree/master/ignite
<_io.BytesIO object at 0x7f0eb47975b0>     ignite-sql     https://github.com/brianfrankcooper/YCSB/tree/master/ignite
<_io.BytesIO object at 0x7f0eb47975b0>     infinispan     https://github.com/brianfrankcooper/YCSB/tree/master/infinispan
<_io.BytesIO object at 0x7f0eb47975b0>     infinispan-cs  https://github.com/brianfrankcooper/YCSB/tree/master/infinispan
<_io.BytesIO object at 0x7f0eb47975b0>     jdbc           https://github.com/brianfrankcooper/YCSB/tree/master/jdbc
<_io.BytesIO object at 0x7f0eb47975b0>     kudu           https://github.com/brianfrankcooper/YCSB/tree/master/kudu
<_io.BytesIO object at 0x7f0eb47975b0>     maprdb         https://github.com/brianfrankcooper/YCSB/tree/master/maprdb
<_io.BytesIO object at 0x7f0eb47975b0>     maprjsondb     https://github.com/brianfrankcooper/YCSB/tree/master/maprjsondb
<_io.BytesIO object at 0x7f0eb47975b0>     memcached      https://github.com/brianfrankcooper/YCSB/tree/master/memcached
<_io.BytesIO object at 0x7f0eb47975b0>     mongodb        https://github.com/brianfrankcooper/YCSB/tree/master/mongodb
<_io.BytesIO object at 0x7f0eb47975b0>     mongodb-async  https://github.com/brianfrankcooper/YCSB/tree/master/mongodb
<_io.BytesIO object at 0x7f0eb47975b0>     nosqldb        https://github.com/brianfrankcooper/YCSB/tree/master/nosqldb
<_io.BytesIO object at 0x7f0eb47975b0>     orientdb       https://github.com/brianfrankcooper/YCSB/tree/master/orientdb
<_io.BytesIO object at 0x7f0eb47975b0>     rados          https://github.com/brianfrankcooper/YCSB/tree/master/rados
<_io.BytesIO object at 0x7f0eb47975b0>     redis          https://github.com/brianfrankcooper/YCSB/tree/master/redis
<_io.BytesIO object at 0x7f0eb47975b0>     rest           https://github.com/brianfrankcooper/YCSB/tree/master/rest
<_io.BytesIO object at 0x7f0eb47975b0>     riak           https://github.com/brianfrankcooper/YCSB/tree/master/riak
<_io.BytesIO object at 0x7f0eb47975b0>     rocksdb        https://github.com/brianfrankcooper/YCSB/tree/master/rocksdb
<_io.BytesIO object at 0x7f0eb47975b0>     s3             https://github.com/brianfrankcooper/YCSB/tree/master/s3
<_io.BytesIO object at 0x7f0eb47975b0>     solr           https://github.com/brianfrankcooper/YCSB/tree/master/solr
<_io.BytesIO object at 0x7f0eb47975b0>     solr6          https://github.com/brianfrankcooper/YCSB/tree/master/solr6
<_io.BytesIO object at 0x7f0eb47975b0>     tarantool      https://github.com/brianfrankcooper/YCSB/tree/master/tarantool
<_io.BytesIO object at 0x7f0eb47975b0> 
Options:
<_io.BytesIO object at 0x7f0eb47975b0>     -P file        Specify workload file
<_io.BytesIO object at 0x7f0eb47975b0>     -cp path       Additional Java classpath entries
<_io.BytesIO object at 0x7f0eb47975b0>     -jvm-args args Additional arguments to the JVM
<_io.BytesIO object at 0x7f0eb47975b0>     -p key=value   Override workload property
<_io.BytesIO object at 0x7f0eb47975b0>     -s             Print status to stderr
<_io.BytesIO object at 0x7f0eb47975b0>     -target n      Target ops/sec (default: unthrottled)
<_io.BytesIO object at 0x7f0eb47975b0>     -threads n     Number of client threads (default: 1)
<_io.BytesIO object at 0x7f0eb47975b0> 
Workload Files:
    There are various predefined workloads under workloads/ directory.
    See https://github.com/brianfrankcooper/YCSB/wiki/Core-Properties
    for the list of workload properties.
<_io.TextIOWrapper name='<stderr>' mode='w' encoding='utf-8'> <_io.BytesIO object at 0x7f654f3bf5b0> /home/ssd/yi/workloads/ycsb-0.15.0/bin/ycsb command database [options]
<_io.BytesIO object at 0x7f654f3bf5b0> 
Commands:
<_io.BytesIO object at 0x7f654f3bf5b0>     load           Execute the load phase
<_io.BytesIO object at 0x7f654f3bf5b0>     run            Execute the transaction phase
<_io.BytesIO object at 0x7f654f3bf5b0>     shell          Interactive mode
<_io.BytesIO object at 0x7f654f3bf5b0> 
Databases:
<_io.BytesIO object at 0x7f654f3bf5b0>     accumulo       https://github.com/brianfrankcooper/YCSB/tree/master/accumulo
<_io.BytesIO object at 0x7f654f3bf5b0>     accumulo1.6    https://github.com/brianfrankcooper/YCSB/tree/master/accumulo1.6
<_io.BytesIO object at 0x7f654f3bf5b0>     accumulo1.7    https://github.com/brianfrankcooper/YCSB/tree/master/accumulo1.7
<_io.BytesIO object at 0x7f654f3bf5b0>     accumulo1.8    https://github.com/brianfrankcooper/YCSB/tree/master/accumulo1.8
<_io.BytesIO object at 0x7f654f3bf5b0>     aerospike      https://github.com/brianfrankcooper/YCSB/tree/master/aerospike
<_io.BytesIO object at 0x7f654f3bf5b0>     arangodb       https://github.com/brianfrankcooper/YCSB/tree/master/arangodb
<_io.BytesIO object at 0x7f654f3bf5b0>     arangodb3      https://github.com/brianfrankcooper/YCSB/tree/master/arangodb3
<_io.BytesIO object at 0x7f654f3bf5b0>     asynchbase     https://github.com/brianfrankcooper/YCSB/tree/master/asynchbase
<_io.BytesIO object at 0x7f654f3bf5b0>     azuredocumentdb https://github.com/brianfrankcooper/YCSB/tree/master/azuredocumentdb
<_io.BytesIO object at 0x7f654f3bf5b0>     azuretablestorage https://github.com/brianfrankcooper/YCSB/tree/master/azuretablestorage
<_io.BytesIO object at 0x7f654f3bf5b0>     basic          https://github.com/brianfrankcooper/YCSB/tree/master/basic
<_io.BytesIO object at 0x7f654f3bf5b0>     basicts        https://github.com/brianfrankcooper/YCSB/tree/master/basicts
<_io.BytesIO object at 0x7f654f3bf5b0>     cassandra-cql  https://github.com/brianfrankcooper/YCSB/tree/master/cassandra
<_io.BytesIO object at 0x7f654f3bf5b0>     cassandra2-cql https://github.com/brianfrankcooper/YCSB/tree/master/cassandra2
<_io.BytesIO object at 0x7f654f3bf5b0>     cloudspanner   https://github.com/brianfrankcooper/YCSB/tree/master/cloudspanner
<_io.BytesIO object at 0x7f654f3bf5b0>     couchbase      https://github.com/brianfrankcooper/YCSB/tree/master/couchbase
<_io.BytesIO object at 0x7f654f3bf5b0>     couchbase2     https://github.com/brianfrankcooper/YCSB/tree/master/couchbase2
<_io.BytesIO object at 0x7f654f3bf5b0>     dynamodb       https://github.com/brianfrankcooper/YCSB/tree/master/dynamodb
<_io.BytesIO object at 0x7f654f3bf5b0>     elasticsearch  https://github.com/brianfrankcooper/YCSB/tree/master/elasticsearch
<_io.BytesIO object at 0x7f654f3bf5b0>     elasticsearch5 https://github.com/brianfrankcooper/YCSB/tree/master/elasticsearch5
<_io.BytesIO object at 0x7f654f3bf5b0>     foundationdb   https://github.com/brianfrankcooper/YCSB/tree/master/foundationdb
<_io.BytesIO object at 0x7f654f3bf5b0>     geode          https://github.com/brianfrankcooper/YCSB/tree/master/geode
<_io.BytesIO object at 0x7f654f3bf5b0>     googlebigtable https://github.com/brianfrankcooper/YCSB/tree/master/googlebigtable
<_io.BytesIO object at 0x7f654f3bf5b0>     googledatastore https://github.com/brianfrankcooper/YCSB/tree/master/googledatastore
<_io.BytesIO object at 0x7f654f3bf5b0>     hbase098       https://github.com/brianfrankcooper/YCSB/tree/master/hbase098
<_io.BytesIO object at 0x7f654f3bf5b0>     hbase10        https://github.com/brianfrankcooper/YCSB/tree/master/hbase10
<_io.BytesIO object at 0x7f654f3bf5b0>     hbase12        https://github.com/brianfrankcooper/YCSB/tree/master/hbase12
<_io.BytesIO object at 0x7f654f3bf5b0>     hbase14        https://github.com/brianfrankcooper/YCSB/tree/master/hbase14
<_io.BytesIO object at 0x7f654f3bf5b0>     hbase20        https://github.com/brianfrankcooper/YCSB/tree/master/hbase20
<_io.BytesIO object at 0x7f654f3bf5b0>     hypertable     https://github.com/brianfrankcooper/YCSB/tree/master/hypertable
<_io.BytesIO object at 0x7f654f3bf5b0>     ignite         https://github.com/brianfrankcooper/YCSB/tree/master/ignite
<_io.BytesIO object at 0x7f654f3bf5b0>     ignite-sql     https://github.com/brianfrankcooper/YCSB/tree/master/ignite
<_io.BytesIO object at 0x7f654f3bf5b0>     infinispan     https://github.com/brianfrankcooper/YCSB/tree/master/infinispan
<_io.BytesIO object at 0x7f654f3bf5b0>     infinispan-cs  https://github.com/brianfrankcooper/YCSB/tree/master/infinispan
<_io.BytesIO object at 0x7f654f3bf5b0>     jdbc           https://github.com/brianfrankcooper/YCSB/tree/master/jdbc
<_io.BytesIO object at 0x7f654f3bf5b0>     kudu           https://github.com/brianfrankcooper/YCSB/tree/master/kudu
<_io.BytesIO object at 0x7f654f3bf5b0>     maprdb         https://github.com/brianfrankcooper/YCSB/tree/master/maprdb
<_io.BytesIO object at 0x7f654f3bf5b0>     maprjsondb     https://github.com/brianfrankcooper/YCSB/tree/master/maprjsondb
<_io.BytesIO object at 0x7f654f3bf5b0>     memcached      https://github.com/brianfrankcooper/YCSB/tree/master/memcached
<_io.BytesIO object at 0x7f654f3bf5b0>     mongodb        https://github.com/brianfrankcooper/YCSB/tree/master/mongodb
<_io.BytesIO object at 0x7f654f3bf5b0>     mongodb-async  https://github.com/brianfrankcooper/YCSB/tree/master/mongodb
<_io.BytesIO object at 0x7f654f3bf5b0>     nosqldb        https://github.com/brianfrankcooper/YCSB/tree/master/nosqldb
<_io.BytesIO object at 0x7f654f3bf5b0>     orientdb       https://github.com/brianfrankcooper/YCSB/tree/master/orientdb
<_io.BytesIO object at 0x7f654f3bf5b0>     rados          https://github.com/brianfrankcooper/YCSB/tree/master/rados
<_io.BytesIO object at 0x7f654f3bf5b0>     redis          https://github.com/brianfrankcooper/YCSB/tree/master/redis
<_io.BytesIO object at 0x7f654f3bf5b0>     rest           https://github.com/brianfrankcooper/YCSB/tree/master/rest
<_io.BytesIO object at 0x7f654f3bf5b0>     riak           https://github.com/brianfrankcooper/YCSB/tree/master/riak
<_io.BytesIO object at 0x7f654f3bf5b0>     rocksdb        https://github.com/brianfrankcooper/YCSB/tree/master/rocksdb
<_io.BytesIO object at 0x7f654f3bf5b0>     s3             https://github.com/brianfrankcooper/YCSB/tree/master/s3
<_io.BytesIO object at 0x7f654f3bf5b0>     solr           https://github.com/brianfrankcooper/YCSB/tree/master/solr
<_io.BytesIO object at 0x7f654f3bf5b0>     solr6          https://github.com/brianfrankcooper/YCSB/tree/master/solr6
<_io.BytesIO object at 0x7f654f3bf5b0>     tarantool      https://github.com/brianfrankcooper/YCSB/tree/master/tarantool
<_io.BytesIO object at 0x7f654f3bf5b0> 
Options:
<_io.BytesIO object at 0x7f654f3bf5b0>     -P file        Specify workload file
<_io.BytesIO object at 0x7f654f3bf5b0>     -cp path       Additional Java classpath entries
<_io.BytesIO object at 0x7f654f3bf5b0>     -jvm-args args Additional arguments to the JVM
<_io.BytesIO object at 0x7f654f3bf5b0>     -p key=value   Override workload property
<_io.BytesIO object at 0x7f654f3bf5b0>     -s             Print status to stderr
<_io.BytesIO object at 0x7f654f3bf5b0>     -target n      Target ops/sec (default: unthrottled)
<_io.BytesIO object at 0x7f654f3bf5b0>     -threads n     Number of client threads (default: 1)
<_io.BytesIO object at 0x7f654f3bf5b0> 
Workload Files:
    There are various predefined workloads under workloads/ directory.
    See https://github.com/brianfrankcooper/YCSB/wiki/Core-Properties
    for the list of workload properties.
<_io.TextIOWrapper name='<stderr>' mode='w' encoding='utf-8'> [OVERALL], RunTime(ms), 1705639
[OVERALL], Throughput(ops/sec), 73286.31674111579
[TOTAL_GCS_PS_Scavenge], Count, 969
[TOTAL_GC_TIME_PS_Scavenge], Time(ms), 13777
[TOTAL_GC_TIME_%_PS_Scavenge], Time(%), 0.8077324685938818
[TOTAL_GCS_PS_MarkSweep], Count, 0
[TOTAL_GC_TIME_PS_MarkSweep], Time(ms), 0
[TOTAL_GC_TIME_%_PS_MarkSweep], Time(%), 0.0
[TOTAL_GCs], Count, 969
[TOTAL_GC_TIME], Time(ms), 13777
[TOTAL_GC_TIME_%], Time(%), 0.8077324685938818
[READ], Operations, 118751067
[READ], AverageLatency(us), 1442.9172261584815
[READ], MinLatency(us), 23
[READ], MaxLatency(us), 533503
[READ], 95thPercentileLatency(us), 5423
[READ], 99thPercentileLatency(us), 9151
[READ], Return=OK, 118751067
[CLEANUP], Operations, 112
[CLEANUP], AverageLatency(us), 7906.053571428572
[CLEANUP], MinLatency(us), 410
[CLEANUP], MaxLatency(us), 36511
[CLEANUP], 95thPercentileLatency(us), 25071
[CLEANUP], 99thPercentileLatency(us), 34303
[INSERT], Operations, 6248933
[INSERT], AverageLatency(us), 1606.7212922590145
[INSERT], MinLatency(us), 47
[INSERT], MaxLatency(us), 515071
[INSERT], 95thPercentileLatency(us), 5639
[INSERT], 99thPercentileLatency(us), 9535
[INSERT], Return=OK, 6248933
java -cp /home/ssd/yi/workloads/ycsb-0.15.0/memcached-binding/conf:/home/ssd/yi/workloads/ycsb-0.15.0/conf:/home/ssd/yi/workloads/ycsb-0.15.0/lib/jackson-mapper-asl-1.9.4.jar:/home/ssd/yi/workloads/ycsb-0.15.0/lib/core-0.15.0.jar:/home/ssd/yi/workloads/ycsb-0.15.0/lib/htrace-core4-4.1.0-incubating.jar:/home/ssd/yi/workloads/ycsb-0.15.0/lib/jackson-core-asl-1.9.4.jar:/home/ssd/yi/workloads/ycsb-0.15.0/lib/HdrHistogram-2.1.4.jar:/home/ssd/yi/workloads/ycsb-0.15.0/memcached-binding/lib/core-0.15.0.jar:/home/ssd/yi/workloads/ycsb-0.15.0/memcached-binding/lib/htrace-core4-4.1.0-incubating.jar:/home/ssd/yi/workloads/ycsb-0.15.0/memcached-binding/lib/log4j-1.2.17.jar:/home/ssd/yi/workloads/ycsb-0.15.0/memcached-binding/lib/spymemcached-2.11.4.jar:/home/ssd/yi/workloads/ycsb-0.15.0/memcached-binding/lib/memcached-binding-0.15.0.jar:/home/ssd/yi/workloads/ycsb-0.15.0/memcached-binding/lib/jackson-mapper-asl-1.9.13.jar:/home/ssd/yi/workloads/ycsb-0.15.0/memcached-binding/lib/jackson-core-asl-1.9.4.jar:/home/ssd/yi/workloads/ycsb-0.15.0/memcached-binding/lib/HdrHistogram-2.1.4.jar com.yahoo.ycsb.Client -db com.yahoo.ycsb.db.MemcachedClient -s -P /home/ssd/yi/workloads/ycsb-0.15.0/workloads/workloadd -p memcached.hosts=127.0.0.1 -p memcached.port=11211 -p recordcount=1000000000 -p operationcount=125000000 -threads 112 -t
[OVERALL], RunTime(ms), 1492663
[OVERALL], Throughput(ops/sec), 83742.94800634838
[TOTAL_GCS_PS_Scavenge], Count, 1047
[TOTAL_GC_TIME_PS_Scavenge], Time(ms), 11325
[TOTAL_GC_TIME_%_PS_Scavenge], Time(%), 0.7587111089375164
[TOTAL_GCS_PS_MarkSweep], Count, 0
[TOTAL_GC_TIME_PS_MarkSweep], Time(ms), 0
[TOTAL_GC_TIME_%_PS_MarkSweep], Time(%), 0.0
[TOTAL_GCs], Count, 1047
[TOTAL_GC_TIME], Time(ms), 11325
[TOTAL_GC_TIME_%], Time(%), 0.7587111089375164
[READ], Operations, 118750967
[READ], AverageLatency(us), 1235.7629164063985
[READ], MinLatency(us), 24
[READ], MaxLatency(us), 80639
[READ], 95thPercentileLatency(us), 4387
[READ], 99thPercentileLatency(us), 6711
[READ], Return=OK, 118750967
[CLEANUP], Operations, 112
[CLEANUP], AverageLatency(us), 7817.821428571428
[CLEANUP], MinLatency(us), 232
[CLEANUP], MaxLatency(us), 29631
[CLEANUP], 95thPercentileLatency(us), 21071
[CLEANUP], 99thPercentileLatency(us), 26111
[INSERT], Operations, 6249033
[INSERT], AverageLatency(us), 1334.1827956421419
[INSERT], MinLatency(us), 40
[INSERT], MaxLatency(us), 85503
[INSERT], 95thPercentileLatency(us), 4447
[INSERT], 99thPercentileLatency(us), 6727
[INSERT], Return=OK, 6249033
java -cp /home/ssd/yi/workloads/ycsb-0.15.0/memcached-binding/conf:/home/ssd/yi/workloads/ycsb-0.15.0/conf:/home/ssd/yi/workloads/ycsb-0.15.0/lib/jackson-mapper-asl-1.9.4.jar:/home/ssd/yi/workloads/ycsb-0.15.0/lib/core-0.15.0.jar:/home/ssd/yi/workloads/ycsb-0.15.0/lib/htrace-core4-4.1.0-incubating.jar:/home/ssd/yi/workloads/ycsb-0.15.0/lib/jackson-core-asl-1.9.4.jar:/home/ssd/yi/workloads/ycsb-0.15.0/lib/HdrHistogram-2.1.4.jar:/home/ssd/yi/workloads/ycsb-0.15.0/memcached-binding/lib/core-0.15.0.jar:/home/ssd/yi/workloads/ycsb-0.15.0/memcached-binding/lib/htrace-core4-4.1.0-incubating.jar:/home/ssd/yi/workloads/ycsb-0.15.0/memcached-binding/lib/log4j-1.2.17.jar:/home/ssd/yi/workloads/ycsb-0.15.0/memcached-binding/lib/spymemcached-2.11.4.jar:/home/ssd/yi/workloads/ycsb-0.15.0/memcached-binding/lib/memcached-binding-0.15.0.jar:/home/ssd/yi/workloads/ycsb-0.15.0/memcached-binding/lib/jackson-mapper-asl-1.9.13.jar:/home/ssd/yi/workloads/ycsb-0.15.0/memcached-binding/lib/jackson-core-asl-1.9.4.jar:/home/ssd/yi/workloads/ycsb-0.15.0/memcached-binding/lib/HdrHistogram-2.1.4.jar com.yahoo.ycsb.Client -db com.yahoo.ycsb.db.MemcachedClient -s -P /home/ssd/yi/workloads/ycsb-0.15.0/workloads/workloadd -p memcached.hosts=127.0.0.1 -p memcached.port=11211 -p recordcount=1000000000 -p operationcount=125000000 -threads 112 -t
