Read Time:           21.32614
Graph has 50636151 nodes and 1930292948 directed edges for degree: 38
Trial Time:          1.37233
Trial Time:          1.37104
Trial Time:          1.37580
Trial Time:          1.36704
Trial Time:          1.35686
Trial Time:          0.00891
Trial Time:          1.35414
Trial Time:          1.35673
Trial Time:          1.36270
Trial Time:          1.36190
Trial Time:          1.36308
Trial Time:          1.36128
Trial Time:          1.36927
Trial Time:          1.37025
Trial Time:          0.02202
Trial Time:          1.37552
Average Time:        1.19680
pid: 52801
execution time 41.78 (s)
