Read Time:           42.51919
Graph has 1073741824 nodes and 17179868903 undirected edges for degree: 15
Trial Time:          3.26321
Trial Time:          3.26119
Trial Time:          3.77909
Trial Time:          4.01821
Trial Time:          4.13488
Trial Time:          4.56993
Trial Time:          4.70747
Trial Time:          4.70740
Trial Time:          4.72272
Trial Time:          4.71833
Trial Time:          4.71990
Trial Time:          4.71355
Trial Time:          4.71383
Trial Time:          4.71200
Trial Time:          4.75703
Trial Time:          4.72528
Trial Time:          4.72791
Trial Time:          4.69650
Trial Time:          4.71261
Trial Time:          4.71219
Average Time:        4.45366
pid: 57896
execution time 132.03 (s)
