Read Time:           125.91125
Graph has 536870911 nodes and 8493563827 undirected edges for degree: 15
Trial Time:          5.65441
Trial Time:          4.31096
Trial Time:          0.33743
Trial Time:          1.94432
Trial Time:          1.66614
Trial Time:          1.73516
Trial Time:          1.61869
Trial Time:          1.76167
Trial Time:          1.45323
Trial Time:          1.42043
Trial Time:          0.31847
Trial Time:          2.31107
Trial Time:          2.25810
Trial Time:          0.32556
Trial Time:          0.32256
Trial Time:          0.32173
Average Time:        1.73500
pid: 8683
execution time 154.01 (s)
