Read Time:           10.98918
Graph has 61578415 nodes and 1468364884 directed edges for degree: 23
Trial Time:          10.04808
Trial Time:          10.04980
Trial Time:          10.05445
Trial Time:          10.05796
Trial Time:          10.03753
Trial Time:          10.06473
Trial Time:          10.06043
Trial Time:          10.03437
Trial Time:          10.04239
Trial Time:          10.04008
Trial Time:          10.06274
Trial Time:          10.02839
Trial Time:          10.05917
Trial Time:          10.06158
Trial Time:          10.03124
Trial Time:          10.05537
Trial Time:          10.06166
Trial Time:          10.06922
Trial Time:          10.07886
Trial Time:          10.06866
Average Time:        10.05334
execution time 213.08 (s)
