Read Time:           128.49582
Graph has 536870911 nodes and 8493563827 undirected edges for degree: 15
Trial Time:          3.38720
Trial Time:          2.41667
Trial Time:          0.50386
Trial Time:          1.72401
Trial Time:          1.58819
Trial Time:          1.52847
Trial Time:          1.48336
Trial Time:          1.55382
Trial Time:          1.26556
Trial Time:          1.22364
Trial Time:          0.31866
Trial Time:          2.07823
Trial Time:          2.12062
Trial Time:          0.31413
Trial Time:          0.31663
Trial Time:          0.32164
Average Time:        1.38404
pid: 10140
execution time 151.71 (s)
