Read Time:           7.64103
Graph has 61578415 nodes and 1468364884 directed edges for degree: 23
Trial Time:          13.20779
Trial Time:          13.22465
Trial Time:          13.21225
Trial Time:          12.48526
Trial Time:          12.59371
Trial Time:          12.41414
Trial Time:          12.39600
Trial Time:          12.37313
Trial Time:          12.37893
Trial Time:          12.37624
Trial Time:          12.35824
Trial Time:          12.54596
Trial Time:          12.44541
Trial Time:          12.43765
Trial Time:          12.79376
Trial Time:          12.73869
Trial Time:          12.52847
Trial Time:          12.37788
Trial Time:          12.67032
Trial Time:          20.26878
Average Time:        12.99136
pid: 48059
execution time 268.35 (s)
