Read Time:           8.12929
Graph has 61578415 nodes and 1468364884 directed edges for degree: 23
Trial Time:          12.26187
Trial Time:          12.15462
Trial Time:          12.14875
Trial Time:          12.14874
Trial Time:          12.15474
Trial Time:          12.16866
Trial Time:          12.17603
Trial Time:          12.20513
Trial Time:          12.18236
Trial Time:          12.16525
Trial Time:          12.15848
Trial Time:          12.17555
Trial Time:          12.15344
Trial Time:          12.16134
Trial Time:          12.16085
Trial Time:          12.19017
Trial Time:          12.17035
Trial Time:          12.16057
Trial Time:          12.14511
Trial Time:          12.14908
Average Time:        12.16955
pid: 6134
execution time 252.43 (s)
