Read Time:           51.71591
Graph has 50636151 nodes and 1930292948 directed edges for degree: 38
Trial Time:          0.95737
Trial Time:          0.94569
Trial Time:          0.93922
Trial Time:          0.93077
Trial Time:          0.92273
Trial Time:          0.00972
Trial Time:          0.92276
Trial Time:          0.92280
Trial Time:          0.92866
Trial Time:          0.92811
Trial Time:          0.92540
Trial Time:          0.93455
Trial Time:          0.92946
Trial Time:          0.92989
Trial Time:          0.03598
Trial Time:          0.94304
Average Time:        0.81913
execution time 65.92 (s)
