Read Time:           42.95662
Graph has 536870912 nodes and 8589934333 undirected edges for degree: 15
Trial Time:          7.54568
Trial Time:          9.28143
Trial Time:          9.16120
Trial Time:          9.72899
Trial Time:          9.62744
Trial Time:          9.60469
Trial Time:          8.41514
Trial Time:          8.43428
Trial Time:          8.43837
Trial Time:          7.98338
Trial Time:          8.97002
Trial Time:          8.75082
Trial Time:          8.95445
Trial Time:          9.79365
Trial Time:          10.06037
Trial Time:          10.00539
Trial Time:          10.15798
Trial Time:          12.68383
Trial Time:          14.23674
Trial Time:          15.17427
Average Time:        9.85041
execution time 245.63 (s)
