Read Time:           70.26623
Graph has 1073741824 nodes and 17179868903 undirected edges for degree: 15
Trial Time:          6.41605
Trial Time:          3.33494
Trial Time:          3.34540
Trial Time:          3.33159
Trial Time:          3.32984
Trial Time:          3.32127
Trial Time:          3.32465
Trial Time:          3.34149
Trial Time:          3.31474
Trial Time:          3.33779
Trial Time:          3.32401
Trial Time:          3.31723
Trial Time:          3.32594
Trial Time:          3.30802
Trial Time:          3.33372
Trial Time:          3.31421
Trial Time:          3.32295
Trial Time:          3.32531
Trial Time:          3.31660
Trial Time:          3.32937
Average Time:        3.48076
execution time 146.81 (s)
