Read Time:           26.22203
Graph has 50636151 nodes and 1930292948 directed edges for degree: 38
Trial Time:          2.10894
Trial Time:          1.20132
Trial Time:          1.20044
Trial Time:          1.17959
Trial Time:          1.19294
Trial Time:          0.00775
Trial Time:          1.17685
Trial Time:          1.17488
Trial Time:          1.18672
Trial Time:          1.18668
Trial Time:          1.19541
Trial Time:          1.17714
Trial Time:          1.17354
Trial Time:          1.17194
Trial Time:          0.07586
Trial Time:          1.22241
Average Time:        1.10202
execution time 45.05 (s)
