Read Time:           39.06625
Graph has 134217728 nodes and 2147483394 undirected edges for degree: 15
Trial Time:          39.25786
Trial Time:          39.10901
Trial Time:          38.29500
Trial Time:          37.03248
Trial Time:          37.78872
Trial Time:          35.97944
Trial Time:          34.93234
Trial Time:          42.05744
Trial Time:          39.18823
Trial Time:          41.18572
Trial Time:          38.72055
Trial Time:          39.37981
Trial Time:          39.43974
Trial Time:          38.19159
Trial Time:          37.74334
Trial Time:          36.85941
Trial Time:          34.78783
Trial Time:          35.91267
Trial Time:          35.46899
Trial Time:          35.14198
Average Time:        37.82361
execution time 796.78 (s)
