Read Time:           21.74592
Graph has 61578415 nodes and 1468364884 directed edges for degree: 23
Trial Time:          25.22493
Trial Time:          22.64996
Trial Time:          22.57330
Trial Time:          22.63495
Trial Time:          22.49234
Trial Time:          22.79250
Trial Time:          22.43234
Trial Time:          22.32727
Trial Time:          22.15764
Trial Time:          22.15578
Trial Time:          22.10416
Trial Time:          22.20866
Trial Time:          21.98472
Trial Time:          22.30969
Trial Time:          22.00567
Trial Time:          22.19184
Trial Time:          22.03499
Trial Time:          21.95034
Trial Time:          21.77627
Trial Time:          22.14363
Average Time:        22.40755
execution time 470.87 (s)
