<_io.BytesIO object at 0x7fb02c0bfa40> /home/ssd/yi/workloads/ycsb-0.15.0/bin/ycsb command database [options]
<_io.BytesIO object at 0x7fb02c0bfa40> 
Commands:
<_io.BytesIO object at 0x7fb02c0bfa40>     load           Execute the load phase
<_io.BytesIO object at 0x7fb02c0bfa40>     run            Execute the transaction phase
<_io.BytesIO object at 0x7fb02c0bfa40>     shell          Interactive mode
<_io.BytesIO object at 0x7fb02c0bfa40> 
Databases:
<_io.BytesIO object at 0x7fb02c0bfa40>     accumulo       https://github.com/brianfrankcooper/YCSB/tree/master/accumulo
<_io.BytesIO object at 0x7fb02c0bfa40>     accumulo1.6    https://github.com/brianfrankcooper/YCSB/tree/master/accumulo1.6
<_io.BytesIO object at 0x7fb02c0bfa40>     accumulo1.7    https://github.com/brianfrankcooper/YCSB/tree/master/accumulo1.7
<_io.BytesIO object at 0x7fb02c0bfa40>     accumulo1.8    https://github.com/brianfrankcooper/YCSB/tree/master/accumulo1.8
<_io.BytesIO object at 0x7fb02c0bfa40>     aerospike      https://github.com/brianfrankcooper/YCSB/tree/master/aerospike
<_io.BytesIO object at 0x7fb02c0bfa40>     arangodb       https://github.com/brianfrankcooper/YCSB/tree/master/arangodb
<_io.BytesIO object at 0x7fb02c0bfa40>     arangodb3      https://github.com/brianfrankcooper/YCSB/tree/master/arangodb3
<_io.BytesIO object at 0x7fb02c0bfa40>     asynchbase     https://github.com/brianfrankcooper/YCSB/tree/master/asynchbase
<_io.BytesIO object at 0x7fb02c0bfa40>     azuredocumentdb https://github.com/brianfrankcooper/YCSB/tree/master/azuredocumentdb
<_io.BytesIO object at 0x7fb02c0bfa40>     azuretablestorage https://github.com/brianfrankcooper/YCSB/tree/master/azuretablestorage
<_io.BytesIO object at 0x7fb02c0bfa40>     basic          https://github.com/brianfrankcooper/YCSB/tree/master/basic
<_io.BytesIO object at 0x7fb02c0bfa40>     basicts        https://github.com/brianfrankcooper/YCSB/tree/master/basicts
<_io.BytesIO object at 0x7fb02c0bfa40>     cassandra-cql  https://github.com/brianfrankcooper/YCSB/tree/master/cassandra
<_io.BytesIO object at 0x7fb02c0bfa40>     cassandra2-cql https://github.com/brianfrankcooper/YCSB/tree/master/cassandra2
<_io.BytesIO object at 0x7fb02c0bfa40>     cloudspanner   https://github.com/brianfrankcooper/YCSB/tree/master/cloudspanner
<_io.BytesIO object at 0x7fb02c0bfa40>     couchbase      https://github.com/brianfrankcooper/YCSB/tree/master/couchbase
<_io.BytesIO object at 0x7fb02c0bfa40>     couchbase2     https://github.com/brianfrankcooper/YCSB/tree/master/couchbase2
<_io.BytesIO object at 0x7fb02c0bfa40>     dynamodb       https://github.com/brianfrankcooper/YCSB/tree/master/dynamodb
<_io.BytesIO object at 0x7fb02c0bfa40>     elasticsearch  https://github.com/brianfrankcooper/YCSB/tree/master/elasticsearch
<_io.BytesIO object at 0x7fb02c0bfa40>     elasticsearch5 https://github.com/brianfrankcooper/YCSB/tree/master/elasticsearch5
<_io.BytesIO object at 0x7fb02c0bfa40>     foundationdb   https://github.com/brianfrankcooper/YCSB/tree/master/foundationdb
<_io.BytesIO object at 0x7fb02c0bfa40>     geode          https://github.com/brianfrankcooper/YCSB/tree/master/geode
<_io.BytesIO object at 0x7fb02c0bfa40>     googlebigtable https://github.com/brianfrankcooper/YCSB/tree/master/googlebigtable
<_io.BytesIO object at 0x7fb02c0bfa40>     googledatastore https://github.com/brianfrankcooper/YCSB/tree/master/googledatastore
<_io.BytesIO object at 0x7fb02c0bfa40>     hbase098       https://github.com/brianfrankcooper/YCSB/tree/master/hbase098
<_io.BytesIO object at 0x7fb02c0bfa40>     hbase10        https://github.com/brianfrankcooper/YCSB/tree/master/hbase10
<_io.BytesIO object at 0x7fb02c0bfa40>     hbase12        https://github.com/brianfrankcooper/YCSB/tree/master/hbase12
<_io.BytesIO object at 0x7fb02c0bfa40>     hbase14        https://github.com/brianfrankcooper/YCSB/tree/master/hbase14
<_io.BytesIO object at 0x7fb02c0bfa40>     hbase20        https://github.com/brianfrankcooper/YCSB/tree/master/hbase20
<_io.BytesIO object at 0x7fb02c0bfa40>     hypertable     https://github.com/brianfrankcooper/YCSB/tree/master/hypertable
<_io.BytesIO object at 0x7fb02c0bfa40>     ignite         https://github.com/brianfrankcooper/YCSB/tree/master/ignite
<_io.BytesIO object at 0x7fb02c0bfa40>     ignite-sql     https://github.com/brianfrankcooper/YCSB/tree/master/ignite
<_io.BytesIO object at 0x7fb02c0bfa40>     infinispan     https://github.com/brianfrankcooper/YCSB/tree/master/infinispan
<_io.BytesIO object at 0x7fb02c0bfa40>     infinispan-cs  https://github.com/brianfrankcooper/YCSB/tree/master/infinispan
<_io.BytesIO object at 0x7fb02c0bfa40>     jdbc           https://github.com/brianfrankcooper/YCSB/tree/master/jdbc
<_io.BytesIO object at 0x7fb02c0bfa40>     kudu           https://github.com/brianfrankcooper/YCSB/tree/master/kudu
<_io.BytesIO object at 0x7fb02c0bfa40>     maprdb         https://github.com/brianfrankcooper/YCSB/tree/master/maprdb
<_io.BytesIO object at 0x7fb02c0bfa40>     maprjsondb     https://github.com/brianfrankcooper/YCSB/tree/master/maprjsondb
<_io.BytesIO object at 0x7fb02c0bfa40>     memcached      https://github.com/brianfrankcooper/YCSB/tree/master/memcached
<_io.BytesIO object at 0x7fb02c0bfa40>     mongodb        https://github.com/brianfrankcooper/YCSB/tree/master/mongodb
<_io.BytesIO object at 0x7fb02c0bfa40>     mongodb-async  https://github.com/brianfrankcooper/YCSB/tree/master/mongodb
<_io.BytesIO object at 0x7fb02c0bfa40>     nosqldb        https://github.com/brianfrankcooper/YCSB/tree/master/nosqldb
<_io.BytesIO object at 0x7fb02c0bfa40>     orientdb       https://github.com/brianfrankcooper/YCSB/tree/master/orientdb
<_io.BytesIO object at 0x7fb02c0bfa40>     rados          https://github.com/brianfrankcooper/YCSB/tree/master/rados
<_io.BytesIO object at 0x7fb02c0bfa40>     redis          https://github.com/brianfrankcooper/YCSB/tree/master/redis
<_io.BytesIO object at 0x7fb02c0bfa40>     rest           https://github.com/brianfrankcooper/YCSB/tree/master/rest
<_io.BytesIO object at 0x7fb02c0bfa40>     riak           https://github.com/brianfrankcooper/YCSB/tree/master/riak
<_io.BytesIO object at 0x7fb02c0bfa40>     rocksdb        https://github.com/brianfrankcooper/YCSB/tree/master/rocksdb
<_io.BytesIO object at 0x7fb02c0bfa40>     s3             https://github.com/brianfrankcooper/YCSB/tree/master/s3
<_io.BytesIO object at 0x7fb02c0bfa40>     solr           https://github.com/brianfrankcooper/YCSB/tree/master/solr
<_io.BytesIO object at 0x7fb02c0bfa40>     solr6          https://github.com/brianfrankcooper/YCSB/tree/master/solr6
<_io.BytesIO object at 0x7fb02c0bfa40>     tarantool      https://github.com/brianfrankcooper/YCSB/tree/master/tarantool
<_io.BytesIO object at 0x7fb02c0bfa40> 
Options:
<_io.BytesIO object at 0x7fb02c0bfa40>     -P file        Specify workload file
<_io.BytesIO object at 0x7fb02c0bfa40>     -cp path       Additional Java classpath entries
<_io.BytesIO object at 0x7fb02c0bfa40>     -jvm-args args Additional arguments to the JVM
<_io.BytesIO object at 0x7fb02c0bfa40>     -p key=value   Override workload property
<_io.BytesIO object at 0x7fb02c0bfa40>     -s             Print status to stderr
<_io.BytesIO object at 0x7fb02c0bfa40>     -target n      Target ops/sec (default: unthrottled)
<_io.BytesIO object at 0x7fb02c0bfa40>     -threads n     Number of client threads (default: 1)
<_io.BytesIO object at 0x7fb02c0bfa40> 
Workload Files:
    There are various predefined workloads under workloads/ directory.
    See https://github.com/brianfrankcooper/YCSB/wiki/Core-Properties
    for the list of workload properties.
<_io.TextIOWrapper name='<stderr>' mode='w' encoding='UTF-8'> java -cp /home/ssd/yi/workloads/ycsb-0.15.0/memcached-binding/conf:/home/ssd/yi/workloads/ycsb-0.15.0/conf:/home/ssd/yi/workloads/ycsb-0.15.0/lib/jackson-mapper-asl-1.9.4.jar:/home/ssd/yi/workloads/ycsb-0.15.0/lib/core-0.15.0.jar:/home/ssd/yi/workloads/ycsb-0.15.0/lib/htrace-core4-4.1.0-incubating.jar:/home/ssd/yi/workloads/ycsb-0.15.0/lib/jackson-core-asl-1.9.4.jar:/home/ssd/yi/workloads/ycsb-0.15.0/lib/HdrHistogram-2.1.4.jar:/home/ssd/yi/workloads/ycsb-0.15.0/memcached-binding/lib/core-0.15.0.jar:/home/ssd/yi/workloads/ycsb-0.15.0/memcached-binding/lib/htrace-core4-4.1.0-incubating.jar:/home/ssd/yi/workloads/ycsb-0.15.0/memcached-binding/lib/log4j-1.2.17.jar:/home/ssd/yi/workloads/ycsb-0.15.0/memcached-binding/lib/spymemcached-2.11.4.jar:/home/ssd/yi/workloads/ycsb-0.15.0/memcached-binding/lib/memcached-binding-0.15.0.jar:/home/ssd/yi/workloads/ycsb-0.15.0/memcached-binding/lib/jackson-mapper-asl-1.9.13.jar:/home/ssd/yi/workloads/ycsb-0.15.0/memcached-binding/lib/jackson-core-asl-1.9.4.jar:/home/ssd/yi/workloads/ycsb-0.15.0/memcached-binding/lib/HdrHistogram-2.1.4.jar com.yahoo.ycsb.Client -db com.yahoo.ycsb.db.MemcachedClient -s -P /home/ssd/yi/workloads/ycsb-0.15.0/workloads/workloade -p memcached.hosts=127.0.0.1 -p memcached.port=11211 -p recordcount=1000000000 -p operationcount=250000000 -threads 112 -t[OVERALL], RunTime(ms), 225040
[OVERALL], Throughput(ops/sec), 1110913.6153572698
[TOTAL_GCS_PS_Scavenge], Count, 356
[TOTAL_GC_TIME_PS_Scavenge], Time(ms), 1846
[TOTAL_GC_TIME_%_PS_Scavenge], Time(%), 0.820298613579808
[TOTAL_GCS_PS_MarkSweep], Count, 0
[TOTAL_GC_TIME_PS_MarkSweep], Time(ms), 0
[TOTAL_GC_TIME_%_PS_MarkSweep], Time(%), 0.0
[TOTAL_GCs], Count, 356
[TOTAL_GC_TIME], Time(ms), 1846
[TOTAL_GC_TIME_%], Time(%), 0.820298613579808
[SCAN-FAILED], Operations, 237499515
[SCAN-FAILED], AverageLatency(us), 0.04945732204968924
[SCAN-FAILED], MinLatency(us), 0
[SCAN-FAILED], MaxLatency(us), 8655
[SCAN-FAILED], 95thPercentileLatency(us), 0
[SCAN-FAILED], 99thPercentileLatency(us), 1
[CLEANUP], Operations, 112
[CLEANUP], AverageLatency(us), 5758.919642857143
[CLEANUP], MinLatency(us), 173
[CLEANUP], MaxLatency(us), 65791
[CLEANUP], 95thPercentileLatency(us), 15127
[CLEANUP], 99thPercentileLatency(us), 29743
[INSERT], Operations, 12500485
[INSERT], AverageLatency(us), 1762.0567360386417
[INSERT], MinLatency(us), 50
[INSERT], MaxLatency(us), 2062335
[INSERT], 95thPercentileLatency(us), 9199
[INSERT], 99thPercentileLatency(us), 18895
[INSERT], Return=OK, 12500485
[SCAN], Operations, 0
[SCAN], AverageLatency(us), NaN
[SCAN], MinLatency(us), 9223372036854775807
[SCAN], MaxLatency(us), 0
[SCAN], 95thPercentileLatency(us), 0
[SCAN], 99thPercentileLatency(us), 0
[SCAN], Return=NOT_IMPLEMENTED, 237499515

