Read Time:           26.98378
Graph has 61578415 nodes and 1468364884 directed edges for degree: 23
Trial Time:          9.58610
Trial Time:          9.56672
Trial Time:          9.53979
Trial Time:          9.75577
Trial Time:          9.64114
Trial Time:          9.63034
Trial Time:          9.61073
Trial Time:          9.56816
Trial Time:          9.56805
Trial Time:          9.62547
Trial Time:          9.58009
Trial Time:          9.55889
Trial Time:          9.53931
Trial Time:          9.55733
Trial Time:          9.57237
Trial Time:          9.56047
Trial Time:          9.52855
Trial Time:          9.54471
Trial Time:          9.56368
Trial Time:          9.52837
Average Time:        9.58130
execution time 219.18 (s)
