Read Time:           31.88130
Graph has 50636151 nodes and 1930292948 directed edges for degree: 38
Trial Time:          0.99089
Trial Time:          0.95791
Trial Time:          0.96514
Trial Time:          0.95732
Trial Time:          0.95261
Trial Time:          0.01115
Trial Time:          0.94412
Trial Time:          0.94988
Trial Time:          0.95630
Trial Time:          0.95791
Trial Time:          0.95732
Trial Time:          0.96736
Trial Time:          0.96253
Trial Time:          0.96196
Trial Time:          0.03822
Trial Time:          0.97242
Average Time:        0.84394
execution time 47.14 (s)
