Read Time:           19.02234
Graph has 61578415 nodes and 1468364884 directed edges for degree: 23
Trial Time:          24.69059
Trial Time:          24.91965
Trial Time:          28.38772
Trial Time:          24.55891
Trial Time:          21.66158
Trial Time:          21.97252
Trial Time:          22.55489
Trial Time:          35.72471
Trial Time:          48.01681
Trial Time:          48.00982
Trial Time:          54.09691
Trial Time:          54.67639
Trial Time:          56.01579
Trial Time:          55.82274
Trial Time:          57.16427
Trial Time:          56.63197
Trial Time:          60.31180
Trial Time:          59.47997
Trial Time:          61.32543
Trial Time:          63.85492
Average Time:        43.99387
execution time 899.91 (s)
