Read Time:           24.26277
Graph has 50636151 nodes and 1930292948 directed edges for degree: 38
Trial Time:          1.00826
Trial Time:          0.99891
Trial Time:          1.00284
Trial Time:          0.99754
Trial Time:          0.99171
Trial Time:          0.00650
Trial Time:          0.99342
Trial Time:          0.99435
Trial Time:          0.99637
Trial Time:          0.99632
Trial Time:          0.99720
Trial Time:          1.00141
Trial Time:          1.00331
Trial Time:          1.00064
Trial Time:          0.02316
Trial Time:          1.00722
Average Time:        0.87620
pid: 23524
execution time 38.88 (s)
