Read Time:           47.68560
Graph has 50636151 nodes and 1930292948 directed edges for degree: 38
Trial Time:          12.84683
Trial Time:          6.42992
Trial Time:          2.20847
Trial Time:          2.10537
Trial Time:          1.73474
Trial Time:          0.00739
Trial Time:          1.32545
Trial Time:          1.30295
Trial Time:          1.32003
Trial Time:          1.33025
Trial Time:          1.37234
Trial Time:          1.26965
Trial Time:          1.27519
Trial Time:          1.24663
Trial Time:          0.07959
Trial Time:          1.28663
Average Time:        2.32134
execution time 87.09 (s)
