Read Time:           33.80518
Graph has 1073741824 nodes and 17179868903 undirected edges for degree: 15
Trial Time:          11.57185
Trial Time:          8.46218
Trial Time:          8.45559
Trial Time:          9.34367
Trial Time:          5.19582
Trial Time:          5.18501
Trial Time:          5.18374
Trial Time:          5.19531
Trial Time:          5.18702
Trial Time:          5.32473
Trial Time:          4.86295
Trial Time:          4.87933
Trial Time:          4.86006
Trial Time:          4.87358
Trial Time:          4.86811
Trial Time:          4.86346
Trial Time:          4.88218
Trial Time:          4.22536
Trial Time:          4.24879
Trial Time:          4.22815
Average Time:        5.79485
pid: 6043
execution time 149.98 (s)
