Read Time:           25.35908
Graph has 1073741824 nodes and 17179868903 undirected edges for degree: 15
Trial Time:          2.77161
Trial Time:          2.75104
Trial Time:          2.81227
Trial Time:          2.75057
Trial Time:          2.74317
Trial Time:          2.74164
Trial Time:          2.74364
Trial Time:          2.74218
Trial Time:          2.74127
Trial Time:          2.74443
Trial Time:          2.74485
Trial Time:          2.74386
Trial Time:          2.74811
Trial Time:          2.80098
Trial Time:          2.73560
Trial Time:          2.70679
Trial Time:          2.71727
Trial Time:          2.70947
Trial Time:          2.71780
Trial Time:          2.70548
Average Time:        2.74360
pid: 8110
execution time 80.50 (s)
