Read Time:           42.18667
Graph has 50636151 nodes and 1930292948 directed edges for degree: 38
Trial Time:          4.39803
Trial Time:          4.31891
Trial Time:          4.35273
Trial Time:          4.34858
Trial Time:          4.31695
Trial Time:          0.15286
Trial Time:          4.30291
Trial Time:          4.31818
Trial Time:          4.31311
Trial Time:          4.34058
Trial Time:          4.40435
Trial Time:          5.62918
Trial Time:          4.36887
Trial Time:          4.12223
Trial Time:          0.18198
Trial Time:          4.09878
Average Time:        3.87301
pid: 45663
execution time 104.28 (s)
