Read Time:           28.71545
Graph has 50636151 nodes and 1930292948 directed edges for degree: 38
Trial Time:          45.89930
Trial Time:          45.60146
Trial Time:          46.75349
Trial Time:          45.33797
Trial Time:          45.31262
Trial Time:          0.04930
Trial Time:          45.51202
Trial Time:          45.13516
Trial Time:          46.37161
Trial Time:          47.77707
Trial Time:          46.17513
Trial Time:          46.34786
Trial Time:          46.35025
Trial Time:          46.29800
Trial Time:          7.72519
Trial Time:          51.14437
Average Time:        41.11193
pid: 52534
execution time 688.20 (s)
