Read Time:           13.80210
Graph has 61578415 nodes and 1468364884 directed edges for degree: 23
Trial Time:          9.20774
Trial Time:          63.73041
Trial Time:          69.87460
Trial Time:          52.36060
Trial Time:          8.47870
Trial Time:          8.54221
Trial Time:          8.37650
Trial Time:          9.07373
Trial Time:          8.07511
Trial Time:          8.26031
Trial Time:          8.09189
Trial Time:          8.11790
Trial Time:          8.12050
Trial Time:          8.08057
Trial Time:          8.05691
Trial Time:          8.15313
Trial Time:          8.06771
Trial Time:          8.51982
Trial Time:          8.08766
Trial Time:          8.10596
Average Time:        16.36910
pid: 4367
execution time 341.25 (s)
